<?xml version="1.0" encoding="UTF-8"?>
<coverage generated="1787860337392" clover="3.2.0">
  <project timestamp="1787860337392" name="All files">
    <metrics statements="1064" coveredstatements="1005" conditionals="706" coveredconditionals="581" methods="283" coveredmethods="259" elements="2053" coveredelements="1845" complexity="0" loc="1064" ncloc="1064" packages="11" files="38" classes="38"/>
    <package name="components">
      <metrics statements="203" coveredstatements="202" conditionals="225" coveredconditionals="193" methods="79" coveredmethods="77"/>
      <file name="CustomAlertModal.tsx" path="/Users/nickpiscopio/Documents/workarea/nick/interval/src/components/CustomAlertModal.tsx">
        <metrics statements="43" coveredstatements="43" conditionals="34" coveredconditionals="32" methods="8" coveredmethods="8"/>
        <line num="43" count="36" type="stmt"/>
        <line num="44" count="36" type="stmt"/>
        <line num="46" count="36" type="stmt"/>
        <line num="47" count="35" type="cond" truecount="2" falsecount="0"/>
        <line num="49" count="15" type="stmt"/>
        <line num="51" count="15" type="stmt"/>
        <line num="66" count="20" type="stmt"/>
        <line num="67" count="20" type="stmt"/>
        <line num="71" count="36" type="cond" truecount="4" falsecount="0"/>
        <line num="72" count="20" type="stmt"/>
        <line num="81" count="16" type="stmt"/>
        <line num="85" count="16" type="cond" truecount="7" falsecount="0"/>
        <line num="87" count="3" type="stmt"/>
        <line num="93" count="4" type="stmt"/>
        <line num="99" count="3" type="stmt"/>
        <line num="105" count="2" type="stmt"/>
        <line num="111" count="1" type="stmt"/>
        <line num="118" count="3" type="stmt"/>
        <line num="126" count="16" type="stmt"/>
        <line num="129" count="1" type="cond" truecount="1" falsecount="1"/>
        <line num="130" count="1" type="stmt"/>
        <line num="131" count="1" type="cond" truecount="3" falsecount="1"/>
        <line num="132" count="1" type="stmt"/>
        <line num="134" count="1" type="stmt"/>
        <line num="138" count="7" type="stmt"/>
        <line num="139" count="7" type="stmt"/>
        <line num="140" count="7" type="cond" truecount="2" falsecount="0"/>
        <line num="141" count="6" type="stmt"/>
        <line num="145" count="16" type="stmt"/>
        <line num="147" count="16" type="stmt"/>
        <line num="178" count="20" type="stmt"/>
        <line num="179" count="20" type="stmt"/>
        <line num="181" count="20" type="stmt"/>
        <line num="182" count="20" type="stmt"/>
        <line num="184" count="20" type="cond" truecount="2" falsecount="0"/>
        <line num="185" count="4" type="stmt"/>
        <line num="186" count="4" type="stmt"/>
        <line num="187" count="16" type="cond" truecount="2" falsecount="0"/>
        <line num="188" count="5" type="stmt"/>
        <line num="189" count="5" type="stmt"/>
        <line num="192" count="20" type="stmt"/>
        <line num="201" count="7" type="stmt"/>
        <line num="216" count="5" type="stmt"/>
      </file>
      <file name="ExerciseDetailModal.tsx" path="/Users/nickpiscopio/Documents/workarea/nick/interval/src/components/ExerciseDetailModal.tsx">
        <metrics statements="21" coveredstatements="21" conditionals="26" coveredconditionals="20" methods="7" coveredmethods="7"/>
        <line num="24" count="6" type="stmt"/>
        <line num="45" count="34" type="cond" truecount="2" falsecount="0"/>
        <line num="48" count="3" type="stmt"/>
        <line num="49" count="3" type="cond" truecount="1" falsecount="1"/>
        <line num="50" count="3" type="stmt"/>
        <line num="52" count="3" type="stmt"/>
        <line num="56" count="3" type="stmt"/>
        <line num="57" count="3" type="cond" truecount="1" falsecount="1"/>
        <line num="58" count="3" type="stmt"/>
        <line num="60" count="3" type="stmt"/>
        <line num="64" count="2" type="stmt"/>
        <line num="65" count="2" type="cond" truecount="1" falsecount="1"/>
        <line num="66" count="2" type="stmt"/>
        <line num="68" count="2" type="stmt"/>
        <line num="71" count="7" type="stmt"/>
        <line num="80" count="7" type="cond" truecount="1" falsecount="1"/>
        <line num="82" count="7" type="stmt"/>
        <line num="146" count="14" type="stmt"/>
        <line num="165" count="14" type="stmt"/>
        <line num="192" count="26" type="stmt"/>
        <line num="250" count="6" type="stmt"/>
      </file>
      <file name="ExerciseLibraryView.tsx" path="/Users/nickpiscopio/Documents/workarea/nick/interval/src/components/ExerciseLibraryView.tsx">
        <metrics statements="49" coveredstatements="49" conditionals="63" coveredconditionals="57" methods="19" coveredmethods="19"/>
        <line num="33" count="3" type="stmt"/>
        <line num="48" count="17" type="stmt"/>
        <line num="49" count="17" type="stmt"/>
        <line num="50" count="17" type="stmt"/>
        <line num="51" count="17" type="stmt"/>
        <line num="53" count="17" type="stmt"/>
        <line num="54" count="4" type="stmt"/>
        <line num="57" count="17" type="stmt"/>
        <line num="58" count="10" type="stmt"/>
        <line num="60" count="10" type="stmt"/>
        <line num="62" count="720" type="cond" truecount="4" falsecount="0"/>
        <line num="63" count="120" type="stmt"/>
        <line num="67" count="600" type="cond" truecount="2" falsecount="0"/>
        <line num="68" count="32" type="cond" truecount="4" falsecount="0"/>
        <line num="69" count="27" type="stmt"/>
        <line num="74" count="573" type="cond" truecount="2" falsecount="0"/>
        <line num="76" count="144" type="stmt"/>
        <line num="77" count="144" type="cond" truecount="1" falsecount="1"/>
        <line num="78" count="144" type="cond" truecount="1" falsecount="1"/>
        <line num="79" count="386" type="stmt"/>
        <line num="81" count="144" type="cond" truecount="1" falsecount="1"/>
        <line num="82" count="328" type="stmt"/>
        <line num="83" count="328" type="cond" truecount="2" falsecount="0"/>
        <line num="85" count="144" type="stmt"/>
        <line num="86" count="472" type="stmt"/>
        <line num="89" count="144" type="cond" truecount="5" falsecount="0"/>
        <line num="94" count="3" type="stmt"/>
        <line num="95" count="3" type="stmt"/>
        <line num="98" count="17" type="stmt"/>
        <line num="107" count="17" type="stmt"/>
        <line num="125" count="1" type="stmt"/>
        <line num="141" count="119" type="stmt"/>
        <line num="142" count="119" type="stmt"/>
        <line num="143" count="119" type="stmt"/>
        <line num="152" count="1" type="stmt"/>
        <line num="153" count="1" type="stmt"/>
        <line num="194" count="1" type="stmt"/>
        <line num="195" count="1" type="stmt"/>
        <line num="209" count="204" type="stmt"/>
        <line num="210" count="204" type="stmt"/>
        <line num="218" count="1" type="stmt"/>
        <line num="219" count="1" type="stmt"/>
        <line num="252" count="197" type="stmt"/>
        <line num="256" count="146" type="cond" truecount="1" falsecount="1"/>
        <line num="257" count="146" type="stmt"/>
        <line num="261" count="3" type="stmt"/>
        <line num="298" count="261" type="stmt"/>
        <line num="330" count="3" type="stmt"/>
        <line num="338" count="3" type="stmt"/>
      </file>
      <file name="ExercisePickerModal.tsx" path="/Users/nickpiscopio/Documents/workarea/nick/interval/src/components/ExercisePickerModal.tsx">
        <metrics statements="45" coveredstatements="44" conditionals="58" coveredconditionals="52" methods="19" coveredmethods="18"/>
        <line num="36" count="3" type="stmt"/>
        <line num="39" count="54" type="stmt"/>
        <line num="40" count="54" type="stmt"/>
        <line num="41" count="54" type="stmt"/>
        <line num="42" count="54" type="stmt"/>
        <line num="44" count="54" type="stmt"/>
        <line num="45" count="16" type="stmt"/>
        <line num="48" count="54" type="stmt"/>
        <line num="49" count="21" type="stmt"/>
        <line num="51" count="21" type="stmt"/>
        <line num="53" count="1512" type="cond" truecount="4" falsecount="0"/>
        <line num="54" count="142" type="stmt"/>
        <line num="58" count="1370" type="cond" truecount="2" falsecount="0"/>
        <line num="59" count="32" type="cond" truecount="4" falsecount="0"/>
        <line num="60" count="27" type="stmt"/>
        <line num="65" count="1343" type="cond" truecount="2" falsecount="0"/>
        <line num="67" count="144" type="stmt"/>
        <line num="68" count="144" type="cond" truecount="1" falsecount="1"/>
        <line num="69" count="386" type="cond" truecount="1" falsecount="1"/>
        <line num="70" count="144" type="cond" truecount="1" falsecount="1"/>
        <line num="71" count="328" type="stmt"/>
        <line num="72" count="328" type="cond" truecount="2" falsecount="0"/>
        <line num="74" count="472" type="stmt"/>
        <line num="76" count="144" type="cond" truecount="5" falsecount="0"/>
        <line num="81" count="2" type="stmt"/>
        <line num="82" count="2" type="stmt"/>
        <line num="83" count="2" type="stmt"/>
        <line num="86" count="54" type="stmt"/>
        <line num="95" count="54" type="stmt"/>
        <line num="124" count="0" type="stmt"/>
        <line num="134" count="378" type="stmt"/>
        <line num="135" count="378" type="stmt"/>
        <line num="136" count="378" type="stmt"/>
        <line num="144" count="2" type="stmt"/>
        <line num="175" count="1" type="stmt"/>
        <line num="183" count="648" type="stmt"/>
        <line num="184" count="648" type="stmt"/>
        <line num="188" count="1" type="stmt"/>
        <line num="209" count="156" type="stmt"/>
        <line num="211" count="113" type="stmt"/>
        <line num="213" count="116" type="cond" truecount="1" falsecount="1"/>
        <line num="214" count="116" type="stmt"/>
        <line num="217" count="2" type="stmt"/>
        <line num="259" count="2" type="stmt"/>
        <line num="267" count="3" type="stmt"/>
      </file>
      <file name="ImageButton.tsx" path="/Users/nickpiscopio/Documents/workarea/nick/interval/src/components/ImageButton.tsx">
        <metrics statements="7" coveredstatements="7" conditionals="10" coveredconditionals="6" methods="6" coveredmethods="6"/>
        <line num="23" count="1" type="stmt"/>
        <line num="27" count="2" type="cond" truecount="1" falsecount="1"/>
        <line num="33" count="1" type="stmt"/>
        <line num="41" count="2" type="stmt"/>
        <line num="48" count="1" type="stmt"/>
        <line num="52" count="1" type="stmt"/>
        <line num="77" count="1" type="stmt"/>
      </file>
      <file name="Input.tsx" path="/Users/nickpiscopio/Documents/workarea/nick/interval/src/components/Input.tsx">
        <metrics statements="4" coveredstatements="4" conditionals="5" coveredconditionals="4" methods="2" coveredmethods="2"/>
        <line num="25" count="2" type="stmt"/>
        <line num="28" count="1" type="stmt"/>
        <line num="31" count="2" type="stmt"/>
        <line num="50" count="1" type="stmt"/>
      </file>
      <file name="IntervalInput.tsx" path="/Users/nickpiscopio/Documents/workarea/nick/interval/src/components/IntervalInput.tsx">
        <metrics statements="6" coveredstatements="6" conditionals="0" coveredconditionals="0" methods="3" coveredmethods="3"/>
        <line num="13" count="3" type="stmt"/>
        <line num="14" count="3" type="stmt"/>
        <line num="17" count="1" type="stmt"/>
        <line num="21" count="1" type="stmt"/>
        <line num="24" count="3" type="stmt"/>
        <line num="42" count="1" type="stmt"/>
      </file>
      <file name="LegalDisclaimerModal.tsx" path="/Users/nickpiscopio/Documents/workarea/nick/interval/src/components/LegalDisclaimerModal.tsx">
        <metrics statements="9" coveredstatements="9" conditionals="19" coveredconditionals="16" methods="4" coveredmethods="3"/>
        <line num="36" count="2" type="stmt"/>
        <line num="37" count="2" type="cond" truecount="1" falsecount="1"/>
        <line num="38" count="2" type="stmt"/>
        <line num="43" count="2" type="stmt"/>
        <line num="44" count="2" type="cond" truecount="1" falsecount="1"/>
        <line num="45" count="2" type="stmt"/>
        <line num="49" count="62" type="stmt"/>
        <line num="51" count="62" type="stmt"/>
        <line num="194" count="3" type="stmt"/>
      </file>
      <file name="PrimaryButton.tsx" path="/Users/nickpiscopio/Documents/workarea/nick/interval/src/components/PrimaryButton.tsx">
        <metrics statements="7" coveredstatements="7" conditionals="6" coveredconditionals="3" methods="6" coveredmethods="6"/>
        <line num="19" count="1" type="stmt"/>
        <line num="24" count="1" type="cond" truecount="1" falsecount="1"/>
        <line num="28" count="1" type="cond" truecount="1" falsecount="1"/>
        <line num="32" count="1" type="cond" truecount="1" falsecount="1"/>
        <line num="37" count="1" type="stmt"/>
        <line num="41" count="1" type="stmt"/>
        <line num="62" count="1" type="stmt"/>
      </file>
      <file name="Spacer.tsx" path="/Users/nickpiscopio/Documents/workarea/nick/interval/src/components/Spacer.tsx">
        <metrics statements="2" coveredstatements="2" conditionals="0" coveredconditionals="0" methods="1" coveredmethods="1"/>
        <line num="4" count="1" type="stmt"/>
        <line num="7" count="1" type="stmt"/>
      </file>
      <file name="StyledText.tsx" path="/Users/nickpiscopio/Documents/workarea/nick/interval/src/components/StyledText.tsx">
        <metrics statements="1" coveredstatements="1" conditionals="0" coveredconditionals="0" methods="1" coveredmethods="1"/>
        <line num="10" count="1" type="stmt"/>
      </file>
      <file name="Themed.tsx" path="/Users/nickpiscopio/Documents/workarea/nick/interval/src/components/Themed.tsx">
        <metrics statements="9" coveredstatements="9" conditionals="4" coveredconditionals="3" methods="3" coveredmethods="3"/>
        <line num="13" count="8" type="stmt"/>
        <line num="14" count="8" type="cond" truecount="1" falsecount="1"/>
        <line num="16" count="8" type="cond" truecount="2" falsecount="0"/>
        <line num="17" count="2" type="stmt"/>
        <line num="30" count="1563" type="stmt"/>
        <line num="32" count="1563" type="stmt"/>
        <line num="36" count="6" type="stmt"/>
        <line num="37" count="6" type="stmt"/>
        <line num="39" count="6" type="stmt"/>
      </file>
    </package>
    <package name="constants">
      <metrics statements="54" coveredstatements="54" conditionals="8" coveredconditionals="6" methods="6" coveredmethods="6"/>
      <file name="Colors.ts" path="/Users/nickpiscopio/Documents/workarea/nick/interval/src/constants/Colors.ts">
        <metrics statements="31" coveredstatements="31" conditionals="0" coveredconditionals="0" methods="0" coveredmethods="0"/>
        <line num="1" count="17" type="stmt"/>
        <line num="2" count="17" type="stmt"/>
        <line num="3" count="17" type="stmt"/>
        <line num="6" count="17" type="stmt"/>
        <line num="7" count="17" type="stmt"/>
        <line num="10" count="17" type="stmt"/>
        <line num="11" count="17" type="stmt"/>
        <line num="14" count="17" type="stmt"/>
        <line num="15" count="17" type="stmt"/>
        <line num="18" count="17" type="stmt"/>
        <line num="19" count="17" type="stmt"/>
        <line num="20" count="17" type="stmt"/>
        <line num="21" count="17" type="stmt"/>
        <line num="24" count="17" type="stmt"/>
        <line num="25" count="17" type="stmt"/>
        <line num="26" count="17" type="stmt"/>
        <line num="29" count="17" type="stmt"/>
        <line num="30" count="17" type="stmt"/>
        <line num="31" count="17" type="stmt"/>
        <line num="34" count="17" type="stmt"/>
        <line num="35" count="17" type="stmt"/>
        <line num="36" count="17" type="stmt"/>
        <line num="37" count="17" type="stmt"/>
        <line num="38" count="17" type="stmt"/>
        <line num="39" count="17" type="stmt"/>
        <line num="42" count="17" type="stmt"/>
        <line num="43" count="17" type="stmt"/>
        <line num="44" count="17" type="stmt"/>
        <line num="45" count="17" type="stmt"/>
        <line num="48" count="17" type="stmt"/>
        <line num="49" count="17" type="stmt"/>
      </file>
      <file name="FontSize.ts" path="/Users/nickpiscopio/Documents/workarea/nick/interval/src/constants/FontSize.ts">
        <metrics statements="3" coveredstatements="3" conditionals="0" coveredconditionals="0" methods="0" coveredmethods="0"/>
        <line num="1" count="17" type="stmt"/>
        <line num="7" count="17" type="stmt"/>
        <line num="19" count="17" type="stmt"/>
      </file>
      <file name="Layout.ts" path="/Users/nickpiscopio/Documents/workarea/nick/interval/src/constants/Layout.ts">
        <metrics statements="2" coveredstatements="2" conditionals="0" coveredconditionals="0" methods="0" coveredmethods="0"/>
        <line num="3" count="1" type="stmt"/>
        <line num="4" count="1" type="stmt"/>
      </file>
      <file name="Sounds.ts" path="/Users/nickpiscopio/Documents/workarea/nick/interval/src/constants/Sounds.ts">
        <metrics statements="3" coveredstatements="3" conditionals="0" coveredconditionals="0" methods="0" coveredmethods="0"/>
        <line num="1" count="1" type="stmt"/>
        <line num="2" count="1" type="stmt"/>
        <line num="3" count="1" type="stmt"/>
      </file>
      <file name="Spacing.ts" path="/Users/nickpiscopio/Documents/workarea/nick/interval/src/constants/Spacing.ts">
        <metrics statements="3" coveredstatements="3" conditionals="0" coveredconditionals="0" methods="0" coveredmethods="0"/>
        <line num="1" count="18" type="stmt"/>
        <line num="13" count="18" type="stmt"/>
        <line num="21" count="18" type="stmt"/>
      </file>
      <file name="badges.ts" path="/Users/nickpiscopio/Documents/workarea/nick/interval/src/constants/badges.ts">
        <metrics statements="3" coveredstatements="3" conditionals="0" coveredconditionals="0" methods="2" coveredmethods="2"/>
        <line num="4" count="7" type="stmt"/>
        <line num="318" count="193" type="stmt"/>
        <line num="330" count="1" type="stmt"/>
      </file>
      <file name="defaultTimers.ts" path="/Users/nickpiscopio/Documents/workarea/nick/interval/src/constants/defaultTimers.ts">
        <metrics statements="1" coveredstatements="1" conditionals="0" coveredconditionals="0" methods="0" coveredmethods="0"/>
        <line num="3" count="3" type="stmt"/>
      </file>
      <file name="exerciseCatalog.ts" path="/Users/nickpiscopio/Documents/workarea/nick/interval/src/constants/exerciseCatalog.ts">
        <metrics statements="8" coveredstatements="8" conditionals="8" coveredconditionals="6" methods="4" coveredmethods="4"/>
        <line num="10" count="10" type="stmt"/>
        <line num="25" count="10" type="stmt"/>
        <line num="1094" count="1547" type="stmt"/>
        <line num="1095" count="1547" type="cond" truecount="1" falsecount="1"/>
        <line num="1097" count="1547" type="stmt"/>
        <line num="1109" count="1" type="stmt"/>
        <line num="1116" count="697" type="stmt"/>
        <line num="1123" count="1785" type="stmt"/>
      </file>
    </package>
    <package name="context">
      <metrics statements="15" coveredstatements="14" conditionals="2" coveredconditionals="2" methods="5" coveredmethods="4"/>
      <file name="AlertContext.tsx" path="/Users/nickpiscopio/Documents/workarea/nick/interval/src/context/AlertContext.tsx">
        <metrics statements="15" coveredstatements="14" conditionals="2" coveredconditionals="2" methods="5" coveredmethods="4"/>
        <line num="9" count="4" type="stmt"/>
        <line num="12" count="26" type="stmt"/>
        <line num="13" count="26" type="stmt"/>
        <line num="15" count="26" type="stmt"/>
        <line num="16" count="7" type="stmt"/>
        <line num="17" count="7" type="stmt"/>
        <line num="20" count="26" type="stmt"/>
        <line num="21" count="5" type="stmt"/>
        <line num="22" count="5" type="stmt"/>
        <line num="23" count="0" type="stmt"/>
        <line num="27" count="26" type="stmt"/>
        <line num="40" count="61" type="stmt"/>
        <line num="41" count="60" type="cond" truecount="2" falsecount="0"/>
        <line num="42" count="2" type="stmt"/>
        <line num="44" count="58" type="stmt"/>
      </file>
    </package>
    <package name="enum">
      <metrics statements="22" coveredstatements="22" conditionals="4" coveredconditionals="4" methods="2" coveredmethods="2"/>
      <file name="IntervalImage.tsx" path="/Users/nickpiscopio/Documents/workarea/nick/interval/src/enum/IntervalImage.tsx">
        <metrics statements="3" coveredstatements="3" conditionals="0" coveredconditionals="0" methods="0" coveredmethods="0"/>
        <line num="6" count="2" type="stmt"/>
        <line num="7" count="2" type="stmt"/>
        <line num="10" count="2" type="stmt"/>
      </file>
      <file name="IntervalImageGradient.tsx" path="/Users/nickpiscopio/Documents/workarea/nick/interval/src/enum/IntervalImageGradient.tsx">
        <metrics statements="19" coveredstatements="19" conditionals="4" coveredconditionals="4" methods="2" coveredmethods="2"/>
        <line num="17" count="2" type="stmt"/>
        <line num="41" count="8" type="stmt"/>
        <line num="43" count="8" type="stmt"/>
        <line num="50" count="16" type="stmt"/>
        <line num="51" count="16" type="stmt"/>
        <line num="53" count="16" type="cond" truecount="4" falsecount="0"/>
        <line num="55" count="4" type="stmt"/>
        <line num="56" count="4" type="stmt"/>
        <line num="57" count="4" type="stmt"/>
        <line num="59" count="4" type="stmt"/>
        <line num="60" count="4" type="stmt"/>
        <line num="61" count="4" type="stmt"/>
        <line num="63" count="4" type="stmt"/>
        <line num="64" count="4" type="stmt"/>
        <line num="65" count="4" type="stmt"/>
        <line num="67" count="4" type="stmt"/>
        <line num="68" count="4" type="stmt"/>
        <line num="69" count="4" type="stmt"/>
        <line num="72" count="16" type="stmt"/>
      </file>
    </package>
    <package name="hooks">
      <metrics statements="11" coveredstatements="10" conditionals="0" coveredconditionals="0" methods="4" coveredmethods="4"/>
      <file name="useCachedResources.ts" path="/Users/nickpiscopio/Documents/workarea/nick/interval/src/hooks/useCachedResources.ts">
        <metrics statements="10" coveredstatements="9" conditionals="0" coveredconditionals="0" methods="3" coveredmethods="3"/>
        <line num="7" count="2" type="stmt"/>
        <line num="10" count="2" type="stmt"/>
        <line num="12" count="1" type="stmt"/>
        <line num="13" count="1" type="stmt"/>
        <line num="16" count="1" type="stmt"/>
        <line num="25" count="0" type="stmt"/>
        <line num="27" count="1" type="stmt"/>
        <line num="28" count="1" type="stmt"/>
        <line num="32" count="1" type="stmt"/>
        <line num="35" count="2" type="stmt"/>
      </file>
      <file name="useColorScheme.ts" path="/Users/nickpiscopio/Documents/workarea/nick/interval/src/hooks/useColorScheme.ts">
        <metrics statements="1" coveredstatements="1" conditionals="0" coveredconditionals="0" methods="1" coveredmethods="1"/>
        <line num="7" count="9" type="stmt"/>
      </file>
    </package>
    <package name="i18n">
      <metrics statements="12" coveredstatements="11" conditionals="6" coveredconditionals="4" methods="3" coveredmethods="3"/>
      <file name="index.ts" path="/Users/nickpiscopio/Documents/workarea/nick/interval/src/i18n/index.ts">
        <metrics statements="12" coveredstatements="11" conditionals="6" coveredconditionals="4" methods="3" coveredmethods="3"/>
        <line num="8" count="17" type="stmt"/>
        <line num="14" count="17" type="stmt"/>
        <line num="17" count="17" type="stmt"/>
        <line num="18" count="17" type="stmt"/>
        <line num="21" count="17" type="stmt"/>
        <line num="22" count="17" type="cond" truecount="3" falsecount="1"/>
        <line num="23" count="17" type="cond" truecount="1" falsecount="1"/>
        <line num="24" count="17" type="stmt"/>
        <line num="26" count="0" type="stmt"/>
        <line num="34" count="10718" type="stmt"/>
        <line num="41" count="4" type="stmt"/>
        <line num="48" count="3" type="stmt"/>
      </file>
    </package>
    <package name="model">
      <metrics statements="2" coveredstatements="2" conditionals="3" coveredconditionals="3" methods="2" coveredmethods="2"/>
      <file name="Interval.ts" path="/Users/nickpiscopio/Documents/workarea/nick/interval/src/model/Interval.ts">
        <metrics statements="2" coveredstatements="2" conditionals="3" coveredconditionals="3" methods="2" coveredmethods="2"/>
        <line num="12" count="79" type="stmt"/>
        <line num="19" count="5" type="stmt"/>
      </file>
    </package>
    <package name="navigation">
      <metrics statements="3" coveredstatements="3" conditionals="0" coveredconditionals="0" methods="2" coveredmethods="2"/>
      <file name="index.tsx" path="/Users/nickpiscopio/Documents/workarea/nick/interval/src/navigation/index.tsx">
        <metrics statements="3" coveredstatements="3" conditionals="0" coveredconditionals="0" methods="2" coveredmethods="2"/>
        <line num="26" count="1" type="stmt"/>
        <line num="37" count="1" type="stmt"/>
        <line num="40" count="1" type="stmt"/>
      </file>
    </package>
    <package name="screens">
      <metrics statements="534" coveredstatements="493" conditionals="340" coveredconditionals="266" methods="156" coveredmethods="136"/>
      <file name="AwardsScreen.tsx" path="/Users/nickpiscopio/Documents/workarea/nick/interval/src/screens/AwardsScreen.tsx">
        <metrics statements="52" coveredstatements="49" conditionals="36" coveredconditionals="31" methods="14" coveredmethods="13"/>
        <line num="26" count="10" type="stmt"/>
        <line num="27" count="10" type="stmt"/>
        <line num="28" count="10" type="stmt"/>
        <line num="30" count="10" type="stmt"/>
        <line num="31" count="3" type="stmt"/>
        <line num="35" count="5" type="stmt"/>
        <line num="39" count="5" type="stmt"/>
        <line num="40" count="5" type="stmt"/>
        <line num="44" count="1" type="stmt"/>
        <line num="45" count="1" type="stmt"/>
        <line num="49" count="1" type="stmt"/>
        <line num="50" count="1" type="stmt"/>
        <line num="51" count="1" type="stmt"/>
        <line num="53" count="1" type="cond" truecount="3" falsecount="1"/>
        <line num="54" count="1" type="stmt"/>
        <line num="62" count="1" type="stmt"/>
        <line num="67" count="1" type="cond" truecount="1" falsecount="1"/>
        <line num="68" count="1" type="stmt"/>
        <line num="69" count="1" type="stmt"/>
        <line num="70" count="1" type="stmt"/>
        <line num="71" count="1" type="cond" truecount="1" falsecount="1"/>
        <line num="72" count="1" type="stmt"/>
        <line num="73" count="1" type="stmt"/>
        <line num="77" count="0" type="stmt"/>
        <line num="82" count="1" type="stmt"/>
        <line num="83" count="1" type="stmt"/>
        <line num="84" count="1" type="stmt"/>
        <line num="85" count="1" type="stmt"/>
        <line num="90" count="1" type="stmt"/>
        <line num="95" count="1" type="cond" truecount="1" falsecount="1"/>
        <line num="96" count="1" type="stmt"/>
        <line num="97" count="1" type="stmt"/>
        <line num="98" count="1" type="stmt"/>
        <line num="99" count="1" type="cond" truecount="1" falsecount="1"/>
        <line num="100" count="1" type="stmt"/>
        <line num="101" count="1" type="stmt"/>
        <line num="105" count="0" type="stmt"/>
        <line num="110" count="10" type="stmt"/>
        <line num="111" count="10" type="stmt"/>
        <line num="112" count="10" type="cond" truecount="2" falsecount="0"/>
        <line num="113" count="1" type="stmt"/>
        <line num="115" count="9" type="stmt"/>
        <line num="118" count="210" type="stmt"/>
        <line num="120" count="10" type="stmt"/>
        <line num="127" count="1" type="stmt"/>
        <line num="207" count="210" type="stmt"/>
        <line num="208" count="210" type="stmt"/>
        <line num="213" count="1" type="stmt"/>
        <line num="255" count="0" type="stmt"/>
        <line num="261" count="1" type="stmt"/>
        <line num="287" count="1" type="stmt"/>
        <line num="311" count="2" type="stmt"/>
      </file>
      <file name="CompletionScreen.tsx" path="/Users/nickpiscopio/Documents/workarea/nick/interval/src/screens/CompletionScreen.tsx">
        <metrics statements="75" coveredstatements="68" conditionals="31" coveredconditionals="21" methods="22" coveredmethods="20"/>
        <line num="30" count="12" type="stmt"/>
        <line num="32" count="12" type="stmt"/>
        <line num="33" count="12" type="stmt"/>
        <line num="34" count="12" type="stmt"/>
        <line num="37" count="24" type="stmt"/>
        <line num="41" count="13" type="stmt"/>
        <line num="42" count="13" type="stmt"/>
        <line num="43" count="13" type="cond" truecount="1" falsecount="1"/>
        <line num="47" count="12" type="stmt"/>
        <line num="48" count="4" type="stmt"/>
        <line num="50" count="4" type="stmt"/>
        <line num="51" count="4" type="stmt"/>
        <line num="54" count="0" type="stmt"/>
        <line num="55" count="0" type="stmt"/>
        <line num="57" count="4" type="stmt"/>
        <line num="60" count="4" type="stmt"/>
        <line num="62" count="4" type="stmt"/>
        <line num="63" count="4" type="cond" truecount="1" falsecount="1"/>
        <line num="64" count="0" type="stmt"/>
        <line num="70" count="12" type="stmt"/>
        <line num="72" count="4" type="stmt"/>
        <line num="73" count="4" type="stmt"/>
        <line num="74" count="4" type="stmt"/>
        <line num="76" count="4" type="cond" truecount="1" falsecount="1"/>
        <line num="77" count="4" type="stmt"/>
        <line num="78" count="4" type="stmt"/>
        <line num="79" count="4" type="stmt"/>
        <line num="80" count="4" type="stmt"/>
        <line num="83" count="0" type="stmt"/>
        <line num="86" count="4" type="stmt"/>
        <line num="91" count="1" type="stmt"/>
        <line num="92" count="1" type="stmt"/>
        <line num="96" count="2" type="stmt"/>
        <line num="104" count="1" type="stmt"/>
        <line num="105" count="1" type="stmt"/>
        <line num="107" count="1" type="stmt"/>
        <line num="108" count="1" type="stmt"/>
        <line num="110" count="1" type="cond" truecount="3" falsecount="1"/>
        <line num="113" count="1" type="cond" truecount="1" falsecount="1"/>
        <line num="114" count="2" type="stmt"/>
        <line num="117" count="1" type="stmt"/>
        <line num="128" count="1" type="stmt"/>
        <line num="133" count="1" type="cond" truecount="1" falsecount="1"/>
        <line num="134" count="1" type="stmt"/>
        <line num="135" count="1" type="stmt"/>
        <line num="136" count="1" type="cond" truecount="1" falsecount="1"/>
        <line num="137" count="1" type="stmt"/>
        <line num="138" count="1" type="stmt"/>
        <line num="139" count="1" type="stmt"/>
        <line num="140" count="1" type="stmt"/>
        <line num="144" count="0" type="stmt"/>
        <line num="149" count="1" type="stmt"/>
        <line num="150" count="1" type="stmt"/>
        <line num="151" count="1" type="stmt"/>
        <line num="153" count="1" type="cond" truecount="3" falsecount="1"/>
        <line num="154" count="1" type="stmt"/>
        <line num="162" count="1" type="stmt"/>
        <line num="167" count="1" type="cond" truecount="1" falsecount="1"/>
        <line num="168" count="1" type="stmt"/>
        <line num="169" count="1" type="stmt"/>
        <line num="170" count="1" type="cond" truecount="1" falsecount="1"/>
        <line num="171" count="1" type="stmt"/>
        <line num="172" count="1" type="stmt"/>
        <line num="173" count="1" type="stmt"/>
        <line num="174" count="1" type="stmt"/>
        <line num="178" count="0" type="stmt"/>
        <line num="182" count="12" type="stmt"/>
        <line num="244" count="18" type="stmt"/>
        <line num="248" count="1" type="stmt"/>
        <line num="286" count="1" type="stmt"/>
        <line num="295" count="1" type="stmt"/>
        <line num="308" count="0" type="stmt"/>
        <line num="331" count="1" type="stmt"/>
        <line num="345" count="1" type="stmt"/>
        <line num="357" count="2" type="stmt"/>
      </file>
      <file name="CreateTimerScreen.tsx" path="/Users/nickpiscopio/Documents/workarea/nick/interval/src/screens/CreateTimerScreen.tsx">
        <metrics statements="171" coveredstatements="149" conditionals="119" coveredconditionals="78" methods="52" coveredmethods="42"/>
        <line num="37" count="2" type="stmt"/>
        <line num="38" count="2" type="stmt"/>
        <line num="52" count="40" type="stmt"/>
        <line num="53" count="40" type="stmt"/>
        <line num="54" count="40" type="stmt"/>
        <line num="55" count="40" type="stmt"/>
        <line num="56" count="40" type="stmt"/>
        <line num="57" count="40" type="stmt"/>
        <line num="58" count="40" type="stmt"/>
        <line num="59" count="40" type="stmt"/>
        <line num="60" count="40" type="stmt"/>
        <line num="61" count="40" type="stmt"/>
        <line num="62" count="40" type="stmt"/>
        <line num="64" count="40" type="stmt"/>
        <line num="65" count="40" type="cond" truecount="3" falsecount="0"/>
        <line num="68" count="40" type="stmt"/>
        <line num="69" count="40" type="stmt"/>
        <line num="70" count="40" type="stmt"/>
        <line num="71" count="40" type="stmt"/>
        <line num="75" count="40" type="stmt"/>
        <line num="78" count="40" type="stmt"/>
        <line num="79" count="9" type="cond" truecount="2" falsecount="0"/>
        <line num="80" count="2" type="stmt"/>
        <line num="81" count="2" type="stmt"/>
        <line num="82" count="2" type="cond" truecount="2" falsecount="0"/>
        <line num="83" count="2" type="stmt"/>
        <line num="84" count="2" type="stmt"/>
        <line num="85" count="2" type="cond" truecount="1" falsecount="1"/>
        <line num="86" count="2" type="stmt"/>
        <line num="89" count="7" type="stmt"/>
        <line num="90" count="7" type="stmt"/>
        <line num="91" count="7" type="stmt"/>
        <line num="92" count="7" type="stmt"/>
        <line num="96" count="7" type="stmt"/>
        <line num="97" count="7" type="stmt"/>
        <line num="102" count="40" type="stmt"/>
        <line num="103" count="13" type="cond" truecount="3" falsecount="0"/>
        <line num="104" count="13" type="cond" truecount="2" falsecount="0"/>
        <line num="105" count="13" type="stmt"/>
        <line num="106" count="13" type="stmt"/>
        <line num="111" count="40" type="stmt"/>
        <line num="112" count="40" type="stmt"/>
        <line num="113" count="40" type="stmt"/>
        <line num="115" count="40" type="stmt"/>
        <line num="121" count="51" type="cond" truecount="1" falsecount="1"/>
        <line num="125" count="4" type="cond" truecount="3" falsecount="1"/>
        <line num="126" count="0" type="stmt"/>
        <line num="128" count="4" type="stmt"/>
        <line num="129" count="4" type="stmt"/>
        <line num="134" count="1" type="stmt"/>
        <line num="135" count="1" type="stmt"/>
        <line num="140" count="1" type="stmt"/>
        <line num="146" count="1" type="stmt"/>
        <line num="147" count="1" type="stmt"/>
        <line num="148" count="1" type="stmt"/>
        <line num="149" count="1" type="stmt"/>
        <line num="150" count="1" type="stmt"/>
        <line num="151" count="1" type="stmt"/>
        <line num="157" count="4" type="cond" truecount="1" falsecount="1"/>
        <line num="158" count="4" type="stmt"/>
        <line num="159" count="8" type="cond" truecount="2" falsecount="0"/>
        <line num="165" count="1" type="stmt"/>
        <line num="172" count="1" type="stmt"/>
        <line num="181" count="1" type="cond" truecount="1" falsecount="1"/>
        <line num="182" count="3" type="stmt"/>
        <line num="183" count="1" type="cond" truecount="1" falsecount="1"/>
        <line num="184" count="1" type="stmt"/>
        <line num="191" count="1" type="stmt"/>
        <line num="192" count="1" type="stmt"/>
        <line num="193" count="1" type="stmt"/>
        <line num="194" count="1" type="stmt"/>
        <line num="195" count="1" type="stmt"/>
        <line num="196" count="1" type="stmt"/>
        <line num="197" count="1" type="stmt"/>
        <line num="199" count="1" type="stmt"/>
        <line num="206" count="4" type="cond" truecount="2" falsecount="0"/>
        <line num="207" count="1" type="stmt"/>
        <line num="213" count="1" type="stmt"/>
        <line num="215" count="9" type="stmt"/>
        <line num="216" count="9" type="stmt"/>
        <line num="217" count="3" type="stmt"/>
        <line num="218" count="3" type="stmt"/>
        <line num="219" count="3" type="stmt"/>
        <line num="224" count="3" type="cond" truecount="2" falsecount="0"/>
        <line num="225" count="1" type="stmt"/>
        <line num="231" count="1" type="stmt"/>
        <line num="234" count="2" type="stmt"/>
        <line num="235" count="2" type="stmt"/>
        <line num="236" count="2" type="cond" truecount="1" falsecount="1"/>
        <line num="238" count="2" type="stmt"/>
        <line num="247" count="2" type="cond" truecount="2" falsecount="0"/>
        <line num="249" count="1" type="cond" truecount="0" falsecount="2"/>
        <line num="251" count="1" type="cond" truecount="1" falsecount="1"/>
        <line num="252" count="1" type="stmt"/>
        <line num="256" count="1" type="stmt"/>
        <line num="259" count="2" type="stmt"/>
        <line num="260" count="2" type="stmt"/>
        <line num="262" count="0" type="stmt"/>
        <line num="268" count="2" type="cond" truecount="2" falsecount="0"/>
        <line num="269" count="1" type="stmt"/>
        <line num="275" count="1" type="stmt"/>
        <line num="278" count="2" type="stmt"/>
        <line num="284" count="1" type="stmt"/>
        <line num="298" count="1" type="cond" truecount="1" falsecount="1"/>
        <line num="300" count="1" type="stmt"/>
        <line num="310" count="1" type="stmt"/>
        <line num="311" count="1" type="stmt"/>
        <line num="312" count="1" type="cond" truecount="1" falsecount="1"/>
        <line num="313" count="1" type="stmt"/>
        <line num="314" count="1" type="stmt"/>
        <line num="315" count="1" type="stmt"/>
        <line num="317" count="1" type="stmt"/>
        <line num="319" count="0" type="stmt"/>
        <line num="329" count="0" type="stmt"/>
        <line num="330" count="0" type="stmt"/>
        <line num="331" count="0" type="cond" truecount="0" falsecount="5"/>
        <line num="332" count="0" type="stmt"/>
        <line num="338" count="78" type="stmt"/>
        <line num="339" count="78" type="stmt"/>
        <line num="340" count="78" type="cond" truecount="1" falsecount="1"/>
        <line num="341" count="0" type="cond" truecount="0" falsecount="2"/>
        <line num="343" count="78" type="stmt"/>
        <line num="347" count="40" type="stmt"/>
        <line num="348" count="40" type="stmt"/>
        <line num="349" count="40" type="stmt"/>
        <line num="350" count="40" type="stmt"/>
        <line num="351" count="40" type="stmt"/>
        <line num="352" count="40" type="stmt"/>
        <line num="353" count="40" type="stmt"/>
        <line num="357" count="1" type="stmt"/>
        <line num="358" count="1" type="cond" truecount="1" falsecount="1"/>
        <line num="360" count="1" type="stmt"/>
        <line num="361" count="1" type="stmt"/>
        <line num="362" count="1" type="stmt"/>
        <line num="363" count="1" type="stmt"/>
        <line num="365" count="1" type="stmt"/>
        <line num="366" count="1" type="stmt"/>
        <line num="370" count="1" type="cond" truecount="3" falsecount="1"/>
        <line num="371" count="0" type="stmt"/>
        <line num="375" count="40" type="stmt"/>
        <line num="380" count="78" type="stmt"/>
        <line num="382" count="78" type="stmt"/>
        <line num="386" count="1" type="stmt"/>
        <line num="397" count="1" type="stmt"/>
        <line num="398" count="1" type="stmt"/>
        <line num="419" count="40" type="stmt"/>
        <line num="438" count="96" type="stmt"/>
        <line num="440" count="0" type="stmt"/>
        <line num="443" count="0" type="stmt"/>
        <line num="479" count="0" type="stmt"/>
        <line num="480" count="0" type="cond" truecount="0" falsecount="4"/>
        <line num="481" count="0" type="stmt"/>
        <line num="503" count="1" type="stmt"/>
        <line num="511" count="1" type="stmt"/>
        <line num="547" count="0" type="stmt"/>
        <line num="548" count="0" type="cond" truecount="0" falsecount="4"/>
        <line num="549" count="0" type="stmt"/>
        <line num="563" count="1" type="stmt"/>
        <line num="575" count="1" type="stmt"/>
        <line num="597" count="280" type="stmt"/>
        <line num="598" count="280" type="stmt"/>
        <line num="601" count="1" type="stmt"/>
        <line num="636" count="0" type="stmt"/>
        <line num="637" count="0" type="cond" truecount="0" falsecount="4"/>
        <line num="638" count="0" type="stmt"/>
        <line num="646" count="1" type="stmt"/>
        <line num="659" count="0" type="stmt"/>
        <line num="664" count="0" type="stmt"/>
        <line num="674" count="1" type="stmt"/>
        <line num="689" count="1" type="stmt"/>
        <line num="696" count="2" type="stmt"/>
      </file>
      <file name="GenerateTimerScreen.tsx" path="/Users/nickpiscopio/Documents/workarea/nick/interval/src/screens/GenerateTimerScreen.tsx">
        <metrics statements="25" coveredstatements="25" conditionals="50" coveredconditionals="50" methods="15" coveredmethods="15"/>
        <line num="24" count="16" type="stmt"/>
        <line num="25" count="16" type="stmt"/>
        <line num="26" count="16" type="stmt"/>
        <line num="27" count="16" type="stmt"/>
        <line num="31" count="1" type="stmt"/>
        <line num="33" count="1" type="stmt"/>
        <line num="34" count="1" type="stmt"/>
        <line num="35" count="1" type="stmt"/>
        <line num="37" count="1" type="stmt"/>
        <line num="41" count="16" type="cond" truecount="2" falsecount="0"/>
        <line num="42" count="1" type="stmt"/>
        <line num="53" count="15" type="stmt"/>
        <line num="64" count="1" type="stmt"/>
        <line num="73" count="1" type="stmt"/>
        <line num="82" count="1" type="stmt"/>
        <line num="95" count="1" type="stmt"/>
        <line num="104" count="1" type="stmt"/>
        <line num="113" count="1" type="stmt"/>
        <line num="122" count="1" type="stmt"/>
        <line num="131" count="1" type="stmt"/>
        <line num="140" count="1" type="stmt"/>
        <line num="153" count="1" type="stmt"/>
        <line num="162" count="1" type="stmt"/>
        <line num="171" count="1" type="stmt"/>
        <line num="199" count="2" type="stmt"/>
      </file>
      <file name="NotFoundScreen.tsx" path="/Users/nickpiscopio/Documents/workarea/nick/interval/src/screens/NotFoundScreen.tsx">
        <metrics statements="3" coveredstatements="3" conditionals="0" coveredconditionals="0" methods="2" coveredmethods="2"/>
        <line num="12" count="1" type="stmt"/>
        <line num="16" count="1" type="stmt"/>
        <line num="25" count="2" type="stmt"/>
      </file>
      <file name="SelectTimerScreen.tsx" path="/Users/nickpiscopio/Documents/workarea/nick/interval/src/screens/SelectTimerScreen.tsx">
        <metrics statements="105" coveredstatements="97" conditionals="67" coveredconditionals="57" methods="33" coveredmethods="28"/>
        <line num="38" count="2" type="stmt"/>
        <line num="39" count="2" type="stmt"/>
        <line num="40" count="2" type="stmt"/>
        <line num="41" count="2" type="stmt"/>
        <line num="46" count="30" type="stmt"/>
        <line num="47" count="30" type="stmt"/>
        <line num="48" count="30" type="stmt"/>
        <line num="49" count="30" type="stmt"/>
        <line num="50" count="30" type="stmt"/>
        <line num="51" count="30" type="stmt"/>
        <line num="52" count="30" type="stmt"/>
        <line num="53" count="30" type="stmt"/>
        <line num="54" count="30" type="stmt"/>
        <line num="55" count="30" type="stmt"/>
        <line num="56" count="30" type="stmt"/>
        <line num="57" count="30" type="stmt"/>
        <line num="59" count="30" type="stmt"/>
        <line num="60" count="12" type="cond" truecount="1" falsecount="1"/>
        <line num="61" count="12" type="stmt"/>
        <line num="62" count="12" type="stmt"/>
        <line num="67" count="12" type="stmt"/>
        <line num="68" count="12" type="stmt"/>
        <line num="69" count="12" type="stmt"/>
        <line num="70" count="12" type="cond" truecount="2" falsecount="0"/>
        <line num="71" count="11" type="stmt"/>
        <line num="73" count="1" type="stmt"/>
        <line num="74" count="1" type="cond" truecount="1" falsecount="1"/>
        <line num="75" count="1" type="stmt"/>
        <line num="79" count="12" type="stmt"/>
        <line num="80" count="12" type="cond" truecount="2" falsecount="0"/>
        <line num="81" count="11" type="stmt"/>
        <line num="82" count="11" type="stmt"/>
        <line num="83" count="11" type="stmt"/>
        <line num="84" count="11" type="stmt"/>
        <line num="87" count="1" type="stmt"/>
        <line num="88" count="1" type="cond" truecount="1" falsecount="1"/>
        <line num="89" count="1" type="stmt"/>
        <line num="90" count="1" type="stmt"/>
        <line num="92" count="1" type="stmt"/>
        <line num="94" count="1" type="stmt"/>
        <line num="97" count="0" type="stmt"/>
        <line num="99" count="12" type="stmt"/>
        <line num="104" count="1" type="stmt"/>
        <line num="105" count="1" type="stmt"/>
        <line num="110" count="1" type="stmt"/>
        <line num="111" count="1" type="stmt"/>
        <line num="112" count="1" type="stmt"/>
        <line num="114" count="0" type="stmt"/>
        <line num="116" count="1" type="stmt"/>
        <line num="121" count="72" type="stmt"/>
        <line num="122" count="800" type="stmt"/>
        <line num="125" count="72" type="stmt"/>
        <line num="129" count="72" type="stmt"/>
        <line num="130" count="72" type="stmt"/>
        <line num="131" count="72" type="cond" truecount="2" falsecount="0"/>
        <line num="132" count="70" type="cond" truecount="2" falsecount="0"/>
        <line num="134" count="2" type="stmt"/>
        <line num="138" count="2" type="stmt"/>
        <line num="139" count="2" type="stmt"/>
        <line num="142" count="11" type="stmt"/>
        <line num="151" count="2" type="stmt"/>
        <line num="152" count="2" type="stmt"/>
        <line num="153" count="2" type="stmt"/>
        <line num="159" count="2" type="stmt"/>
        <line num="165" count="1" type="cond" truecount="1" falsecount="1"/>
        <line num="166" count="1" type="stmt"/>
        <line num="169" count="1" type="stmt"/>
        <line num="174" count="1" type="stmt"/>
        <line num="175" count="1" type="stmt"/>
        <line num="202" count="1" type="stmt"/>
        <line num="206" count="1" type="stmt"/>
        <line num="207" count="1" type="stmt"/>
        <line num="227" count="1" type="stmt"/>
        <line num="230" count="30" type="stmt"/>
        <line num="231" count="72" type="stmt"/>
        <line num="239" count="1" type="stmt"/>
        <line num="244" count="1" type="stmt"/>
        <line num="245" count="1" type="stmt"/>
        <line num="284" count="2" type="stmt"/>
        <line num="293" count="1" type="stmt"/>
        <line num="302" count="800" type="stmt"/>
        <line num="318" count="30" type="stmt"/>
        <line num="320" count="30" type="stmt"/>
        <line num="338" count="84" type="stmt"/>
        <line num="340" count="0" type="stmt"/>
        <line num="343" count="0" type="stmt"/>
        <line num="344" count="0" type="stmt"/>
        <line num="355" count="0" type="stmt"/>
        <line num="358" count="1" type="stmt"/>
        <line num="359" count="1" type="stmt"/>
        <line num="360" count="1" type="stmt"/>
        <line num="361" count="1" type="stmt"/>
        <line num="362" count="1" type="stmt"/>
        <line num="365" count="0" type="stmt"/>
        <line num="382" count="0" type="stmt"/>
        <line num="407" count="1" type="stmt"/>
        <line num="416" count="1" type="stmt"/>
        <line num="458" count="1" type="stmt"/>
        <line num="467" count="1" type="stmt"/>
        <line num="489" count="1" type="stmt"/>
        <line num="490" count="1" type="stmt"/>
        <line num="513" count="1" type="stmt"/>
        <line num="514" count="1" type="stmt"/>
        <line num="545" count="1" type="stmt"/>
        <line num="551" count="2" type="stmt"/>
      </file>
      <file name="TimerScreen.tsx" path="/Users/nickpiscopio/Documents/workarea/nick/interval/src/screens/TimerScreen.tsx">
        <metrics statements="103" coveredstatements="102" conditionals="37" coveredconditionals="29" methods="18" coveredmethods="16"/>
        <line num="18" count="15" type="stmt"/>
        <line num="19" count="15" type="stmt"/>
        <line num="22" count="15" type="stmt"/>
        <line num="25" count="15" type="stmt"/>
        <line num="28" count="15" type="stmt"/>
        <line num="29" count="15" type="stmt"/>
        <line num="30" count="15" type="stmt"/>
        <line num="31" count="15" type="stmt"/>
        <line num="32" count="15" type="stmt"/>
        <line num="33" count="15" type="stmt"/>
        <line num="34" count="15" type="stmt"/>
        <line num="37" count="15" type="stmt"/>
        <line num="38" count="15" type="stmt"/>
        <line num="39" count="15" type="stmt"/>
        <line num="40" count="15" type="stmt"/>
        <line num="42" count="15" type="stmt"/>
        <line num="45" count="4" type="stmt"/>
        <line num="46" count="4" type="stmt"/>
        <line num="49" count="4" type="stmt"/>
        <line num="51" count="0" type="stmt"/>
        <line num="56" count="4" type="cond" truecount="1" falsecount="1"/>
        <line num="57" count="4" type="stmt"/>
        <line num="58" count="4" type="stmt"/>
        <line num="63" count="8" type="cond" truecount="2" falsecount="0"/>
        <line num="64" count="4" type="stmt"/>
        <line num="69" count="8" type="stmt"/>
        <line num="70" count="8" type="stmt"/>
        <line num="71" count="8" type="stmt"/>
        <line num="80" count="15" type="stmt"/>
        <line num="81" count="4" type="stmt"/>
        <line num="82" count="4" type="stmt"/>
        <line num="83" count="7" type="stmt"/>
        <line num="84" count="12" type="stmt"/>
        <line num="92" count="4" type="stmt"/>
        <line num="93" count="4" type="stmt"/>
        <line num="95" count="4" type="cond" truecount="2" falsecount="0"/>
        <line num="96" count="3" type="stmt"/>
        <line num="97" count="3" type="stmt"/>
        <line num="98" count="3" type="stmt"/>
        <line num="99" count="3" type="stmt"/>
        <line num="100" count="3" type="stmt"/>
        <line num="101" count="3" type="stmt"/>
        <line num="102" count="3" type="stmt"/>
        <line num="105" count="4" type="stmt"/>
        <line num="106" count="4" type="stmt"/>
        <line num="108" count="4" type="stmt"/>
        <line num="109" count="4" type="stmt"/>
        <line num="111" count="4" type="stmt"/>
        <line num="112" count="4" type="stmt"/>
        <line num="113" count="4" type="stmt"/>
        <line num="114" count="4" type="stmt"/>
        <line num="119" count="4" type="stmt"/>
        <line num="120" count="4" type="stmt"/>
        <line num="122" count="4" type="stmt"/>
        <line num="123" count="60" type="cond" truecount="1" falsecount="1"/>
        <line num="125" count="60" type="stmt"/>
        <line num="126" count="60" type="stmt"/>
        <line num="127" count="60" type="cond" truecount="2" falsecount="0"/>
        <line num="129" count="60" type="cond" truecount="2" falsecount="0"/>
        <line num="131" count="4" type="stmt"/>
        <line num="132" count="4" type="stmt"/>
        <line num="133" count="4" type="cond" truecount="2" falsecount="0"/>
        <line num="135" count="1" type="stmt"/>
        <line num="136" count="1" type="stmt"/>
        <line num="137" count="1" type="stmt"/>
        <line num="139" count="3" type="stmt"/>
        <line num="140" count="3" type="stmt"/>
        <line num="141" count="3" type="stmt"/>
        <line num="142" count="3" type="cond" truecount="1" falsecount="1"/>
        <line num="143" count="3" type="stmt"/>
        <line num="144" count="3" type="stmt"/>
        <line num="145" count="3" type="cond" truecount="1" falsecount="1"/>
        <line num="146" count="3" type="stmt"/>
        <line num="147" count="3" type="stmt"/>
        <line num="148" count="3" type="stmt"/>
        <line num="155" count="15" type="cond" truecount="2" falsecount="0"/>
        <line num="161" count="15" type="cond" truecount="2" falsecount="0"/>
        <line num="162" count="9" type="stmt"/>
        <line num="166" count="2" type="stmt"/>
        <line num="167" count="2" type="stmt"/>
        <line num="168" count="2" type="stmt"/>
        <line num="169" count="2" type="cond" truecount="2" falsecount="0"/>
        <line num="170" count="1" type="stmt"/>
        <line num="172" count="1" type="stmt"/>
        <line num="173" count="1" type="cond" truecount="1" falsecount="1"/>
        <line num="174" count="1" type="stmt"/>
        <line num="179" count="2" type="stmt"/>
        <line num="180" count="2" type="stmt"/>
        <line num="181" count="2" type="stmt"/>
        <line num="182" count="2" type="stmt"/>
        <line num="184" count="2" type="stmt"/>
        <line num="193" count="1" type="stmt"/>
        <line num="194" count="1" type="stmt"/>
        <line num="195" count="1" type="cond" truecount="1" falsecount="1"/>
        <line num="196" count="1" type="cond" truecount="1" falsecount="1"/>
        <line num="197" count="1" type="stmt"/>
        <line num="205" count="1" type="stmt"/>
        <line num="206" count="1" type="stmt"/>
        <line num="207" count="1" type="stmt"/>
        <line num="214" count="15" type="cond" truecount="2" falsecount="0"/>
        <line num="215" count="5" type="stmt"/>
        <line num="223" count="10" type="stmt"/>
        <line num="285" count="2" type="stmt"/>
      </file>
    </package>
    <package name="services">
      <metrics statements="175" coveredstatements="161" conditionals="90" coveredconditionals="76" methods="22" coveredmethods="21"/>
      <file name="badgeService.ts" path="/Users/nickpiscopio/Documents/workarea/nick/interval/src/services/badgeService.ts">
        <metrics statements="124" coveredstatements="115" conditionals="64" coveredconditionals="53" methods="14" coveredmethods="14"/>
        <line num="6" count="5" type="stmt"/>
        <line num="7" count="5" type="stmt"/>
        <line num="9" count="5" type="stmt"/>
        <line num="27" count="18" type="stmt"/>
        <line num="28" count="18" type="stmt"/>
        <line num="29" count="18" type="stmt"/>
        <line num="30" count="18" type="stmt"/>
        <line num="34" count="9" type="stmt"/>
        <line num="35" count="9" type="stmt"/>
        <line num="36" count="9" type="stmt"/>
        <line num="40" count="42" type="stmt"/>
        <line num="41" count="42" type="stmt"/>
        <line num="42" count="42" type="cond" truecount="2" falsecount="0"/>
        <line num="43" count="19" type="stmt"/>
        <line num="45" count="0" type="stmt"/>
        <line num="46" count="0" type="stmt"/>
        <line num="51" count="26" type="stmt"/>
        <line num="52" count="26" type="stmt"/>
        <line num="54" count="0" type="stmt"/>
        <line num="59" count="23" type="stmt"/>
        <line num="60" count="23" type="stmt"/>
        <line num="61" count="23" type="cond" truecount="2" falsecount="0"/>
        <line num="62" count="6" type="stmt"/>
        <line num="64" count="0" type="stmt"/>
        <line num="69" count="17" type="stmt"/>
        <line num="70" count="17" type="stmt"/>
        <line num="72" count="0" type="stmt"/>
        <line num="80" count="9" type="stmt"/>
        <line num="81" count="9" type="stmt"/>
        <line num="82" count="9" type="stmt"/>
        <line num="83" count="9" type="stmt"/>
        <line num="84" count="9" type="stmt"/>
        <line num="85" count="9" type="stmt"/>
        <line num="86" count="9" type="stmt"/>
        <line num="89" count="9" type="stmt"/>
        <line num="90" count="9" type="stmt"/>
        <line num="91" count="9" type="stmt"/>
        <line num="93" count="9" type="cond" truecount="2" falsecount="0"/>
        <line num="95" count="8" type="cond" truecount="2" falsecount="0"/>
        <line num="96" count="2" type="stmt"/>
        <line num="98" count="6" type="stmt"/>
        <line num="102" count="9" type="cond" truecount="1" falsecount="1"/>
        <line num="103" count="0" type="stmt"/>
        <line num="104" count="9" type="cond" truecount="1" falsecount="1"/>
        <line num="105" count="0" type="stmt"/>
        <line num="108" count="9" type="cond" truecount="1" falsecount="1"/>
        <line num="109" count="0" type="stmt"/>
        <line num="110" count="0" type="stmt"/>
        <line num="114" count="9" type="stmt"/>
        <line num="115" count="9" type="stmt"/>
        <line num="116" count="9" type="stmt"/>
        <line num="117" count="9" type="stmt"/>
        <line num="118" count="9" type="cond" truecount="2" falsecount="0"/>
        <line num="119" count="9" type="cond" truecount="2" falsecount="0"/>
        <line num="121" count="9" type="cond" truecount="1" falsecount="1"/>
        <line num="122" count="9" type="stmt"/>
        <line num="126" count="189" type="cond" truecount="4" falsecount="0"/>
        <line num="127" count="33" type="stmt"/>
        <line num="128" count="393" type="stmt"/>
        <line num="129" count="33" type="cond" truecount="1" falsecount="1"/>
        <line num="130" count="33" type="stmt"/>
        <line num="131" count="33" type="stmt"/>
        <line num="137" count="9" type="stmt"/>
        <line num="138" count="9" type="stmt"/>
        <line num="139" count="9" type="stmt"/>
        <line num="140" count="9" type="stmt"/>
        <line num="141" count="9" type="stmt"/>
        <line num="142" count="9" type="stmt"/>
        <line num="143" count="9" type="stmt"/>
        <line num="144" count="9" type="stmt"/>
        <line num="145" count="9" type="stmt"/>
        <line num="146" count="9" type="stmt"/>
        <line num="147" count="9" type="stmt"/>
        <line num="148" count="9" type="stmt"/>
        <line num="149" count="9" type="cond" truecount="2" falsecount="0"/>
        <line num="150" count="9" type="stmt"/>
        <line num="151" count="9" type="stmt"/>
        <line num="152" count="9" type="stmt"/>
        <line num="153" count="9" type="stmt"/>
        <line num="154" count="9" type="stmt"/>
        <line num="155" count="9" type="stmt"/>
        <line num="156" count="9" type="stmt"/>
        <line num="157" count="9" type="stmt"/>
        <line num="159" count="9" type="stmt"/>
        <line num="174" count="9" type="stmt"/>
        <line num="175" count="9" type="cond" truecount="1" falsecount="1"/>
        <line num="176" count="9" type="stmt"/>
        <line num="179" count="9" type="stmt"/>
        <line num="185" count="8" type="stmt"/>
        <line num="186" count="8" type="stmt"/>
        <line num="188" count="8" type="cond" truecount="2" falsecount="0"/>
        <line num="189" count="8" type="stmt"/>
        <line num="190" count="8" type="stmt"/>
        <line num="192" count="8" type="cond" truecount="2" falsecount="0"/>
        <line num="193" count="8" type="cond" truecount="2" falsecount="0"/>
        <line num="200" count="1" type="stmt"/>
        <line num="202" count="8" type="cond" truecount="2" falsecount="0"/>
        <line num="208" count="1" type="stmt"/>
        <line num="212" count="8" type="cond" truecount="1" falsecount="1"/>
        <line num="213" count="8" type="stmt"/>
        <line num="216" count="72" type="cond" truecount="4" falsecount="0"/>
        <line num="217" count="9" type="stmt"/>
        <line num="218" count="195" type="stmt"/>
        <line num="219" count="9" type="cond" truecount="1" falsecount="1"/>
        <line num="220" count="9" type="stmt"/>
        <line num="221" count="9" type="stmt"/>
        <line num="227" count="8" type="stmt"/>
        <line num="228" count="8" type="stmt"/>
        <line num="229" count="8" type="stmt"/>
        <line num="230" count="8" type="stmt"/>
        <line num="231" count="8" type="stmt"/>
        <line num="232" count="8" type="stmt"/>
        <line num="233" count="8" type="stmt"/>
        <line num="234" count="8" type="stmt"/>
        <line num="235" count="8" type="stmt"/>
        <line num="237" count="8" type="stmt"/>
        <line num="245" count="8" type="stmt"/>
        <line num="246" count="8" type="cond" truecount="1" falsecount="1"/>
        <line num="247" count="8" type="stmt"/>
        <line num="250" count="8" type="stmt"/>
        <line num="254" count="6" type="stmt"/>
        <line num="255" count="6" type="stmt"/>
        <line num="256" count="6" type="cond" truecount="1" falsecount="1"/>
        <line num="258" count="180" type="stmt"/>
      </file>
      <file name="timerGenerator.ts" path="/Users/nickpiscopio/Documents/workarea/nick/interval/src/services/timerGenerator.ts">
        <metrics statements="51" coveredstatements="46" conditionals="26" coveredconditionals="23" methods="8" coveredmethods="7"/>
        <line num="18" count="7" type="stmt"/>
        <line num="21" count="7" type="stmt"/>
        <line num="22" count="7" type="stmt"/>
        <line num="23" count="7" type="stmt"/>
        <line num="24" count="7" type="stmt"/>
        <line num="26" count="7" type="cond" truecount="2" falsecount="0"/>
        <line num="27" count="2" type="stmt"/>
        <line num="28" count="2" type="stmt"/>
        <line num="29" count="2" type="stmt"/>
        <line num="30" count="2" type="stmt"/>
        <line num="31" count="5" type="cond" truecount="2" falsecount="0"/>
        <line num="32" count="2" type="stmt"/>
        <line num="33" count="2" type="stmt"/>
        <line num="34" count="2" type="stmt"/>
        <line num="35" count="2" type="stmt"/>
        <line num="39" count="7" type="stmt"/>
        <line num="41" count="7" type="cond" truecount="5" falsecount="0"/>
        <line num="43" count="4" type="stmt"/>
        <line num="44" count="4" type="stmt"/>
        <line num="46" count="4" type="stmt"/>
        <line num="47" count="17" type="stmt"/>
        <line num="48" count="17" type="stmt"/>
        <line num="49" count="1224" type="cond" truecount="5" falsecount="0"/>
        <line num="52" count="17" type="cond" truecount="2" falsecount="0"/>
        <line num="54" count="1" type="cond" truecount="1" falsecount="1"/>
        <line num="56" count="17" type="stmt"/>
        <line num="57" count="17" type="stmt"/>
        <line num="61" count="216" type="stmt"/>
        <line num="62" count="30" type="stmt"/>
        <line num="63" count="3" type="cond" truecount="2" falsecount="0"/>
        <line num="64" count="55" type="stmt"/>
        <line num="65" count="3" type="stmt"/>
        <line num="67" count="3" type="stmt"/>
        <line num="70" count="3" type="stmt"/>
        <line num="71" count="0" type="stmt"/>
        <line num="72" count="0" type="cond" truecount="0" falsecount="2"/>
        <line num="73" count="0" type="stmt"/>
        <line num="75" count="0" type="stmt"/>
        <line num="76" count="0" type="stmt"/>
        <line num="82" count="7" type="stmt"/>
        <line num="83" count="7" type="stmt"/>
        <line num="91" count="7" type="stmt"/>
        <line num="92" count="34" type="stmt"/>
        <line num="93" count="34" type="stmt"/>
        <line num="102" count="34" type="cond" truecount="2" falsecount="0"/>
        <line num="103" count="27" type="stmt"/>
        <line num="113" count="7" type="stmt"/>
        <line num="120" count="7" type="stmt"/>
        <line num="129" count="7" type="stmt"/>
        <line num="135" count="7" type="stmt"/>
        <line num="142" count="7" type="stmt"/>
      </file>
    </package>
    <package name="utils">
      <metrics statements="33" coveredstatements="33" conditionals="28" coveredconditionals="27" methods="2" coveredmethods="2"/>
      <file name="base64.ts" path="/Users/nickpiscopio/Documents/workarea/nick/interval/src/utils/base64.ts">
        <metrics statements="33" coveredstatements="33" conditionals="28" coveredconditionals="27" methods="2" coveredmethods="2"/>
        <line num="1" count="4" type="stmt"/>
        <line num="3" count="4" type="stmt"/>
        <line num="5" count="11" type="stmt"/>
        <line num="6" count="11" type="stmt"/>
        <line num="7" count="11" type="stmt"/>
        <line num="8" count="11" type="stmt"/>
        <line num="9" count="388" type="stmt"/>
        <line num="10" count="388" type="cond" truecount="2" falsecount="0"/>
        <line num="11" count="388" type="cond" truecount="2" falsecount="0"/>
        <line num="13" count="388" type="stmt"/>
        <line num="14" count="388" type="cond" truecount="2" falsecount="0"/>
        <line num="15" count="388" type="cond" truecount="4" falsecount="0"/>
        <line num="16" count="388" type="cond" truecount="2" falsecount="0"/>
        <line num="18" count="388" type="stmt"/>
        <line num="20" count="11" type="stmt"/>
        <line num="23" count="4" type="stmt"/>
        <line num="24" count="9" type="stmt"/>
        <line num="25" count="9" type="stmt"/>
        <line num="27" count="9" type="stmt"/>
        <line num="28" count="9" type="stmt"/>
        <line num="29" count="52" type="cond" truecount="1" falsecount="1"/>
        <line num="30" count="52" type="cond" truecount="2" falsecount="0"/>
        <line num="31" count="52" type="cond" truecount="2" falsecount="0"/>
        <line num="32" count="52" type="cond" truecount="2" falsecount="0"/>
        <line num="34" count="52" type="stmt"/>
        <line num="35" count="52" type="stmt"/>
        <line num="36" count="52" type="stmt"/>
        <line num="38" count="52" type="stmt"/>
        <line num="39" count="52" type="cond" truecount="4" falsecount="0"/>
        <line num="40" count="52" type="cond" truecount="4" falsecount="0"/>
        <line num="43" count="9" type="stmt"/>
        <line num="44" count="9" type="stmt"/>
        <line num="46" count="1" type="stmt"/>
      </file>
    </package>
  </project>
</coverage>
