{"/Users/nickpiscopio/Documents/workarea/nick/interval/src/components/CustomAlertModal.tsx": {"path":"/Users/nickpiscopio/Documents/workarea/nick/interval/src/components/CustomAlertModal.tsx","statementMap":{"0":{"start":{"line":43,"column":20},"end":{"line":43,"column":60}},"1":{"start":{"line":44,"column":22},"end":{"line":44,"column":59}},"2":{"start":{"line":46,"column":2},"end":{"line":69,"column":16}},"3":{"start":{"line":47,"column":4},"end":{"line":68,"column":5}},"4":{"start":{"line":49,"column":6},"end":{"line":49,"column":62}},"5":{"start":{"line":51,"column":6},"end":{"line":64,"column":17}},"6":{"start":{"line":66,"column":6},"end":{"line":66,"column":31}},"7":{"start":{"line":67,"column":6},"end":{"line":67,"column":30}},"8":{"start":{"line":71,"column":2},"end":{"line":73,"column":3}},"9":{"start":{"line":72,"column":4},"end":{"line":72,"column":16}},"10":{"start":{"line":81,"column":6},"end":{"line":81,"column":13}},"11":{"start":{"line":85,"column":4},"end":{"line":123,"column":5}},"12":{"start":{"line":87,"column":8},"end":{"line":91,"column":10}},"13":{"start":{"line":93,"column":8},"end":{"line":97,"column":10}},"14":{"start":{"line":99,"column":8},"end":{"line":103,"column":10}},"15":{"start":{"line":105,"column":8},"end":{"line":109,"column":10}},"16":{"start":{"line":111,"column":8},"end":{"line":115,"column":10}},"17":{"start":{"line":118,"column":8},"end":{"line":122,"column":10}},"18":{"start":{"line":126,"column":21},"end":{"line":126,"column":36}},"19":{"start":{"line":129,"column":4},"end":{"line":129,"column":28}},"20":{"start":{"line":129,"column":21},"end":{"line":129,"column":28}},"21":{"start":{"line":130,"column":22},"end":{"line":130,"column":63}},"22":{"start":{"line":130,"column":42},"end":{"line":130,"column":62}},"23":{"start":{"line":131,"column":4},"end":{"line":133,"column":5}},"24":{"start":{"line":132,"column":6},"end":{"line":132,"column":26}},"25":{"start":{"line":134,"column":4},"end":{"line":134,"column":16}},"26":{"start":{"line":138,"column":4},"end":{"line":138,"column":59}},"27":{"start":{"line":139,"column":4},"end":{"line":139,"column":16}},"28":{"start":{"line":140,"column":4},"end":{"line":142,"column":5}},"29":{"start":{"line":141,"column":6},"end":{"line":141,"column":20}},"30":{"start":{"line":145,"column":23},"end":{"line":145,"column":43}},"31":{"start":{"line":147,"column":2},"end":{"line":213,"column":4}},"32":{"start":{"line":178,"column":40},"end":{"line":178,"column":67}},"33":{"start":{"line":179,"column":35},"end":{"line":179,"column":57}},"34":{"start":{"line":181,"column":33},"end":{"line":181,"column":53}},"35":{"start":{"line":182,"column":34},"end":{"line":182,"column":58}},"36":{"start":{"line":184,"column":18},"end":{"line":190,"column":19}},"37":{"start":{"line":185,"column":20},"end":{"line":185,"column":56}},"38":{"start":{"line":186,"column":20},"end":{"line":186,"column":61}},"39":{"start":{"line":187,"column":25},"end":{"line":190,"column":19}},"40":{"start":{"line":188,"column":20},"end":{"line":188,"column":51}},"41":{"start":{"line":189,"column":20},"end":{"line":189,"column":56}},"42":{"start":{"line":192,"column":18},"end":{"line":205,"column":20}},"43":{"start":{"line":201,"column":37},"end":{"line":201,"column":59}},"44":{"start":{"line":216,"column":15},"end":{"line":305,"column":2}}},"fnMap":{"0":{"name":"CustomAlertModal","decl":{"start":{"line":38,"column":16},"end":{"line":38,"column":32}},"loc":{"start":{"line":42,"column":26},"end":{"line":214,"column":1}},"line":42},"1":{"name":"(anonymous_1)","decl":{"start":{"line":46,"column":12},"end":{"line":46,"column":13}},"loc":{"start":{"line":46,"column":18},"end":{"line":69,"column":3}},"line":46},"2":{"name":"getIconConfig","decl":{"start":{"line":84,"column":11},"end":{"line":84,"column":24}},"loc":{"start":{"line":84,"column":27},"end":{"line":124,"column":3}},"line":84},"3":{"name":"handleBackdropPress","decl":{"start":{"line":128,"column":11},"end":{"line":128,"column":30}},"loc":{"start":{"line":128,"column":33},"end":{"line":135,"column":3}},"line":128},"4":{"name":"(anonymous_4)","decl":{"start":{"line":130,"column":35},"end":{"line":130,"column":36}},"loc":{"start":{"line":130,"column":42},"end":{"line":130,"column":62}},"line":130},"5":{"name":"handleButtonPress","decl":{"start":{"line":137,"column":11},"end":{"line":137,"column":28}},"loc":{"start":{"line":137,"column":47},"end":{"line":143,"column":3}},"line":137},"6":{"name":"(anonymous_6)","decl":{"start":{"line":177,"column":29},"end":{"line":177,"column":30}},"loc":{"start":{"line":177,"column":45},"end":{"line":206,"column":17}},"line":177},"7":{"name":"(anonymous_7)","decl":{"start":{"line":201,"column":31},"end":{"line":201,"column":32}},"loc":{"start":{"line":201,"column":37},"end":{"line":201,"column":59}},"line":201}},"branchMap":{"0":{"loc":{"start":{"line":47,"column":4},"end":{"line":68,"column":5}},"type":"if","locations":[{"start":{"line":47,"column":4},"end":{"line":68,"column":5}},{"start":{"line":65,"column":11},"end":{"line":68,"column":5}}],"line":47},"1":{"loc":{"start":{"line":71,"column":2},"end":{"line":73,"column":3}},"type":"if","locations":[{"start":{"line":71,"column":2},"end":{"line":73,"column":3}},{"start":{},"end":{}}],"line":71},"2":{"loc":{"start":{"line":71,"column":6},"end":{"line":71,"column":26}},"type":"binary-expr","locations":[{"start":{"line":71,"column":6},"end":{"line":71,"column":14}},{"start":{"line":71,"column":18},"end":{"line":71,"column":26}}],"line":71},"3":{"loc":{"start":{"line":78,"column":4},"end":{"line":78,"column":17}},"type":"default-arg","locations":[{"start":{"line":78,"column":11},"end":{"line":78,"column":17}}],"line":78},"4":{"loc":{"start":{"line":79,"column":4},"end":{"line":79,"column":48}},"type":"default-arg","locations":[{"start":{"line":79,"column":14},"end":{"line":79,"column":48}}],"line":79},"5":{"loc":{"start":{"line":80,"column":4},"end":{"line":80,"column":21}},"type":"default-arg","locations":[{"start":{"line":80,"column":17},"end":{"line":80,"column":21}}],"line":80},"6":{"loc":{"start":{"line":85,"column":4},"end":{"line":123,"column":5}},"type":"switch","locations":[{"start":{"line":86,"column":6},"end":{"line":91,"column":10}},{"start":{"line":92,"column":6},"end":{"line":97,"column":10}},{"start":{"line":98,"column":6},"end":{"line":103,"column":10}},{"start":{"line":104,"column":6},"end":{"line":109,"column":10}},{"start":{"line":110,"column":6},"end":{"line":115,"column":10}},{"start":{"line":116,"column":6},"end":{"line":116,"column":18}},{"start":{"line":117,"column":6},"end":{"line":122,"column":10}}],"line":85},"7":{"loc":{"start":{"line":129,"column":4},"end":{"line":129,"column":28}},"type":"if","locations":[{"start":{"line":129,"column":4},"end":{"line":129,"column":28}},{"start":{},"end":{}}],"line":129},"8":{"loc":{"start":{"line":131,"column":4},"end":{"line":133,"column":5}},"type":"if","locations":[{"start":{"line":131,"column":4},"end":{"line":133,"column":5}},{"start":{},"end":{}}],"line":131},"9":{"loc":{"start":{"line":131,"column":8},"end":{"line":131,"column":38}},"type":"binary-expr","locations":[{"start":{"line":131,"column":8},"end":{"line":131,"column":17}},{"start":{"line":131,"column":21},"end":{"line":131,"column":38}}],"line":131},"10":{"loc":{"start":{"line":140,"column":4},"end":{"line":142,"column":5}},"type":"if","locations":[{"start":{"line":140,"column":4},"end":{"line":142,"column":5}},{"start":{},"end":{}}],"line":140},"11":{"loc":{"start":{"line":173,"column":15},"end":{"line":173,"column":77}},"type":"cond-expr","locations":[{"start":{"line":173,"column":25},"end":{"line":173,"column":70}},{"start":{"line":173,"column":73},"end":{"line":173,"column":77}}],"line":173},"12":{"loc":{"start":{"line":176,"column":52},"end":{"line":176,"column":93}},"type":"binary-expr","locations":[{"start":{"line":176,"column":52},"end":{"line":176,"column":64}},{"start":{"line":176,"column":68},"end":{"line":176,"column":93}}],"line":176},"13":{"loc":{"start":{"line":184,"column":18},"end":{"line":190,"column":19}},"type":"if","locations":[{"start":{"line":184,"column":18},"end":{"line":190,"column":19}},{"start":{"line":187,"column":25},"end":{"line":190,"column":19}}],"line":184},"14":{"loc":{"start":{"line":187,"column":25},"end":{"line":190,"column":19}},"type":"if","locations":[{"start":{"line":187,"column":25},"end":{"line":190,"column":19}},{"start":{},"end":{}}],"line":187},"15":{"loc":{"start":{"line":198,"column":24},"end":{"line":198,"column":60}},"type":"binary-expr","locations":[{"start":{"line":198,"column":24},"end":{"line":198,"column":36}},{"start":{"line":198,"column":40},"end":{"line":198,"column":60}}],"line":198}},"s":{"0":36,"1":36,"2":36,"3":35,"4":15,"5":15,"6":20,"7":20,"8":36,"9":20,"10":16,"11":16,"12":3,"13":4,"14":3,"15":2,"16":1,"17":3,"18":16,"19":1,"20":0,"21":1,"22":1,"23":1,"24":1,"25":1,"26":7,"27":7,"28":7,"29":6,"30":16,"31":16,"32":20,"33":20,"34":20,"35":20,"36":20,"37":4,"38":4,"39":16,"40":5,"41":5,"42":20,"43":7,"44":5},"f":{"0":36,"1":35,"2":16,"3":1,"4":1,"5":7,"6":20,"7":7},"b":{"0":[15,20],"1":[20,16],"2":[36,16],"3":[2],"4":[7],"5":[15],"6":[3,4,3,2,1,3,3],"7":[0,1],"8":[1,0],"9":[1,1],"10":[6,1],"11":[9,7],"12":[16,4],"13":[4,16],"14":[5,11],"15":[20,8]},"_coverageSchema":"1a1c01bbd47fc00a2c39e90264f33305004495a9","hash":"ac8b4cbc4e3e8017308a3ce87977186a62a5b330"}
,"/Users/nickpiscopio/Documents/workarea/nick/interval/src/components/ExerciseDetailModal.tsx": {"path":"/Users/nickpiscopio/Documents/workarea/nick/interval/src/components/ExerciseDetailModal.tsx","statementMap":{"0":{"start":{"line":24,"column":34},"end":{"line":24,"column":58}},"1":{"start":{"line":45,"column":2},"end":{"line":45,"column":29}},"2":{"start":{"line":45,"column":17},"end":{"line":45,"column":29}},"3":{"start":{"line":48,"column":4},"end":{"line":48,"column":59}},"4":{"start":{"line":49,"column":4},"end":{"line":51,"column":5}},"5":{"start":{"line":50,"column":6},"end":{"line":50,"column":34}},"6":{"start":{"line":52,"column":4},"end":{"line":52,"column":14}},"7":{"start":{"line":56,"column":4},"end":{"line":56,"column":60}},"8":{"start":{"line":57,"column":4},"end":{"line":59,"column":5}},"9":{"start":{"line":58,"column":6},"end":{"line":58,"column":37}},"10":{"start":{"line":60,"column":4},"end":{"line":60,"column":14}},"11":{"start":{"line":64,"column":4},"end":{"line":64,"column":59}},"12":{"start":{"line":65,"column":4},"end":{"line":67,"column":5}},"13":{"start":{"line":66,"column":6},"end":{"line":66,"column":37}},"14":{"start":{"line":68,"column":4},"end":{"line":68,"column":14}},"15":{"start":{"line":71,"column":51},"end":{"line":78,"column":3}},"16":{"start":{"line":80,"column":21},"end":{"line":80,"column":74}},"17":{"start":{"line":82,"column":2},"end":{"line":247,"column":4}},"18":{"start":{"line":146,"column":24},"end":{"line":151,"column":31}},"19":{"start":{"line":165,"column":24},"end":{"line":167,"column":31}},"20":{"start":{"line":192,"column":22},"end":{"line":197,"column":29}},"21":{"start":{"line":250,"column":15},"end":{"line":472,"column":2}}},"fnMap":{"0":{"name":"ExerciseDetailModal","decl":{"start":{"line":36,"column":16},"end":{"line":36,"column":35}},"loc":{"start":{"line":44,"column":29},"end":{"line":248,"column":1}},"line":44},"1":{"name":"handleSelect","decl":{"start":{"line":47,"column":11},"end":{"line":47,"column":23}},"loc":{"start":{"line":47,"column":26},"end":{"line":53,"column":3}},"line":47},"2":{"name":"handleStartQuickRoutine","decl":{"start":{"line":55,"column":11},"end":{"line":55,"column":34}},"loc":{"start":{"line":55,"column":37},"end":{"line":61,"column":3}},"line":55},"3":{"name":"handleCreateCustomTimer","decl":{"start":{"line":63,"column":11},"end":{"line":63,"column":34}},"loc":{"start":{"line":63,"column":37},"end":{"line":69,"column":3}},"line":63},"4":{"name":"(anonymous_4)","decl":{"start":{"line":145,"column":46},"end":{"line":145,"column":47}},"loc":{"start":{"line":146,"column":24},"end":{"line":151,"column":31}},"line":146},"5":{"name":"(anonymous_5)","decl":{"start":{"line":164,"column":50},"end":{"line":164,"column":51}},"loc":{"start":{"line":165,"column":24},"end":{"line":167,"column":31}},"line":165},"6":{"name":"(anonymous_6)","decl":{"start":{"line":191,"column":47},"end":{"line":191,"column":48}},"loc":{"start":{"line":192,"column":22},"end":{"line":197,"column":29}},"line":192}},"branchMap":{"0":{"loc":{"start":{"line":39,"column":2},"end":{"line":39,"column":17}},"type":"default-arg","locations":[{"start":{"line":39,"column":9},"end":{"line":39,"column":17}}],"line":39},"1":{"loc":{"start":{"line":45,"column":2},"end":{"line":45,"column":29}},"type":"if","locations":[{"start":{"line":45,"column":2},"end":{"line":45,"column":29}},{"start":{},"end":{}}],"line":45},"2":{"loc":{"start":{"line":49,"column":4},"end":{"line":51,"column":5}},"type":"if","locations":[{"start":{"line":49,"column":4},"end":{"line":51,"column":5}},{"start":{},"end":{}}],"line":49},"3":{"loc":{"start":{"line":57,"column":4},"end":{"line":59,"column":5}},"type":"if","locations":[{"start":{"line":57,"column":4},"end":{"line":59,"column":5}},{"start":{},"end":{}}],"line":57},"4":{"loc":{"start":{"line":65,"column":4},"end":{"line":67,"column":5}},"type":"if","locations":[{"start":{"line":65,"column":4},"end":{"line":67,"column":5}},{"start":{},"end":{}}],"line":65},"5":{"loc":{"start":{"line":80,"column":21},"end":{"line":80,"column":74}},"type":"binary-expr","locations":[{"start":{"line":80,"column":21},"end":{"line":80,"column":56}},{"start":{"line":80,"column":60},"end":{"line":80,"column":74}}],"line":80},"6":{"loc":{"start":{"line":119,"column":28},"end":{"line":119,"column":86}},"type":"cond-expr","locations":[{"start":{"line":119,"column":65},"end":{"line":119,"column":74}},{"start":{"line":119,"column":77},"end":{"line":119,"column":86}}],"line":119},"7":{"loc":{"start":{"line":139,"column":17},"end":{"line":155,"column":17}},"type":"binary-expr","locations":[{"start":{"line":139,"column":17},"end":{"line":139,"column":35}},{"start":{"line":139,"column":39},"end":{"line":139,"column":68}},{"start":{"line":140,"column":18},"end":{"line":154,"column":25}}],"line":139},"8":{"loc":{"start":{"line":158,"column":17},"end":{"line":171,"column":17}},"type":"binary-expr","locations":[{"start":{"line":158,"column":17},"end":{"line":158,"column":39}},{"start":{"line":158,"column":43},"end":{"line":158,"column":76}},{"start":{"line":159,"column":18},"end":{"line":170,"column":25}}],"line":158},"9":{"loc":{"start":{"line":174,"column":17},"end":{"line":183,"column":24}},"type":"cond-expr","locations":[{"start":{"line":175,"column":18},"end":{"line":182,"column":25}},{"start":{"line":183,"column":20},"end":{"line":183,"column":24}}],"line":174},"10":{"loc":{"start":{"line":186,"column":17},"end":{"line":200,"column":17}},"type":"binary-expr","locations":[{"start":{"line":186,"column":17},"end":{"line":186,"column":38}},{"start":{"line":186,"column":42},"end":{"line":186,"column":74}},{"start":{"line":187,"column":18},"end":{"line":199,"column":25}}],"line":186},"11":{"loc":{"start":{"line":205,"column":17},"end":{"line":240,"column":17}},"type":"cond-expr","locations":[{"start":{"line":206,"column":18},"end":{"line":228,"column":25}},{"start":{"line":230,"column":18},"end":{"line":239,"column":37}}],"line":205}},"s":{"0":6,"1":34,"2":27,"3":3,"4":3,"5":3,"6":3,"7":3,"8":3,"9":3,"10":3,"11":2,"12":2,"13":2,"14":2,"15":7,"16":7,"17":7,"18":14,"19":14,"20":26,"21":6},"f":{"0":34,"1":3,"2":3,"3":2,"4":14,"5":14,"6":26},"b":{"0":[1],"1":[27,7],"2":[3,0],"3":[3,0],"4":[2,0],"5":[7,0],"6":[7,0],"7":[7,7,7],"8":[7,7,7],"9":[7,0],"10":[7,7,7],"11":[4,3]},"_coverageSchema":"1a1c01bbd47fc00a2c39e90264f33305004495a9","hash":"483f08529e9a6f2f8b6184f0138157470ddd1875"}
,"/Users/nickpiscopio/Documents/workarea/nick/interval/src/components/ExerciseLibraryView.tsx": {"path":"/Users/nickpiscopio/Documents/workarea/nick/interval/src/components/ExerciseLibraryView.tsx","statementMap":{"0":{"start":{"line":34,"column":19},"end":{"line":42,"column":10}},"1":{"start":{"line":49,"column":40},"end":{"line":49,"column":52}},"2":{"start":{"line":50,"column":50},"end":{"line":50,"column":73}},"3":{"start":{"line":51,"column":50},"end":{"line":51,"column":73}},"4":{"start":{"line":52,"column":50},"end":{"line":52,"column":81}},"5":{"start":{"line":54,"column":27},"end":{"line":56,"column":8}},"6":{"start":{"line":55,"column":4},"end":{"line":55,"column":54}},"7":{"start":{"line":58,"column":28},"end":{"line":92,"column":73}},"8":{"start":{"line":59,"column":18},"end":{"line":59,"column":50}},"9":{"start":{"line":61,"column":4},"end":{"line":91,"column":7}},"10":{"start":{"line":63,"column":6},"end":{"line":65,"column":7}},"11":{"start":{"line":64,"column":8},"end":{"line":64,"column":21}},"12":{"start":{"line":68,"column":6},"end":{"line":72,"column":7}},"13":{"start":{"line":69,"column":8},"end":{"line":71,"column":9}},"14":{"start":{"line":70,"column":10},"end":{"line":70,"column":23}},"15":{"start":{"line":75,"column":6},"end":{"line":75,"column":30}},"16":{"start":{"line":75,"column":18},"end":{"line":75,"column":30}},"17":{"start":{"line":77,"column":24},"end":{"line":77,"column":67}},"18":{"start":{"line":78,"column":24},"end":{"line":78,"column":82}},"19":{"start":{"line":79,"column":26},"end":{"line":81,"column":7}},"20":{"start":{"line":80,"column":8},"end":{"line":80,"column":39}},"21":{"start":{"line":82,"column":28},"end":{"line":85,"column":8}},"22":{"start":{"line":83,"column":23},"end":{"line":83,"column":65}},"23":{"start":{"line":84,"column":8},"end":{"line":84,"column":74}},"24":{"start":{"line":86,"column":31},"end":{"line":88,"column":7}},"25":{"start":{"line":87,"column":8},"end":{"line":87,"column":42}},"26":{"start":{"line":90,"column":6},"end":{"line":90,"column":88}},"27":{"start":{"line":95,"column":4},"end":{"line":95,"column":59}},"28":{"start":{"line":96,"column":4},"end":{"line":96,"column":62}},"29":{"start":{"line":97,"column":4},"end":{"line":97,"column":34}},"30":{"start":{"line":101,"column":4},"end":{"line":101,"column":25}},"31":{"start":{"line":102,"column":4},"end":{"line":104,"column":5}},"32":{"start":{"line":103,"column":6},"end":{"line":103,"column":45}},"33":{"start":{"line":108,"column":4},"end":{"line":108,"column":59}},"34":{"start":{"line":109,"column":4},"end":{"line":109,"column":30}},"35":{"start":{"line":110,"column":4},"end":{"line":110,"column":31}},"36":{"start":{"line":113,"column":51},"end":{"line":120,"column":3}},"37":{"start":{"line":122,"column":2},"end":{"line":347,"column":4}},"38":{"start":{"line":140,"column":27},"end":{"line":140,"column":45}},"39":{"start":{"line":156,"column":31},"end":{"line":156,"column":55}},"40":{"start":{"line":157,"column":33},"end":{"line":157,"column":53}},"41":{"start":{"line":158,"column":12},"end":{"line":191,"column":14}},"42":{"start":{"line":167,"column":18},"end":{"line":167,"column":73}},"43":{"start":{"line":168,"column":18},"end":{"line":168,"column":43}},"44":{"start":{"line":209,"column":14},"end":{"line":209,"column":69}},"45":{"start":{"line":210,"column":14},"end":{"line":210,"column":41}},"46":{"start":{"line":224,"column":31},"end":{"line":224,"column":57}},"47":{"start":{"line":225,"column":12},"end":{"line":249,"column":14}},"48":{"start":{"line":232,"column":31},"end":{"line":232,"column":58}},"49":{"start":{"line":264,"column":32},"end":{"line":264,"column":39}},"50":{"start":{"line":268,"column":29},"end":{"line":268,"column":78}},"51":{"start":{"line":269,"column":10},"end":{"line":324,"column":12}},"52":{"start":{"line":273,"column":29},"end":{"line":273,"column":50}},"53":{"start":{"line":310,"column":20},"end":{"line":314,"column":27}},"54":{"start":{"line":342,"column":23},"end":{"line":342,"column":48}},"55":{"start":{"line":350,"column":15},"end":{"line":563,"column":2}}},"fnMap":{"0":{"name":"ExerciseLibraryView","decl":{"start":{"line":44,"column":16},"end":{"line":44,"column":35}},"loc":{"start":{"line":48,"column":29},"end":{"line":348,"column":1}},"line":48},"1":{"name":"(anonymous_1)","decl":{"start":{"line":54,"column":35},"end":{"line":54,"column":36}},"loc":{"start":{"line":54,"column":41},"end":{"line":56,"column":3}},"line":54},"2":{"name":"(anonymous_2)","decl":{"start":{"line":58,"column":36},"end":{"line":58,"column":37}},"loc":{"start":{"line":58,"column":42},"end":{"line":92,"column":3}},"line":58},"3":{"name":"(anonymous_3)","decl":{"start":{"line":61,"column":35},"end":{"line":61,"column":36}},"loc":{"start":{"line":61,"column":49},"end":{"line":91,"column":5}},"line":61},"4":{"name":"(anonymous_4)","decl":{"start":{"line":79,"column":62},"end":{"line":79,"column":63}},"loc":{"start":{"line":80,"column":8},"end":{"line":80,"column":39}},"line":80},"5":{"name":"(anonymous_5)","decl":{"start":{"line":82,"column":60},"end":{"line":82,"column":61}},"loc":{"start":{"line":82,"column":68},"end":{"line":85,"column":7}},"line":82},"6":{"name":"(anonymous_6)","decl":{"start":{"line":86,"column":58},"end":{"line":86,"column":59}},"loc":{"start":{"line":87,"column":8},"end":{"line":87,"column":42}},"line":87},"7":{"name":"handleCardPress","decl":{"start":{"line":94,"column":11},"end":{"line":94,"column":26}},"loc":{"start":{"line":94,"column":47},"end":{"line":98,"column":3}},"line":94},"8":{"name":"handleSearchChange","decl":{"start":{"line":100,"column":11},"end":{"line":100,"column":29}},"loc":{"start":{"line":100,"column":44},"end":{"line":105,"column":3}},"line":100},"9":{"name":"handleBodyPartSelect","decl":{"start":{"line":107,"column":11},"end":{"line":107,"column":31}},"loc":{"start":{"line":107,"column":46},"end":{"line":111,"column":3}},"line":107},"10":{"name":"(anonymous_10)","decl":{"start":{"line":140,"column":21},"end":{"line":140,"column":22}},"loc":{"start":{"line":140,"column":27},"end":{"line":140,"column":45}},"line":140},"11":{"name":"(anonymous_11)","decl":{"start":{"line":155,"column":26},"end":{"line":155,"column":27}},"loc":{"start":{"line":155,"column":35},"end":{"line":192,"column":11}},"line":155},"12":{"name":"(anonymous_12)","decl":{"start":{"line":166,"column":25},"end":{"line":166,"column":26}},"loc":{"start":{"line":166,"column":31},"end":{"line":169,"column":17}},"line":166},"13":{"name":"(anonymous_13)","decl":{"start":{"line":208,"column":21},"end":{"line":208,"column":22}},"loc":{"start":{"line":208,"column":27},"end":{"line":211,"column":13}},"line":208},"14":{"name":"(anonymous_14)","decl":{"start":{"line":223,"column":33},"end":{"line":223,"column":34}},"loc":{"start":{"line":223,"column":41},"end":{"line":250,"column":11}},"line":223},"15":{"name":"(anonymous_15)","decl":{"start":{"line":232,"column":25},"end":{"line":232,"column":26}},"loc":{"start":{"line":232,"column":31},"end":{"line":232,"column":58}},"line":232},"16":{"name":"(anonymous_16)","decl":{"start":{"line":264,"column":22},"end":{"line":264,"column":23}},"loc":{"start":{"line":264,"column":32},"end":{"line":264,"column":39}},"line":264},"17":{"name":"(anonymous_17)","decl":{"start":{"line":267,"column":20},"end":{"line":267,"column":21}},"loc":{"start":{"line":267,"column":34},"end":{"line":325,"column":9}},"line":267},"18":{"name":"(anonymous_18)","decl":{"start":{"line":273,"column":23},"end":{"line":273,"column":24}},"loc":{"start":{"line":273,"column":29},"end":{"line":273,"column":50}},"line":273},"19":{"name":"(anonymous_19)","decl":{"start":{"line":309,"column":50},"end":{"line":309,"column":51}},"loc":{"start":{"line":310,"column":20},"end":{"line":314,"column":27}},"line":310},"20":{"name":"(anonymous_20)","decl":{"start":{"line":342,"column":17},"end":{"line":342,"column":18}},"loc":{"start":{"line":342,"column":23},"end":{"line":342,"column":48}},"line":342}},"branchMap":{"0":{"loc":{"start":{"line":47,"column":2},"end":{"line":47,"column":20}},"type":"default-arg","locations":[{"start":{"line":47,"column":18},"end":{"line":47,"column":20}}],"line":47},"1":{"loc":{"start":{"line":63,"column":6},"end":{"line":65,"column":7}},"type":"if","locations":[{"start":{"line":63,"column":6},"end":{"line":65,"column":7}},{"start":{},"end":{}}],"line":63},"2":{"loc":{"start":{"line":63,"column":10},"end":{"line":63,"column":78}},"type":"binary-expr","locations":[{"start":{"line":63,"column":10},"end":{"line":63,"column":36}},{"start":{"line":63,"column":40},"end":{"line":63,"column":78}}],"line":63},"3":{"loc":{"start":{"line":68,"column":6},"end":{"line":72,"column":7}},"type":"if","locations":[{"start":{"line":68,"column":6},"end":{"line":72,"column":7}},{"start":{},"end":{}}],"line":68},"4":{"loc":{"start":{"line":69,"column":8},"end":{"line":71,"column":9}},"type":"if","locations":[{"start":{"line":69,"column":8},"end":{"line":71,"column":9}},{"start":{},"end":{}}],"line":69},"5":{"loc":{"start":{"line":69,"column":12},"end":{"line":69,"column":93}},"type":"binary-expr","locations":[{"start":{"line":69,"column":12},"end":{"line":69,"column":31}},{"start":{"line":69,"column":35},"end":{"line":69,"column":93}}],"line":69},"6":{"loc":{"start":{"line":75,"column":6},"end":{"line":75,"column":30}},"type":"if","locations":[{"start":{"line":75,"column":6},"end":{"line":75,"column":30}},{"start":{},"end":{}}],"line":75},"7":{"loc":{"start":{"line":78,"column":25},"end":{"line":78,"column":51}},"type":"binary-expr","locations":[{"start":{"line":78,"column":25},"end":{"line":78,"column":45}},{"start":{"line":78,"column":49},"end":{"line":78,"column":51}}],"line":78},"8":{"loc":{"start":{"line":79,"column":27},"end":{"line":79,"column":55}},"type":"binary-expr","locations":[{"start":{"line":79,"column":27},"end":{"line":79,"column":49}},{"start":{"line":79,"column":53},"end":{"line":79,"column":55}}],"line":79},"9":{"loc":{"start":{"line":82,"column":29},"end":{"line":82,"column":53}},"type":"binary-expr","locations":[{"start":{"line":82,"column":29},"end":{"line":82,"column":47}},{"start":{"line":82,"column":51},"end":{"line":82,"column":53}}],"line":82},"10":{"loc":{"start":{"line":84,"column":15},"end":{"line":84,"column":73}},"type":"binary-expr","locations":[{"start":{"line":84,"column":15},"end":{"line":84,"column":47}},{"start":{"line":84,"column":51},"end":{"line":84,"column":73}}],"line":84},"11":{"loc":{"start":{"line":90,"column":13},"end":{"line":90,"column":87}},"type":"binary-expr","locations":[{"start":{"line":90,"column":13},"end":{"line":90,"column":22}},{"start":{"line":90,"column":26},"end":{"line":90,"column":35}},{"start":{"line":90,"column":39},"end":{"line":90,"column":50}},{"start":{"line":90,"column":54},"end":{"line":90,"column":67}},{"start":{"line":90,"column":71},"end":{"line":90,"column":87}}],"line":90},"12":{"loc":{"start":{"line":102,"column":4},"end":{"line":104,"column":5}},"type":"if","locations":[{"start":{"line":102,"column":4},"end":{"line":104,"column":5}},{"start":{},"end":{}}],"line":102},"13":{"loc":{"start":{"line":137,"column":9},"end":{"line":145,"column":9}},"type":"binary-expr","locations":[{"start":{"line":137,"column":9},"end":{"line":137,"column":31}},{"start":{"line":138,"column":10},"end":{"line":144,"column":29}}],"line":137},"14":{"loc":{"start":{"line":163,"column":18},"end":{"line":163,"column":57}},"type":"binary-expr","locations":[{"start":{"line":163,"column":18},"end":{"line":163,"column":28}},{"start":{"line":163,"column":32},"end":{"line":163,"column":57}}],"line":163},"15":{"loc":{"start":{"line":164,"column":18},"end":{"line":164,"column":80}},"type":"binary-expr","locations":[{"start":{"line":164,"column":18},"end":{"line":164,"column":30}},{"start":{"line":164,"column":34},"end":{"line":164,"column":45}},{"start":{"line":164,"column":49},"end":{"line":164,"column":80}}],"line":164},"16":{"loc":{"start":{"line":171,"column":17},"end":{"line":178,"column":17}},"type":"binary-expr","locations":[{"start":{"line":171,"column":17},"end":{"line":171,"column":29}},{"start":{"line":172,"column":18},"end":{"line":177,"column":20}}],"line":171},"17":{"loc":{"start":{"line":175,"column":27},"end":{"line":175,"column":61}},"type":"cond-expr","locations":[{"start":{"line":175,"column":40},"end":{"line":175,"column":49}},{"start":{"line":175,"column":52},"end":{"line":175,"column":61}}],"line":175},"18":{"loc":{"start":{"line":182,"column":20},"end":{"line":182,"column":63}},"type":"binary-expr","locations":[{"start":{"line":182,"column":20},"end":{"line":182,"column":30}},{"start":{"line":182,"column":34},"end":{"line":182,"column":63}}],"line":182},"19":{"loc":{"start":{"line":183,"column":20},"end":{"line":183,"column":90}},"type":"binary-expr","locations":[{"start":{"line":183,"column":20},"end":{"line":183,"column":32}},{"start":{"line":183,"column":36},"end":{"line":183,"column":47}},{"start":{"line":183,"column":51},"end":{"line":183,"column":90}}],"line":183},"20":{"loc":{"start":{"line":186,"column":19},"end":{"line":188,"column":51}},"type":"cond-expr","locations":[{"start":{"line":187,"column":22},"end":{"line":187,"column":50}},{"start":{"line":188,"column":22},"end":{"line":188,"column":51}}],"line":186},"21":{"loc":{"start":{"line":206,"column":14},"end":{"line":206,"column":71}},"type":"binary-expr","locations":[{"start":{"line":206,"column":14},"end":{"line":206,"column":40}},{"start":{"line":206,"column":44},"end":{"line":206,"column":71}}],"line":206},"22":{"loc":{"start":{"line":216,"column":16},"end":{"line":216,"column":77}},"type":"binary-expr","locations":[{"start":{"line":216,"column":16},"end":{"line":216,"column":42}},{"start":{"line":216,"column":46},"end":{"line":216,"column":77}}],"line":216},"23":{"loc":{"start":{"line":230,"column":18},"end":{"line":230,"column":59}},"type":"binary-expr","locations":[{"start":{"line":230,"column":18},"end":{"line":230,"column":28}},{"start":{"line":230,"column":32},"end":{"line":230,"column":59}}],"line":230},"24":{"loc":{"start":{"line":237,"column":25},"end":{"line":237,"column":59}},"type":"cond-expr","locations":[{"start":{"line":237,"column":38},"end":{"line":237,"column":47}},{"start":{"line":237,"column":50},"end":{"line":237,"column":59}}],"line":237},"25":{"loc":{"start":{"line":243,"column":20},"end":{"line":243,"column":65}},"type":"binary-expr","locations":[{"start":{"line":243,"column":20},"end":{"line":243,"column":30}},{"start":{"line":243,"column":34},"end":{"line":243,"column":65}}],"line":243},"26":{"loc":{"start":{"line":268,"column":29},"end":{"line":268,"column":78}},"type":"binary-expr","locations":[{"start":{"line":268,"column":29},"end":{"line":268,"column":60}},{"start":{"line":268,"column":64},"end":{"line":268,"column":78}}],"line":268},"27":{"loc":{"start":{"line":300,"column":15},"end":{"line":304,"column":22}},"type":"cond-expr","locations":[{"start":{"line":301,"column":16},"end":{"line":303,"column":23}},{"start":{"line":304,"column":18},"end":{"line":304,"column":22}}],"line":300},"28":{"loc":{"start":{"line":307,"column":15},"end":{"line":322,"column":15}},"type":"binary-expr","locations":[{"start":{"line":307,"column":15},"end":{"line":307,"column":29}},{"start":{"line":307,"column":33},"end":{"line":307,"column":58}},{"start":{"line":308,"column":16},"end":{"line":321,"column":23}}],"line":307},"29":{"loc":{"start":{"line":316,"column":19},"end":{"line":320,"column":19}},"type":"binary-expr","locations":[{"start":{"line":316,"column":19},"end":{"line":316,"column":44}},{"start":{"line":317,"column":20},"end":{"line":319,"column":27}}],"line":316}},"s":{"0":3,"1":17,"2":17,"3":17,"4":17,"5":17,"6":4,"7":17,"8":10,"9":10,"10":720,"11":120,"12":600,"13":32,"14":27,"15":573,"16":429,"17":144,"18":144,"19":144,"20":386,"21":144,"22":328,"23":328,"24":144,"25":472,"26":144,"27":3,"28":3,"29":3,"30":2,"31":2,"32":2,"33":1,"34":1,"35":1,"36":17,"37":17,"38":1,"39":119,"40":119,"41":119,"42":1,"43":1,"44":1,"45":1,"46":204,"47":204,"48":1,"49":197,"50":146,"51":146,"52":3,"53":261,"54":3,"55":3},"f":{"0":17,"1":4,"2":10,"3":720,"4":386,"5":328,"6":472,"7":3,"8":2,"9":1,"10":1,"11":119,"12":1,"13":1,"14":204,"15":1,"16":197,"17":146,"18":3,"19":261,"20":3},"b":{"0":[11],"1":[120,600],"2":[720,216],"3":[32,568],"4":[27,5],"5":[32,32],"6":[429,144],"7":[144,0],"8":[144,0],"9":[144,0],"10":[328,328],"11":[144,144,143,143,143],"12":[2,0],"13":[17,2],"14":[119,17],"15":[119,17,14],"16":[119,17],"17":[3,14],"18":[119,17],"19":[119,17,14],"20":[17,102],"21":[17,16],"22":[17,16],"23":[204,1],"24":[1,203],"25":[204,1],"26":[146,0],"27":[146,0],"28":[146,146,146],"29":[146,0]},"_coverageSchema":"1a1c01bbd47fc00a2c39e90264f33305004495a9","hash":"563e82f3dfc20e2dbb00b7919d0f63d21fd56b05"}
,"/Users/nickpiscopio/Documents/workarea/nick/interval/src/components/ExercisePickerModal.tsx": {"path":"/Users/nickpiscopio/Documents/workarea/nick/interval/src/components/ExercisePickerModal.tsx","statementMap":{"0":{"start":{"line":36,"column":19},"end":{"line":36,"column":84}},"1":{"start":{"line":39,"column":40},"end":{"line":39,"column":52}},"2":{"start":{"line":40,"column":50},"end":{"line":40,"column":65}},"3":{"start":{"line":41,"column":50},"end":{"line":41,"column":73}},"4":{"start":{"line":42,"column":54},"end":{"line":42,"column":85}},"5":{"start":{"line":44,"column":24},"end":{"line":46,"column":15}},"6":{"start":{"line":45,"column":4},"end":{"line":45,"column":54}},"7":{"start":{"line":48,"column":28},"end":{"line":78,"column":70}},"8":{"start":{"line":49,"column":18},"end":{"line":49,"column":50}},"9":{"start":{"line":51,"column":4},"end":{"line":77,"column":7}},"10":{"start":{"line":53,"column":6},"end":{"line":55,"column":7}},"11":{"start":{"line":54,"column":8},"end":{"line":54,"column":21}},"12":{"start":{"line":58,"column":6},"end":{"line":62,"column":7}},"13":{"start":{"line":59,"column":8},"end":{"line":61,"column":9}},"14":{"start":{"line":60,"column":10},"end":{"line":60,"column":23}},"15":{"start":{"line":65,"column":6},"end":{"line":65,"column":30}},"16":{"start":{"line":65,"column":18},"end":{"line":65,"column":30}},"17":{"start":{"line":67,"column":24},"end":{"line":67,"column":63}},"18":{"start":{"line":68,"column":24},"end":{"line":68,"column":78}},"19":{"start":{"line":69,"column":26},"end":{"line":69,"column":97}},"20":{"start":{"line":69,"column":65},"end":{"line":69,"column":96}},"21":{"start":{"line":70,"column":28},"end":{"line":73,"column":8}},"22":{"start":{"line":71,"column":23},"end":{"line":71,"column":65}},"23":{"start":{"line":72,"column":8},"end":{"line":72,"column":74}},"24":{"start":{"line":74,"column":31},"end":{"line":74,"column":99}},"25":{"start":{"line":74,"column":64},"end":{"line":74,"column":98}},"26":{"start":{"line":76,"column":6},"end":{"line":76,"column":88}},"27":{"start":{"line":81,"column":4},"end":{"line":81,"column":59}},"28":{"start":{"line":82,"column":4},"end":{"line":82,"column":19}},"29":{"start":{"line":83,"column":4},"end":{"line":83,"column":14}},"30":{"start":{"line":86,"column":49},"end":{"line":93,"column":3}},"31":{"start":{"line":95,"column":2},"end":{"line":264,"column":4}},"32":{"start":{"line":124,"column":45},"end":{"line":124,"column":63}},"33":{"start":{"line":134,"column":33},"end":{"line":134,"column":57}},"34":{"start":{"line":135,"column":35},"end":{"line":135,"column":55}},"35":{"start":{"line":136,"column":14},"end":{"line":165,"column":16}},"36":{"start":{"line":144,"column":33},"end":{"line":144,"column":57}},"37":{"start":{"line":175,"column":29},"end":{"line":175,"column":55}},"38":{"start":{"line":183,"column":33},"end":{"line":183,"column":59}},"39":{"start":{"line":184,"column":14},"end":{"line":201,"column":16}},"40":{"start":{"line":188,"column":33},"end":{"line":188,"column":59}},"41":{"start":{"line":209,"column":34},"end":{"line":209,"column":41}},"42":{"start":{"line":211,"column":40},"end":{"line":211,"column":73}},"43":{"start":{"line":213,"column":31},"end":{"line":213,"column":73}},"44":{"start":{"line":214,"column":12},"end":{"line":243,"column":14}},"45":{"start":{"line":217,"column":31},"end":{"line":217,"column":58}},"46":{"start":{"line":259,"column":25},"end":{"line":259,"column":52}},"47":{"start":{"line":267,"column":15},"end":{"line":472,"column":2}}},"fnMap":{"0":{"name":"ExercisePickerModal","decl":{"start":{"line":38,"column":16},"end":{"line":38,"column":35}},"loc":{"start":{"line":38,"column":94},"end":{"line":265,"column":1}},"line":38},"1":{"name":"(anonymous_1)","decl":{"start":{"line":44,"column":32},"end":{"line":44,"column":33}},"loc":{"start":{"line":44,"column":38},"end":{"line":46,"column":3}},"line":44},"2":{"name":"(anonymous_2)","decl":{"start":{"line":48,"column":36},"end":{"line":48,"column":37}},"loc":{"start":{"line":48,"column":42},"end":{"line":78,"column":3}},"line":48},"3":{"name":"(anonymous_3)","decl":{"start":{"line":51,"column":32},"end":{"line":51,"column":33}},"loc":{"start":{"line":51,"column":42},"end":{"line":77,"column":5}},"line":51},"4":{"name":"(anonymous_4)","decl":{"start":{"line":69,"column":58},"end":{"line":69,"column":59}},"loc":{"start":{"line":69,"column":65},"end":{"line":69,"column":96}},"line":69},"5":{"name":"(anonymous_5)","decl":{"start":{"line":70,"column":56},"end":{"line":70,"column":57}},"loc":{"start":{"line":70,"column":64},"end":{"line":73,"column":7}},"line":70},"6":{"name":"(anonymous_6)","decl":{"start":{"line":74,"column":54},"end":{"line":74,"column":55}},"loc":{"start":{"line":74,"column":64},"end":{"line":74,"column":98}},"line":74},"7":{"name":"handleSelect","decl":{"start":{"line":80,"column":11},"end":{"line":80,"column":23}},"loc":{"start":{"line":80,"column":40},"end":{"line":84,"column":3}},"line":80},"8":{"name":"(anonymous_8)","decl":{"start":{"line":124,"column":39},"end":{"line":124,"column":40}},"loc":{"start":{"line":124,"column":45},"end":{"line":124,"column":63}},"line":124},"9":{"name":"(anonymous_9)","decl":{"start":{"line":133,"column":28},"end":{"line":133,"column":29}},"loc":{"start":{"line":133,"column":37},"end":{"line":166,"column":13}},"line":133},"10":{"name":"(anonymous_10)","decl":{"start":{"line":144,"column":27},"end":{"line":144,"column":28}},"loc":{"start":{"line":144,"column":33},"end":{"line":144,"column":57}},"line":144},"11":{"name":"(anonymous_11)","decl":{"start":{"line":175,"column":23},"end":{"line":175,"column":24}},"loc":{"start":{"line":175,"column":29},"end":{"line":175,"column":55}},"line":175},"12":{"name":"(anonymous_12)","decl":{"start":{"line":182,"column":35},"end":{"line":182,"column":36}},"loc":{"start":{"line":182,"column":43},"end":{"line":202,"column":13}},"line":182},"13":{"name":"(anonymous_13)","decl":{"start":{"line":188,"column":27},"end":{"line":188,"column":28}},"loc":{"start":{"line":188,"column":33},"end":{"line":188,"column":59}},"line":188},"14":{"name":"(anonymous_14)","decl":{"start":{"line":209,"column":24},"end":{"line":209,"column":25}},"loc":{"start":{"line":209,"column":34},"end":{"line":209,"column":41}},"line":209},"15":{"name":"(anonymous_15)","decl":{"start":{"line":211,"column":34},"end":{"line":211,"column":35}},"loc":{"start":{"line":211,"column":40},"end":{"line":211,"column":73}},"line":211},"16":{"name":"(anonymous_16)","decl":{"start":{"line":212,"column":22},"end":{"line":212,"column":23}},"loc":{"start":{"line":212,"column":36},"end":{"line":244,"column":11}},"line":212},"17":{"name":"(anonymous_17)","decl":{"start":{"line":217,"column":25},"end":{"line":217,"column":26}},"loc":{"start":{"line":217,"column":31},"end":{"line":217,"column":58}},"line":217},"18":{"name":"(anonymous_18)","decl":{"start":{"line":259,"column":19},"end":{"line":259,"column":20}},"loc":{"start":{"line":259,"column":25},"end":{"line":259,"column":52}},"line":259}},"branchMap":{"0":{"loc":{"start":{"line":53,"column":6},"end":{"line":55,"column":7}},"type":"if","locations":[{"start":{"line":53,"column":6},"end":{"line":55,"column":7}},{"start":{},"end":{}}],"line":53},"1":{"loc":{"start":{"line":53,"column":10},"end":{"line":53,"column":74}},"type":"binary-expr","locations":[{"start":{"line":53,"column":10},"end":{"line":53,"column":36}},{"start":{"line":53,"column":40},"end":{"line":53,"column":74}}],"line":53},"2":{"loc":{"start":{"line":58,"column":6},"end":{"line":62,"column":7}},"type":"if","locations":[{"start":{"line":58,"column":6},"end":{"line":62,"column":7}},{"start":{},"end":{}}],"line":58},"3":{"loc":{"start":{"line":59,"column":8},"end":{"line":61,"column":9}},"type":"if","locations":[{"start":{"line":59,"column":8},"end":{"line":61,"column":9}},{"start":{},"end":{}}],"line":59},"4":{"loc":{"start":{"line":59,"column":12},"end":{"line":59,"column":85}},"type":"binary-expr","locations":[{"start":{"line":59,"column":12},"end":{"line":59,"column":27}},{"start":{"line":59,"column":31},"end":{"line":59,"column":85}}],"line":59},"5":{"loc":{"start":{"line":65,"column":6},"end":{"line":65,"column":30}},"type":"if","locations":[{"start":{"line":65,"column":6},"end":{"line":65,"column":30}},{"start":{},"end":{}}],"line":65},"6":{"loc":{"start":{"line":68,"column":25},"end":{"line":68,"column":47}},"type":"binary-expr","locations":[{"start":{"line":68,"column":25},"end":{"line":68,"column":41}},{"start":{"line":68,"column":45},"end":{"line":68,"column":47}}],"line":68},"7":{"loc":{"start":{"line":69,"column":27},"end":{"line":69,"column":51}},"type":"binary-expr","locations":[{"start":{"line":69,"column":27},"end":{"line":69,"column":45}},{"start":{"line":69,"column":49},"end":{"line":69,"column":51}}],"line":69},"8":{"loc":{"start":{"line":70,"column":29},"end":{"line":70,"column":49}},"type":"binary-expr","locations":[{"start":{"line":70,"column":29},"end":{"line":70,"column":43}},{"start":{"line":70,"column":47},"end":{"line":70,"column":49}}],"line":70},"9":{"loc":{"start":{"line":72,"column":15},"end":{"line":72,"column":73}},"type":"binary-expr","locations":[{"start":{"line":72,"column":15},"end":{"line":72,"column":47}},{"start":{"line":72,"column":51},"end":{"line":72,"column":73}}],"line":72},"10":{"loc":{"start":{"line":76,"column":13},"end":{"line":76,"column":87}},"type":"binary-expr","locations":[{"start":{"line":76,"column":13},"end":{"line":76,"column":22}},{"start":{"line":76,"column":26},"end":{"line":76,"column":35}},{"start":{"line":76,"column":39},"end":{"line":76,"column":50}},{"start":{"line":76,"column":54},"end":{"line":76,"column":67}},{"start":{"line":76,"column":71},"end":{"line":76,"column":87}}],"line":76},"11":{"loc":{"start":{"line":123,"column":11},"end":{"line":127,"column":11}},"type":"binary-expr","locations":[{"start":{"line":123,"column":11},"end":{"line":123,"column":33}},{"start":{"line":123,"column":37},"end":{"line":123,"column":62}},{"start":{"line":124,"column":12},"end":{"line":126,"column":31}}],"line":123},"12":{"loc":{"start":{"line":141,"column":20},"end":{"line":141,"column":59}},"type":"binary-expr","locations":[{"start":{"line":141,"column":20},"end":{"line":141,"column":30}},{"start":{"line":141,"column":34},"end":{"line":141,"column":59}}],"line":141},"13":{"loc":{"start":{"line":142,"column":20},"end":{"line":142,"column":72}},"type":"binary-expr","locations":[{"start":{"line":142,"column":20},"end":{"line":142,"column":32}},{"start":{"line":142,"column":36},"end":{"line":142,"column":47}},{"start":{"line":142,"column":51},"end":{"line":142,"column":72}}],"line":142},"14":{"loc":{"start":{"line":147,"column":19},"end":{"line":154,"column":19}},"type":"binary-expr","locations":[{"start":{"line":147,"column":19},"end":{"line":147,"column":31}},{"start":{"line":148,"column":20},"end":{"line":153,"column":22}}],"line":147},"15":{"loc":{"start":{"line":151,"column":29},"end":{"line":151,"column":63}},"type":"cond-expr","locations":[{"start":{"line":151,"column":42},"end":{"line":151,"column":51}},{"start":{"line":151,"column":54},"end":{"line":151,"column":63}}],"line":151},"16":{"loc":{"start":{"line":158,"column":22},"end":{"line":158,"column":65}},"type":"binary-expr","locations":[{"start":{"line":158,"column":22},"end":{"line":158,"column":32}},{"start":{"line":158,"column":36},"end":{"line":158,"column":65}}],"line":158},"17":{"loc":{"start":{"line":159,"column":22},"end":{"line":159,"column":92}},"type":"binary-expr","locations":[{"start":{"line":159,"column":22},"end":{"line":159,"column":34}},{"start":{"line":159,"column":38},"end":{"line":159,"column":49}},{"start":{"line":159,"column":53},"end":{"line":159,"column":92}}],"line":159},"18":{"loc":{"start":{"line":162,"column":21},"end":{"line":162,"column":92}},"type":"cond-expr","locations":[{"start":{"line":162,"column":37},"end":{"line":162,"column":60}},{"start":{"line":162,"column":63},"end":{"line":162,"column":92}}],"line":162},"19":{"loc":{"start":{"line":174,"column":43},"end":{"line":174,"column":98}},"type":"binary-expr","locations":[{"start":{"line":174,"column":43},"end":{"line":174,"column":69}},{"start":{"line":174,"column":73},"end":{"line":174,"column":98}}],"line":174},"20":{"loc":{"start":{"line":178,"column":53},"end":{"line":178,"column":112}},"type":"binary-expr","locations":[{"start":{"line":178,"column":53},"end":{"line":178,"column":79}},{"start":{"line":178,"column":83},"end":{"line":178,"column":112}}],"line":178},"21":{"loc":{"start":{"line":187,"column":47},"end":{"line":187,"column":86}},"type":"binary-expr","locations":[{"start":{"line":187,"column":47},"end":{"line":187,"column":57}},{"start":{"line":187,"column":61},"end":{"line":187,"column":86}}],"line":187},"22":{"loc":{"start":{"line":194,"column":27},"end":{"line":194,"column":61}},"type":"cond-expr","locations":[{"start":{"line":194,"column":40},"end":{"line":194,"column":49}},{"start":{"line":194,"column":52},"end":{"line":194,"column":61}}],"line":194},"23":{"loc":{"start":{"line":197,"column":57},"end":{"line":197,"column":100}},"type":"binary-expr","locations":[{"start":{"line":197,"column":57},"end":{"line":197,"column":67}},{"start":{"line":197,"column":71},"end":{"line":197,"column":100}}],"line":197},"24":{"loc":{"start":{"line":213,"column":31},"end":{"line":213,"column":73}},"type":"binary-expr","locations":[{"start":{"line":213,"column":31},"end":{"line":213,"column":60}},{"start":{"line":213,"column":64},"end":{"line":213,"column":73}}],"line":213},"25":{"loc":{"start":{"line":234,"column":21},"end":{"line":238,"column":28}},"type":"cond-expr","locations":[{"start":{"line":235,"column":22},"end":{"line":237,"column":29}},{"start":{"line":238,"column":24},"end":{"line":238,"column":28}}],"line":234}},"s":{"0":3,"1":54,"2":54,"3":54,"4":54,"5":54,"6":16,"7":54,"8":21,"9":21,"10":1512,"11":142,"12":1370,"13":32,"14":27,"15":1343,"16":1199,"17":144,"18":144,"19":144,"20":386,"21":144,"22":328,"23":328,"24":144,"25":472,"26":144,"27":2,"28":2,"29":2,"30":54,"31":54,"32":0,"33":378,"34":378,"35":378,"36":2,"37":1,"38":648,"39":648,"40":1,"41":156,"42":113,"43":116,"44":116,"45":2,"46":2,"47":3},"f":{"0":54,"1":16,"2":21,"3":1512,"4":386,"5":328,"6":472,"7":2,"8":0,"9":378,"10":2,"11":1,"12":648,"13":1,"14":156,"15":113,"16":116,"17":2,"18":2},"b":{"0":[142,1370],"1":[1512,216],"2":[32,1338],"3":[27,5],"4":[32,32],"5":[1199,144],"6":[144,0],"7":[144,0],"8":[144,0],"9":[328,328],"10":[144,143,143,143,143],"11":[54,2,0],"12":[378,54],"13":[378,54,51],"14":[378,54],"15":[3,51],"16":[378,54],"17":[378,54,51],"18":[54,324],"19":[54,53],"20":[54,53],"21":[648,1],"22":[1,647],"23":[648,1],"24":[116,0],"25":[116,0]},"_coverageSchema":"1a1c01bbd47fc00a2c39e90264f33305004495a9","hash":"d117500aa53081228f8b499cae9ad3ad92ac570a"}
,"/Users/nickpiscopio/Documents/workarea/nick/interval/src/components/ImageButton.tsx": {"path":"/Users/nickpiscopio/Documents/workarea/nick/interval/src/components/ImageButton.tsx","statementMap":{"0":{"start":{"line":23,"column":4},"end":{"line":23,"column":14}},"1":{"start":{"line":27,"column":4},"end":{"line":29,"column":49}},"2":{"start":{"line":33,"column":4},"end":{"line":37,"column":39}},"3":{"start":{"line":41,"column":4},"end":{"line":45,"column":6}},"4":{"start":{"line":48,"column":2},"end":{"line":74,"column":4}},"5":{"start":{"line":52,"column":10},"end":{"line":70,"column":17}},"6":{"start":{"line":77,"column":15},"end":{"line":97,"column":2}}},"fnMap":{"0":{"name":"ImageButton","decl":{"start":{"line":9,"column":16},"end":{"line":9,"column":27}},"loc":{"start":{"line":21,"column":3},"end":{"line":75,"column":1}},"line":21},"1":{"name":"onPressHandler","decl":{"start":{"line":22,"column":11},"end":{"line":22,"column":25}},"loc":{"start":{"line":22,"column":28},"end":{"line":24,"column":3}},"line":22},"2":{"name":"getBackgroundColor","decl":{"start":{"line":26,"column":11},"end":{"line":26,"column":29}},"loc":{"start":{"line":26,"column":40},"end":{"line":30,"column":3}},"line":26},"3":{"name":"getGradientColors","decl":{"start":{"line":32,"column":11},"end":{"line":32,"column":28}},"loc":{"start":{"line":32,"column":62},"end":{"line":38,"column":3}},"line":32},"4":{"name":"getButtonView","decl":{"start":{"line":40,"column":11},"end":{"line":40,"column":24}},"loc":{"start":{"line":40,"column":27},"end":{"line":46,"column":3}},"line":40},"5":{"name":"(anonymous_5)","decl":{"start":{"line":51,"column":9},"end":{"line":51,"column":10}},"loc":{"start":{"line":52,"column":10},"end":{"line":70,"column":17}},"line":52}},"branchMap":{"0":{"loc":{"start":{"line":27,"column":11},"end":{"line":29,"column":48}},"type":"cond-expr","locations":[{"start":{"line":28,"column":8},"end":{"line":28,"column":23}},{"start":{"line":29,"column":8},"end":{"line":29,"column":48}}],"line":27},"1":{"loc":{"start":{"line":34,"column":6},"end":{"line":36,"column":60}},"type":"cond-expr","locations":[{"start":{"line":35,"column":10},"end":{"line":35,"column":24}},{"start":{"line":36,"column":10},"end":{"line":36,"column":60}}],"line":34},"2":{"loc":{"start":{"line":55,"column":14},"end":{"line":55,"column":49}},"type":"binary-expr","locations":[{"start":{"line":55,"column":14},"end":{"line":55,"column":21}},{"start":{"line":55,"column":25},"end":{"line":55,"column":49}}],"line":55},"3":{"loc":{"start":{"line":64,"column":27},"end":{"line":64,"column":59}},"type":"cond-expr","locations":[{"start":{"line":64,"column":44},"end":{"line":64,"column":50}},{"start":{"line":64,"column":53},"end":{"line":64,"column":59}}],"line":64},"4":{"loc":{"start":{"line":69,"column":13},"end":{"line":69,"column":47}},"type":"binary-expr","locations":[{"start":{"line":69,"column":13},"end":{"line":69,"column":28}},{"start":{"line":69,"column":32},"end":{"line":69,"column":47}}],"line":69}},"s":{"0":1,"1":2,"2":1,"3":2,"4":1,"5":1,"6":1},"f":{"0":1,"1":1,"2":2,"3":1,"4":2,"5":1},"b":{"0":[0,2],"1":[0,1],"2":[1,0],"3":[0,1],"4":[1,1]},"_coverageSchema":"1a1c01bbd47fc00a2c39e90264f33305004495a9","hash":"a99a1930b49c76523ea467dc3dec4ea6babacae5"}
,"/Users/nickpiscopio/Documents/workarea/nick/interval/src/components/Input.tsx": {"path":"/Users/nickpiscopio/Documents/workarea/nick/interval/src/components/Input.tsx","statementMap":{"0":{"start":{"line":25,"column":23},"end":{"line":25,"column":46}},"1":{"start":{"line":28,"column":4},"end":{"line":28,"column":34}},"2":{"start":{"line":31,"column":2},"end":{"line":47,"column":4}},"3":{"start":{"line":50,"column":15},"end":{"line":84,"column":2}}},"fnMap":{"0":{"name":"Input","decl":{"start":{"line":14,"column":16},"end":{"line":14,"column":21}},"loc":{"start":{"line":24,"column":3},"end":{"line":48,"column":1}},"line":24},"1":{"name":"focusTextInput","decl":{"start":{"line":27,"column":11},"end":{"line":27,"column":25}},"loc":{"start":{"line":27,"column":28},"end":{"line":29,"column":3}},"line":27}},"branchMap":{"0":{"loc":{"start":{"line":18,"column":2},"end":{"line":18,"column":22}},"type":"default-arg","locations":[{"start":{"line":18,"column":18},"end":{"line":18,"column":22}}],"line":18},"1":{"loc":{"start":{"line":36,"column":11},"end":{"line":36,"column":64}},"type":"binary-expr","locations":[{"start":{"line":36,"column":11},"end":{"line":36,"column":17}},{"start":{"line":36,"column":21},"end":{"line":36,"column":64}}],"line":36},"2":{"loc":{"start":{"line":40,"column":27},"end":{"line":40,"column":59}},"type":"cond-expr","locations":[{"start":{"line":40,"column":43},"end":{"line":40,"column":49}},{"start":{"line":40,"column":52},"end":{"line":40,"column":59}}],"line":40}},"s":{"0":2,"1":1,"2":2,"3":1},"f":{"0":2,"1":1},"b":{"0":[0],"1":[2,1],"2":[1,1]},"_coverageSchema":"1a1c01bbd47fc00a2c39e90264f33305004495a9","hash":"1aff8d0e0bf63efcca271b262c84b11b4e2a0028"}
,"/Users/nickpiscopio/Documents/workarea/nick/interval/src/components/IntervalInput.tsx": {"path":"/Users/nickpiscopio/Documents/workarea/nick/interval/src/components/IntervalInput.tsx","statementMap":{"0":{"start":{"line":13,"column":54},"end":{"line":13,"column":75}},"1":{"start":{"line":14,"column":46},"end":{"line":14,"column":65}},"2":{"start":{"line":17,"column":4},"end":{"line":17,"column":34}},"3":{"start":{"line":21,"column":4},"end":{"line":21,"column":34}},"4":{"start":{"line":24,"column":2},"end":{"line":39,"column":4}},"5":{"start":{"line":42,"column":15},"end":{"line":77,"column":2}}},"fnMap":{"0":{"name":"IntervalInput","decl":{"start":{"line":8,"column":16},"end":{"line":8,"column":29}},"loc":{"start":{"line":12,"column":3},"end":{"line":40,"column":1}},"line":12},"1":{"name":"highIntervalNameInputHandler","decl":{"start":{"line":16,"column":11},"end":{"line":16,"column":39}},"loc":{"start":{"line":16,"column":60},"end":{"line":18,"column":3}},"line":16},"2":{"name":"highIntervalInputHandler","decl":{"start":{"line":20,"column":11},"end":{"line":20,"column":35}},"loc":{"start":{"line":20,"column":60},"end":{"line":22,"column":3}},"line":20}},"branchMap":{},"s":{"0":3,"1":3,"2":1,"3":1,"4":3,"5":1},"f":{"0":3,"1":1,"2":1},"b":{},"_coverageSchema":"1a1c01bbd47fc00a2c39e90264f33305004495a9","hash":"0b2b5b138798bee0dd66b33689b71054434e71ba"}
,"/Users/nickpiscopio/Documents/workarea/nick/interval/src/components/LegalDisclaimerModal.tsx": {"path":"/Users/nickpiscopio/Documents/workarea/nick/interval/src/components/LegalDisclaimerModal.tsx","statementMap":{"0":{"start":{"line":36,"column":4},"end":{"line":36,"column":60}},"1":{"start":{"line":37,"column":4},"end":{"line":39,"column":5}},"2":{"start":{"line":38,"column":6},"end":{"line":38,"column":17}},"3":{"start":{"line":43,"column":4},"end":{"line":43,"column":59}},"4":{"start":{"line":44,"column":4},"end":{"line":46,"column":5}},"5":{"start":{"line":45,"column":6},"end":{"line":45,"column":16}},"6":{"start":{"line":49,"column":17},"end":{"line":49,"column":32}},"7":{"start":{"line":51,"column":2},"end":{"line":191,"column":4}},"8":{"start":{"line":194,"column":15},"end":{"line":371,"column":2}}},"fnMap":{"0":{"name":"LegalDisclaimerModal","decl":{"start":{"line":27,"column":16},"end":{"line":27,"column":36}},"loc":{"start":{"line":34,"column":30},"end":{"line":192,"column":1}},"line":34},"1":{"name":"handleAccept","decl":{"start":{"line":35,"column":11},"end":{"line":35,"column":23}},"loc":{"start":{"line":35,"column":26},"end":{"line":40,"column":3}},"line":35},"2":{"name":"handleClose","decl":{"start":{"line":42,"column":11},"end":{"line":42,"column":22}},"loc":{"start":{"line":42,"column":25},"end":{"line":47,"column":3}},"line":42},"3":{"name":"(anonymous_3)","decl":{"start":{"line":57,"column":31},"end":{"line":57,"column":32}},"loc":{"start":{"line":57,"column":37},"end":{"line":57,"column":39}},"line":57}},"branchMap":{"0":{"loc":{"start":{"line":29,"column":2},"end":{"line":29,"column":15}},"type":"default-arg","locations":[{"start":{"line":29,"column":9},"end":{"line":29,"column":15}}],"line":29},"1":{"loc":{"start":{"line":30,"column":2},"end":{"line":30,"column":22}},"type":"default-arg","locations":[{"start":{"line":30,"column":15},"end":{"line":30,"column":22}}],"line":30},"2":{"loc":{"start":{"line":37,"column":4},"end":{"line":39,"column":5}},"type":"if","locations":[{"start":{"line":37,"column":4},"end":{"line":39,"column":5}},{"start":{},"end":{}}],"line":37},"3":{"loc":{"start":{"line":44,"column":4},"end":{"line":46,"column":5}},"type":"if","locations":[{"start":{"line":44,"column":4},"end":{"line":46,"column":5}},{"start":{},"end":{}}],"line":44},"4":{"loc":{"start":{"line":56,"column":25},"end":{"line":56,"column":60}},"type":"cond-expr","locations":[{"start":{"line":56,"column":34},"end":{"line":56,"column":46}},{"start":{"line":56,"column":49},"end":{"line":56,"column":60}}],"line":56},"5":{"loc":{"start":{"line":57,"column":22},"end":{"line":57,"column":53}},"type":"cond-expr","locations":[{"start":{"line":57,"column":31},"end":{"line":57,"column":39}},{"start":{"line":57,"column":42},"end":{"line":57,"column":53}}],"line":57},"6":{"loc":{"start":{"line":70,"column":13},"end":{"line":77,"column":13}},"type":"binary-expr","locations":[{"start":{"line":70,"column":13},"end":{"line":70,"column":20}},{"start":{"line":70,"column":24},"end":{"line":70,"column":36}},{"start":{"line":71,"column":14},"end":{"line":76,"column":21}}],"line":70},"7":{"loc":{"start":{"line":80,"column":11},"end":{"line":89,"column":11}},"type":"binary-expr","locations":[{"start":{"line":80,"column":11},"end":{"line":80,"column":18}},{"start":{"line":81,"column":12},"end":{"line":88,"column":31}}],"line":80},"8":{"loc":{"start":{"line":161,"column":11},"end":{"line":167,"column":11}},"type":"binary-expr","locations":[{"start":{"line":161,"column":11},"end":{"line":161,"column":18}},{"start":{"line":162,"column":12},"end":{"line":166,"column":19}}],"line":161},"9":{"loc":{"start":{"line":171,"column":9},"end":{"line":188,"column":9}},"type":"binary-expr","locations":[{"start":{"line":171,"column":9},"end":{"line":171,"column":15}},{"start":{"line":172,"column":10},"end":{"line":187,"column":17}}],"line":171}},"s":{"0":2,"1":2,"2":2,"3":2,"4":2,"5":2,"6":62,"7":62,"8":3},"f":{"0":62,"1":2,"2":2,"3":0},"b":{"0":[0],"1":[61],"2":[2,0],"3":[2,0],"4":[31,31],"5":[31,31],"6":[62,31,5],"7":[62,31],"8":[62,31],"9":[62,31]},"_coverageSchema":"1a1c01bbd47fc00a2c39e90264f33305004495a9","hash":"222ea783a066ad77998f2ee31c26291928d456a7"}
,"/Users/nickpiscopio/Documents/workarea/nick/interval/src/components/PrimaryButton.tsx": {"path":"/Users/nickpiscopio/Documents/workarea/nick/interval/src/components/PrimaryButton.tsx","statementMap":{"0":{"start":{"line":19,"column":4},"end":{"line":19,"column":14}},"1":{"start":{"line":24,"column":4},"end":{"line":24,"column":59}},"2":{"start":{"line":28,"column":4},"end":{"line":28,"column":75}},"3":{"start":{"line":32,"column":4},"end":{"line":34,"column":64}},"4":{"start":{"line":37,"column":2},"end":{"line":59,"column":4}},"5":{"start":{"line":41,"column":10},"end":{"line":55,"column":27}},"6":{"start":{"line":62,"column":24},"end":{"line":99,"column":2}}},"fnMap":{"0":{"name":"PrimaryButton","decl":{"start":{"line":9,"column":16},"end":{"line":9,"column":29}},"loc":{"start":{"line":17,"column":3},"end":{"line":60,"column":1}},"line":17},"1":{"name":"onPressHandler","decl":{"start":{"line":18,"column":11},"end":{"line":18,"column":25}},"loc":{"start":{"line":18,"column":28},"end":{"line":20,"column":3}},"line":18},"2":{"name":"getPrimaryColor","decl":{"start":{"line":23,"column":11},"end":{"line":23,"column":26}},"loc":{"start":{"line":23,"column":55},"end":{"line":25,"column":3}},"line":23},"3":{"name":"getPrimaryGradientColor","decl":{"start":{"line":27,"column":11},"end":{"line":27,"column":34}},"loc":{"start":{"line":27,"column":63},"end":{"line":29,"column":3}},"line":27},"4":{"name":"getShadowStyles","decl":{"start":{"line":31,"column":11},"end":{"line":31,"column":26}},"loc":{"start":{"line":31,"column":60},"end":{"line":35,"column":3}},"line":31},"5":{"name":"(anonymous_5)","decl":{"start":{"line":40,"column":9},"end":{"line":40,"column":10}},"loc":{"start":{"line":41,"column":10},"end":{"line":55,"column":27}},"line":41}},"branchMap":{"0":{"loc":{"start":{"line":24,"column":11},"end":{"line":24,"column":58}},"type":"cond-expr","locations":[{"start":{"line":24,"column":23},"end":{"line":24,"column":41}},{"start":{"line":24,"column":44},"end":{"line":24,"column":58}}],"line":24},"1":{"loc":{"start":{"line":28,"column":11},"end":{"line":28,"column":74}},"type":"cond-expr","locations":[{"start":{"line":28,"column":23},"end":{"line":28,"column":49}},{"start":{"line":28,"column":52},"end":{"line":28,"column":74}}],"line":28},"2":{"loc":{"start":{"line":32,"column":11},"end":{"line":34,"column":63}},"type":"cond-expr","locations":[{"start":{"line":33,"column":8},"end":{"line":33,"column":77}},{"start":{"line":34,"column":8},"end":{"line":34,"column":63}}],"line":32}},"s":{"0":1,"1":1,"2":1,"3":1,"4":1,"5":1,"6":1},"f":{"0":1,"1":1,"2":1,"3":1,"4":1,"5":1},"b":{"0":[0,1],"1":[0,1],"2":[0,1]},"_coverageSchema":"1a1c01bbd47fc00a2c39e90264f33305004495a9","hash":"9e9c8c88572944251878c230c1023b6433da7d13"}
,"/Users/nickpiscopio/Documents/workarea/nick/interval/src/components/Spacer.tsx": {"path":"/Users/nickpiscopio/Documents/workarea/nick/interval/src/components/Spacer.tsx","statementMap":{"0":{"start":{"line":4,"column":2},"end":{"line":4,"column":48}},"1":{"start":{"line":7,"column":15},"end":{"line":11,"column":2}}},"fnMap":{"0":{"name":"Spacer","decl":{"start":{"line":3,"column":16},"end":{"line":3,"column":22}},"loc":{"start":{"line":3,"column":25},"end":{"line":5,"column":1}},"line":3}},"branchMap":{},"s":{"0":1,"1":1},"f":{"0":1},"b":{},"_coverageSchema":"1a1c01bbd47fc00a2c39e90264f33305004495a9","hash":"0d09eb8d67b0b4b1d318b8c4d1a1b89512e206bb"}
,"/Users/nickpiscopio/Documents/workarea/nick/interval/src/components/StyledText.tsx": {"path":"/Users/nickpiscopio/Documents/workarea/nick/interval/src/components/StyledText.tsx","statementMap":{"0":{"start":{"line":10,"column":2},"end":{"line":10,"column":74}}},"fnMap":{"0":{"name":"StyledText","decl":{"start":{"line":3,"column":16},"end":{"line":3,"column":26}},"loc":{"start":{"line":9,"column":3},"end":{"line":11,"column":1}},"line":9}},"branchMap":{},"s":{"0":1},"f":{"0":1},"b":{},"_coverageSchema":"1a1c01bbd47fc00a2c39e90264f33305004495a9","hash":"259b3baf785c4286a54b5979f91783d291fc4f42"}
,"/Users/nickpiscopio/Documents/workarea/nick/interval/src/components/Themed.tsx": {"path":"/Users/nickpiscopio/Documents/workarea/nick/interval/src/components/Themed.tsx","statementMap":{"0":{"start":{"line":13,"column":16},"end":{"line":13,"column":32}},"1":{"start":{"line":14,"column":25},"end":{"line":14,"column":68}},"2":{"start":{"line":16,"column":2},"end":{"line":18,"column":3}},"3":{"start":{"line":17,"column":4},"end":{"line":17,"column":26}},"4":{"start":{"line":30,"column":58},"end":{"line":30,"column":63}},"5":{"start":{"line":32,"column":2},"end":{"line":32,"column":57}},"6":{"start":{"line":36,"column":58},"end":{"line":36,"column":63}},"7":{"start":{"line":37,"column":26},"end":{"line":37,"column":79}},"8":{"start":{"line":39,"column":2},"end":{"line":39,"column":78}}},"fnMap":{"0":{"name":"useThemeColor","decl":{"start":{"line":10,"column":16},"end":{"line":10,"column":29}},"loc":{"start":{"line":12,"column":2},"end":{"line":19,"column":1}},"line":12},"1":{"name":"Text","decl":{"start":{"line":29,"column":16},"end":{"line":29,"column":20}},"loc":{"start":{"line":29,"column":39},"end":{"line":33,"column":1}},"line":29},"2":{"name":"View","decl":{"start":{"line":35,"column":16},"end":{"line":35,"column":20}},"loc":{"start":{"line":35,"column":39},"end":{"line":40,"column":1}},"line":35}},"branchMap":{"0":{"loc":{"start":{"line":14,"column":25},"end":{"line":14,"column":68}},"type":"cond-expr","locations":[{"start":{"line":14,"column":44},"end":{"line":14,"column":54}},{"start":{"line":14,"column":57},"end":{"line":14,"column":68}}],"line":14},"1":{"loc":{"start":{"line":16,"column":2},"end":{"line":18,"column":3}},"type":"if","locations":[{"start":{"line":16,"column":2},"end":{"line":18,"column":3}},{"start":{},"end":{}}],"line":16}},"s":{"0":8,"1":8,"2":8,"3":2,"4":1563,"5":1563,"6":6,"7":6,"8":6},"f":{"0":8,"1":1563,"2":6},"b":{"0":[0,8],"1":[2,6]},"_coverageSchema":"1a1c01bbd47fc00a2c39e90264f33305004495a9","hash":"78bd66484b1b5b7d668e3c207e3adabd7d397533"}
,"/Users/nickpiscopio/Documents/workarea/nick/interval/src/constants/Colors.ts": {"path":"/Users/nickpiscopio/Documents/workarea/nick/interval/src/constants/Colors.ts","statementMap":{"0":{"start":{"line":1,"column":14},"end":{"line":1,"column":23}},"1":{"start":{"line":2,"column":20},"end":{"line":2,"column":31}},"2":{"start":{"line":3,"column":14},"end":{"line":3,"column":23}},"3":{"start":{"line":6,"column":16},"end":{"line":6,"column":25}},"4":{"start":{"line":7,"column":21},"end":{"line":7,"column":30}},"5":{"start":{"line":10,"column":26},"end":{"line":10,"column":35}},"6":{"start":{"line":11,"column":24},"end":{"line":11,"column":33}},"7":{"start":{"line":14,"column":15},"end":{"line":14,"column":24}},"8":{"start":{"line":15,"column":20},"end":{"line":15,"column":29}},"9":{"start":{"line":18,"column":20},"end":{"line":18,"column":29}},"10":{"start":{"line":19,"column":28},"end":{"line":19,"column":37}},"11":{"start":{"line":20,"column":16},"end":{"line":20,"column":25}},"12":{"start":{"line":21,"column":21},"end":{"line":21,"column":30}},"13":{"start":{"line":24,"column":28},"end":{"line":24,"column":37}},"14":{"start":{"line":25,"column":30},"end":{"line":25,"column":39}},"15":{"start":{"line":26,"column":31},"end":{"line":26,"column":40}},"16":{"start":{"line":29,"column":25},"end":{"line":29,"column":34}},"17":{"start":{"line":30,"column":30},"end":{"line":30,"column":39}},"18":{"start":{"line":31,"column":15},"end":{"line":31,"column":24}},"19":{"start":{"line":34,"column":21},"end":{"line":34,"column":30}},"20":{"start":{"line":35,"column":21},"end":{"line":35,"column":30}},"21":{"start":{"line":36,"column":23},"end":{"line":36,"column":32}},"22":{"start":{"line":37,"column":19},"end":{"line":37,"column":28}},"23":{"start":{"line":38,"column":22},"end":{"line":38,"column":31}},"24":{"start":{"line":39,"column":21},"end":{"line":39,"column":30}},"25":{"start":{"line":42,"column":23},"end":{"line":42,"column":32}},"26":{"start":{"line":43,"column":21},"end":{"line":43,"column":30}},"27":{"start":{"line":44,"column":23},"end":{"line":44,"column":32}},"28":{"start":{"line":45,"column":21},"end":{"line":45,"column":30}},"29":{"start":{"line":48,"column":23},"end":{"line":48,"column":32}},"30":{"start":{"line":49,"column":22},"end":{"line":49,"column":28}}},"fnMap":{},"branchMap":{},"s":{"0":17,"1":17,"2":17,"3":17,"4":17,"5":17,"6":17,"7":17,"8":17,"9":17,"10":17,"11":17,"12":17,"13":17,"14":17,"15":17,"16":17,"17":17,"18":17,"19":17,"20":17,"21":17,"22":17,"23":17,"24":17,"25":17,"26":17,"27":17,"28":17,"29":17,"30":17},"f":{},"b":{},"_coverageSchema":"1a1c01bbd47fc00a2c39e90264f33305004495a9","hash":"bf406b450fdd8f98fc56e201ffcd936a3c087c8e"}
,"/Users/nickpiscopio/Documents/workarea/nick/interval/src/constants/FontSize.ts": {"path":"/Users/nickpiscopio/Documents/workarea/nick/interval/src/constants/FontSize.ts","statementMap":{"0":{"start":{"line":1,"column":27},"end":{"line":5,"column":10}},"1":{"start":{"line":7,"column":25},"end":{"line":17,"column":10}},"2":{"start":{"line":19,"column":27},"end":{"line":29,"column":10}}},"fnMap":{},"branchMap":{},"s":{"0":17,"1":17,"2":17},"f":{},"b":{},"_coverageSchema":"1a1c01bbd47fc00a2c39e90264f33305004495a9","hash":"72b4af7ba2f0dd4bf7fd099797e7c9e897b81c49"}
,"/Users/nickpiscopio/Documents/workarea/nick/interval/src/constants/Layout.ts": {"path":"/Users/nickpiscopio/Documents/workarea/nick/interval/src/constants/Layout.ts","statementMap":{"0":{"start":{"line":3,"column":14},"end":{"line":3,"column":44}},"1":{"start":{"line":4,"column":15},"end":{"line":4,"column":46}}},"fnMap":{},"branchMap":{},"s":{"0":1,"1":1},"f":{},"b":{},"_coverageSchema":"1a1c01bbd47fc00a2c39e90264f33305004495a9","hash":"3e601ef688fcc3285d4fca3e41a371f1d1cb7bfe"}
,"/Users/nickpiscopio/Documents/workarea/nick/interval/src/constants/Sounds.ts": {"path":"/Users/nickpiscopio/Documents/workarea/nick/interval/src/constants/Sounds.ts","statementMap":{"0":{"start":{"line":1,"column":19},"end":{"line":1,"column":41}},"1":{"start":{"line":2,"column":15},"end":{"line":2,"column":40}},"2":{"start":{"line":3,"column":15},"end":{"line":3,"column":40}}},"fnMap":{},"branchMap":{},"s":{"0":1,"1":1,"2":1},"f":{},"b":{},"_coverageSchema":"1a1c01bbd47fc00a2c39e90264f33305004495a9","hash":"32c83bc123de31b4f3349d709ea67bb2017ad78f"}
,"/Users/nickpiscopio/Documents/workarea/nick/interval/src/constants/Spacing.ts": {"path":"/Users/nickpiscopio/Documents/workarea/nick/interval/src/constants/Spacing.ts","statementMap":{"0":{"start":{"line":1,"column":23},"end":{"line":11,"column":10}},"1":{"start":{"line":13,"column":22},"end":{"line":19,"column":10}},"2":{"start":{"line":21,"column":28},"end":{"line":24,"column":10}}},"fnMap":{},"branchMap":{},"s":{"0":18,"1":18,"2":18},"f":{},"b":{},"_coverageSchema":"1a1c01bbd47fc00a2c39e90264f33305004495a9","hash":"44162eaa8e7093b65614efa07261bb836e817a23"}
,"/Users/nickpiscopio/Documents/workarea/nick/interval/src/constants/badges.ts": {"path":"/Users/nickpiscopio/Documents/workarea/nick/interval/src/constants/badges.ts","statementMap":{"0":{"start":{"line":4,"column":38},"end":{"line":386,"column":1}},"1":{"start":{"line":392,"column":2},"end":{"line":397,"column":4}},"2":{"start":{"line":404,"column":2},"end":{"line":404,"column":46}}},"fnMap":{"0":{"name":"getLocalizedBadge","decl":{"start":{"line":391,"column":16},"end":{"line":391,"column":33}},"loc":{"start":{"line":391,"column":55},"end":{"line":398,"column":1}},"line":391},"1":{"name":"getLocalizedBadges","decl":{"start":{"line":403,"column":16},"end":{"line":403,"column":34}},"loc":{"start":{"line":403,"column":46},"end":{"line":405,"column":1}},"line":403}},"branchMap":{},"s":{"0":8,"1":235,"2":1},"f":{"0":235,"1":1},"b":{},"_coverageSchema":"1a1c01bbd47fc00a2c39e90264f33305004495a9","hash":"d11484cbc49187c652f8c26365644509e06989ea"}
,"/Users/nickpiscopio/Documents/workarea/nick/interval/src/constants/defaultTimers.ts": {"path":"/Users/nickpiscopio/Documents/workarea/nick/interval/src/constants/defaultTimers.ts","statementMap":{"0":{"start":{"line":3,"column":42},"end":{"line":106,"column":1}}},"fnMap":{},"branchMap":{},"s":{"0":3},"f":{},"b":{},"_coverageSchema":"1a1c01bbd47fc00a2c39e90264f33305004495a9","hash":"b8d481879a1dd9a920f41a1ab271a39dee088c7d"}
,"/Users/nickpiscopio/Documents/workarea/nick/interval/src/constants/exerciseCatalog.ts": {"path":"/Users/nickpiscopio/Documents/workarea/nick/interval/src/constants/exerciseCatalog.ts","statementMap":{"0":{"start":{"line":10,"column":49},"end":{"line":23,"column":1}},"1":{"start":{"line":25,"column":44},"end":{"line":1088,"column":1}},"2":{"start":{"line":1094,"column":23},"end":{"line":1094,"column":106}},"3":{"start":{"line":1095,"column":22},"end":{"line":1095,"column":109}},"4":{"start":{"line":1097,"column":2},"end":{"line":1102,"column":4}},"5":{"start":{"line":1109,"column":2},"end":{"line":1109,"column":52}},"6":{"start":{"line":1116,"column":2},"end":{"line":1116,"column":75}},"7":{"start":{"line":1123,"column":2},"end":{"line":1123,"column":74}}},"fnMap":{"0":{"name":"getLocalizedExercise","decl":{"start":{"line":1093,"column":16},"end":{"line":1093,"column":36}},"loc":{"start":{"line":1093,"column":67},"end":{"line":1103,"column":1}},"line":1093},"1":{"name":"getLocalizedExerciseCatalog","decl":{"start":{"line":1108,"column":16},"end":{"line":1108,"column":43}},"loc":{"start":{"line":1108,"column":58},"end":{"line":1110,"column":1}},"line":1108},"2":{"name":"getLocalizedCategoryName","decl":{"start":{"line":1115,"column":16},"end":{"line":1115,"column":40}},"loc":{"start":{"line":1115,"column":67},"end":{"line":1117,"column":1}},"line":1115},"3":{"name":"getLocalizedBodyPartName","decl":{"start":{"line":1122,"column":16},"end":{"line":1122,"column":40}},"loc":{"start":{"line":1122,"column":69},"end":{"line":1124,"column":1}},"line":1122}},"branchMap":{"0":{"loc":{"start":{"line":1095,"column":80},"end":{"line":1095,"column":106}},"type":"binary-expr","locations":[{"start":{"line":1095,"column":80},"end":{"line":1095,"column":100}},{"start":{"line":1095,"column":104},"end":{"line":1095,"column":106}}],"line":1095},"1":{"loc":{"start":{"line":1100,"column":17},"end":{"line":1100,"column":111}},"type":"cond-expr","locations":[{"start":{"line":1100,"column":77},"end":{"line":1100,"column":88}},{"start":{"line":1100,"column":91},"end":{"line":1100,"column":111}}],"line":1100},"2":{"loc":{"start":{"line":1100,"column":17},"end":{"line":1100,"column":74}},"type":"binary-expr","locations":[{"start":{"line":1100,"column":17},"end":{"line":1100,"column":48}},{"start":{"line":1100,"column":52},"end":{"line":1100,"column":74}}],"line":1100},"3":{"loc":{"start":{"line":1101,"column":18},"end":{"line":1101,"column":84}},"type":"cond-expr","locations":[{"start":{"line":1101,"column":48},"end":{"line":1101,"column":60}},{"start":{"line":1101,"column":63},"end":{"line":1101,"column":84}}],"line":1101}},"s":{"0":13,"1":13,"2":1547,"3":1547,"4":1547,"5":1,"6":697,"7":1785},"f":{"0":1547,"1":1,"2":697,"3":1785},"b":{"0":[1547,0],"1":[1174,373],"2":[1547,1547],"3":[1547,0]},"_coverageSchema":"1a1c01bbd47fc00a2c39e90264f33305004495a9","hash":"857d7cb50c7d4ef44b8b85f50ee3e218b4efd6f8"}
,"/Users/nickpiscopio/Documents/workarea/nick/interval/src/context/AlertContext.tsx": {"path":"/Users/nickpiscopio/Documents/workarea/nick/interval/src/context/AlertContext.tsx","statementMap":{"0":{"start":{"line":9,"column":21},"end":{"line":9,"column":76}},"1":{"start":{"line":12,"column":42},"end":{"line":12,"column":77}},"2":{"start":{"line":13,"column":32},"end":{"line":13,"column":47}},"3":{"start":{"line":15,"column":20},"end":{"line":18,"column":8}},"4":{"start":{"line":16,"column":4},"end":{"line":16,"column":29}},"5":{"start":{"line":17,"column":4},"end":{"line":17,"column":21}},"6":{"start":{"line":20,"column":20},"end":{"line":25,"column":8}},"7":{"start":{"line":21,"column":4},"end":{"line":21,"column":22}},"8":{"start":{"line":22,"column":4},"end":{"line":24,"column":12}},"9":{"start":{"line":23,"column":6},"end":{"line":23,"column":28}},"10":{"start":{"line":27,"column":2},"end":{"line":36,"column":4}},"11":{"start":{"line":40,"column":18},"end":{"line":40,"column":42}},"12":{"start":{"line":41,"column":2},"end":{"line":43,"column":3}},"13":{"start":{"line":42,"column":4},"end":{"line":42,"column":69}},"14":{"start":{"line":44,"column":2},"end":{"line":44,"column":17}}},"fnMap":{"0":{"name":"AlertProvider","decl":{"start":{"line":11,"column":16},"end":{"line":11,"column":29}},"loc":{"start":{"line":11,"column":69},"end":{"line":37,"column":1}},"line":11},"1":{"name":"(anonymous_1)","decl":{"start":{"line":15,"column":32},"end":{"line":15,"column":33}},"loc":{"start":{"line":15,"column":59},"end":{"line":18,"column":3}},"line":15},"2":{"name":"(anonymous_2)","decl":{"start":{"line":20,"column":32},"end":{"line":20,"column":33}},"loc":{"start":{"line":20,"column":38},"end":{"line":25,"column":3}},"line":20},"3":{"name":"(anonymous_3)","decl":{"start":{"line":22,"column":15},"end":{"line":22,"column":16}},"loc":{"start":{"line":22,"column":21},"end":{"line":24,"column":5}},"line":22},"4":{"name":"useAlert","decl":{"start":{"line":39,"column":16},"end":{"line":39,"column":24}},"loc":{"start":{"line":39,"column":46},"end":{"line":45,"column":1}},"line":39}},"branchMap":{"0":{"loc":{"start":{"line":41,"column":2},"end":{"line":43,"column":3}},"type":"if","locations":[{"start":{"line":41,"column":2},"end":{"line":43,"column":3}},{"start":{},"end":{}}],"line":41}},"s":{"0":4,"1":26,"2":26,"3":26,"4":7,"5":7,"6":26,"7":5,"8":5,"9":0,"10":26,"11":61,"12":60,"13":2,"14":58},"f":{"0":26,"1":7,"2":5,"3":0,"4":61},"b":{"0":[2,58]},"_coverageSchema":"1a1c01bbd47fc00a2c39e90264f33305004495a9","hash":"2b1317a900d50f853bc9d4e9cdf51ba1873f5620"}
,"/Users/nickpiscopio/Documents/workarea/nick/interval/src/enum/IntervalImage.tsx": {"path":"/Users/nickpiscopio/Documents/workarea/nick/interval/src/enum/IntervalImage.tsx","statementMap":{"0":{"start":{"line":6,"column":26},"end":{"line":6,"column":28}},"1":{"start":{"line":7,"column":26},"end":{"line":7,"column":46}},"2":{"start":{"line":10,"column":29},"end":{"line":61,"column":10}}},"fnMap":{},"branchMap":{},"s":{"0":2,"1":2,"2":2},"f":{},"b":{},"_coverageSchema":"1a1c01bbd47fc00a2c39e90264f33305004495a9","hash":"7ccc6b1f24ed7b3c200615f2111790a4243e3d61"}
,"/Users/nickpiscopio/Documents/workarea/nick/interval/src/enum/IntervalImageGradient.tsx": {"path":"/Users/nickpiscopio/Documents/workarea/nick/interval/src/enum/IntervalImageGradient.tsx","statementMap":{"0":{"start":{"line":17,"column":37},"end":{"line":38,"column":10}},"1":{"start":{"line":41,"column":15},"end":{"line":41,"column":38}},"2":{"start":{"line":43,"column":2},"end":{"line":46,"column":4}},"3":{"start":{"line":50,"column":15},"end":{"line":50,"column":29}},"4":{"start":{"line":51,"column":15},"end":{"line":51,"column":41}},"5":{"start":{"line":53,"column":2},"end":{"line":70,"column":3}},"6":{"start":{"line":55,"column":6},"end":{"line":55,"column":56}},"7":{"start":{"line":56,"column":6},"end":{"line":56,"column":56}},"8":{"start":{"line":57,"column":6},"end":{"line":57,"column":12}},"9":{"start":{"line":59,"column":6},"end":{"line":59,"column":58}},"10":{"start":{"line":60,"column":6},"end":{"line":60,"column":58}},"11":{"start":{"line":61,"column":6},"end":{"line":61,"column":12}},"12":{"start":{"line":63,"column":6},"end":{"line":63,"column":30}},"13":{"start":{"line":64,"column":6},"end":{"line":64,"column":38}},"14":{"start":{"line":65,"column":6},"end":{"line":65,"column":12}},"15":{"start":{"line":67,"column":6},"end":{"line":67,"column":30}},"16":{"start":{"line":68,"column":6},"end":{"line":68,"column":34}},"17":{"start":{"line":69,"column":6},"end":{"line":69,"column":12}},"18":{"start":{"line":72,"column":2},"end":{"line":72,"column":26}}},"fnMap":{"0":{"name":"getColorAsProps","decl":{"start":{"line":40,"column":9},"end":{"line":40,"column":24}},"loc":{"start":{"line":40,"column":66},"end":{"line":47,"column":1}},"line":40},"1":{"name":"getColorAsStrings","decl":{"start":{"line":49,"column":9},"end":{"line":49,"column":26}},"loc":{"start":{"line":49,"column":64},"end":{"line":73,"column":1}},"line":49}},"branchMap":{"0":{"loc":{"start":{"line":53,"column":2},"end":{"line":70,"column":3}},"type":"switch","locations":[{"start":{"line":54,"column":4},"end":{"line":57,"column":12}},{"start":{"line":58,"column":4},"end":{"line":61,"column":12}},{"start":{"line":62,"column":4},"end":{"line":65,"column":12}},{"start":{"line":66,"column":4},"end":{"line":69,"column":12}}],"line":53}},"s":{"0":2,"1":8,"2":8,"3":16,"4":16,"5":16,"6":4,"7":4,"8":4,"9":4,"10":4,"11":4,"12":4,"13":4,"14":4,"15":4,"16":4,"17":4,"18":16},"f":{"0":8,"1":16},"b":{"0":[4,4,4,4]},"_coverageSchema":"1a1c01bbd47fc00a2c39e90264f33305004495a9","hash":"67bcfcbba25bd4b281dc551673b854706d7ffdf2"}
[...]
8},"end":{"line":352,"column":50}},"type":"binary-expr","locations":[{"start":{"line":352,"column":8},"end":{"line":352,"column":17}},{"start":{"line":352,"column":21},"end":{"line":352,"column":50}}],"line":352},"57":{"loc":{"start":{"line":355,"column":6},"end":{"line":358,"column":7}},"type":"if","locations":[{"start":{"line":355,"column":6},"end":{"line":358,"column":7}},{"start":{},"end":{}}],"line":355},"58":{"loc":{"start":{"line":381,"column":2},"end":{"line":383,"column":3}},"type":"if","locations":[{"start":{"line":381,"column":2},"end":{"line":383,"column":3}},{"start":{},"end":{}}],"line":381},"59":{"loc":{"start":{"line":391,"column":30},"end":{"line":391,"column":58}},"type":"binary-expr","locations":[{"start":{"line":391,"column":30},"end":{"line":391,"column":52}},{"start":{"line":391,"column":56},"end":{"line":391,"column":58}}],"line":391},"60":{"loc":{"start":{"line":395,"column":16},"end":{"line":395,"column":90}},"type":"cond-expr","locations":[{"start":{"line":395,"column":44},"end":{"line":395,"column":78}},{"start":{"line":395,"column":81},"end":{"line":395,"column":90}}],"line":395},"61":{"loc":{"start":{"line":395,"column":44},"end":{"line":395,"column":78}},"type":"binary-expr","locations":[{"start":{"line":395,"column":44},"end":{"line":395,"column":64}},{"start":{"line":395,"column":68},"end":{"line":395,"column":78}}],"line":395}},"s":{"0":6,"1":6,"2":6,"3":22,"4":22,"5":22,"6":22,"7":11,"8":11,"9":11,"10":65,"11":65,"12":65,"13":28,"14":37,"15":0,"16":0,"17":50,"18":50,"19":0,"20":46,"21":46,"22":46,"23":21,"24":25,"25":0,"26":25,"27":25,"28":0,"29":11,"30":11,"31":11,"32":11,"33":11,"34":11,"35":11,"36":11,"37":11,"38":11,"39":11,"40":9,"41":2,"42":7,"43":11,"44":0,"45":11,"46":0,"47":11,"48":0,"49":0,"50":11,"51":11,"52":11,"53":11,"54":11,"55":11,"56":11,"57":24,"58":9,"59":87,"60":9,"61":9,"62":15,"63":807,"64":15,"65":0,"66":15,"67":11,"68":11,"69":11,"70":11,"71":11,"72":11,"73":11,"74":11,"75":308,"76":40,"77":40,"78":542,"79":40,"80":40,"81":40,"82":11,"83":11,"84":11,"85":11,"86":11,"87":11,"88":11,"89":11,"90":11,"91":11,"92":11,"93":11,"94":11,"95":11,"96":11,"97":11,"98":11,"99":11,"100":11,"101":11,"102":11,"103":11,"104":11,"105":11,"106":11,"107":11,"108":11,"109":11,"110":11,"111":11,"112":11,"113":11,"114":11,"115":8,"116":8,"117":8,"118":8,"119":8,"120":6,"121":8,"122":8,"123":8,"124":16,"125":3,"126":3,"127":94,"128":3,"129":3,"130":3,"131":8,"132":8,"133":8,"134":8,"135":8,"136":3,"137":8,"138":13,"139":13,"140":13,"141":13,"142":13,"143":13,"144":13,"145":3,"146":6,"147":13,"148":13,"149":13,"150":39,"151":3,"152":3,"153":95,"154":3,"155":3,"156":3,"157":13,"158":13,"159":13,"160":13,"161":13,"162":13,"163":3,"164":13,"165":8,"166":8,"167":8,"168":8,"169":8,"170":8,"171":8,"172":1,"173":8,"174":1,"175":8,"176":8,"177":72,"178":9,"179":9,"180":195,"181":9,"182":9,"183":9,"184":8,"185":8,"186":8,"187":8,"188":8,"189":8,"190":8,"191":8,"192":8,"193":8,"194":8,"195":8,"196":8,"197":8,"198":6,"199":6,"200":6,"201":6,"202":222},"f":{"0":22,"1":11,"2":65,"3":50,"4":46,"5":25,"6":11,"7":24,"8":87,"9":807,"10":308,"11":542,"12":8,"13":16,"14":94,"15":13,"16":6,"17":39,"18":95,"19":8,"20":72,"21":195,"22":6,"23":222},"b":{"0":[0],"1":[28,37],"2":[21,25],"3":[2,9],"4":[2,7],"5":[0,11],"6":[0,11],"7":[0,11],"8":[11,1],"9":[1,10],"10":[9,15],"11":[9,0],"12":[9,9],"13":[0,15],"14":[15,7],"15":[11,9],"16":[3,8],"17":[11,9],"18":[11,11],"19":[11,0],"20":[11,0],"21":[11,0],"22":[40,268],"23":[308,52],"24":[40,0],"25":[11,1],"26":[11,11],"27":[11,8],"28":[11,0],"29":[8,2],"30":[8,0],"31":[6,2],"32":[8,8],"33":[8,0],"34":[3,13],"35":[16,9],"36":[3,0],"37":[8,0],"38":[3,5],"39":[13,0],"40":[13,0],"41":[3,10],"42":[13,0],"43":[3,36],"44":[39,24],"45":[3,0],"46":[13,0],"47":[3,10],"48":[8,6],"49":[8,1],"50":[1,7],"51":[8,7,7,7,7],"52":[1,7],"53":[8,7,7,7],"54":[8,0],"55":[9,63],"56":[72,14],"57":[9,0],"58":[8,0],"59":[6,0],"60":[6,216],"61":[6,4]},"_coverageSchema":"1a1c01bbd47fc00a2c39e90264f33305004495a9","hash":"db8f75df99901bb9008f2e2f64b5fa1bff32d6a7"}
,"/Users/nickpiscopio/Documents/workarea/nick/interval/src/services/timerGenerator.ts": {"path":"/Users/nickpiscopio/Documents/workarea/nick/interval/src/services/timerGenerator.ts","statementMap":{"0":{"start":{"line":18,"column":37},"end":{"line":18,"column":43}},"1":{"start":{"line":21,"column":23},"end":{"line":21,"column":25}},"2":{"start":{"line":22,"column":21},"end":{"line":22,"column":23}},"3":{"start":{"line":23,"column":15},"end":{"line":23,"column":16}},"4":{"start":{"line":24,"column":21},"end":{"line":24,"column":22}},"5":{"start":{"line":26,"column":2},"end":{"line":36,"column":3}},"6":{"start":{"line":27,"column":4},"end":{"line":27,"column":24}},"7":{"start":{"line":28,"column":4},"end":{"line":28,"column":22}},"8":{"start":{"line":29,"column":4},"end":{"line":29,"column":15}},"9":{"start":{"line":30,"column":4},"end":{"line":30,"column":21}},"10":{"start":{"line":31,"column":9},"end":{"line":36,"column":3}},"11":{"start":{"line":32,"column":4},"end":{"line":32,"column":24}},"12":{"start":{"line":33,"column":4},"end":{"line":33,"column":22}},"13":{"start":{"line":34,"column":4},"end":{"line":34,"column":15}},"14":{"start":{"line":35,"column":4},"end":{"line":35,"column":21}},"15":{"start":{"line":39,"column":40},"end":{"line":39,"column":42}},"16":{"start":{"line":41,"column":2},"end":{"line":79,"column":3}},"17":{"start":{"line":43,"column":54},"end":{"line":43,"column":107}},"18":{"start":{"line":44,"column":20},"end":{"line":44,"column":37}},"19":{"start":{"line":46,"column":4},"end":{"line":58,"column":5}},"20":{"start":{"line":46,"column":17},"end":{"line":46,"column":18}},"21":{"start":{"line":47,"column":24},"end":{"line":47,"column":61}},"22":{"start":{"line":48,"column":19},"end":{"line":50,"column":7}},"23":{"start":{"line":49,"column":16},"end":{"line":49,"column":166}},"24":{"start":{"line":52,"column":24},"end":{"line":54,"column":83}},"25":{"start":{"line":54,"column":40},"end":{"line":54,"column":59}},"26":{"start":{"line":56,"column":6},"end":{"line":56,"column":40}},"27":{"start":{"line":57,"column":6},"end":{"line":57,"column":32}},"28":{"start":{"line":61,"column":24},"end":{"line":61,"column":77}},"29":{"start":{"line":61,"column":56},"end":{"line":61,"column":76}},"30":{"start":{"line":62,"column":30},"end":{"line":62,"column":86}},"31":{"start":{"line":62,"column":57},"end":{"line":62,"column":85}},"32":{"start":{"line":63,"column":26},"end":{"line":63,"column":100}},"33":{"start":{"line":64,"column":21},"end":{"line":64,"column":71}},"34":{"start":{"line":64,"column":51},"end":{"line":64,"column":70}},"35":{"start":{"line":65,"column":19},"end":{"line":65,"column":77}},"36":{"start":{"line":67,"column":4},"end":{"line":67,"column":38}},"37":{"start":{"line":70,"column":4},"end":{"line":78,"column":5}},"38":{"start":{"line":71,"column":23},"end":{"line":71,"column":92}},"39":{"start":{"line":72,"column":6},"end":{"line":77,"column":7}},"40":{"start":{"line":72,"column":42},"end":{"line":72,"column":63}},"41":{"start":{"line":73,"column":8},"end":{"line":73,"column":41}},"42":{"start":{"line":75,"column":8},"end":{"line":75,"column":53}},"43":{"start":{"line":76,"column":8},"end":{"line":76,"column":14}},"44":{"start":{"line":82,"column":32},"end":{"line":82,"column":34}},"45":{"start":{"line":83,"column":43},"end":{"line":89,"column":3}},"46":{"start":{"line":91,"column":2},"end":{"line":110,"column":5}},"47":{"start":{"line":92,"column":15},"end":{"line":92,"column":42}},"48":{"start":{"line":93,"column":4},"end":{"line":99,"column":7}},"49":{"start":{"line":102,"column":4},"end":{"line":109,"column":5}},"50":{"start":{"line":103,"column":6},"end":{"line":108,"column":9}},"51":{"start":{"line":113,"column":44},"end":{"line":118,"column":3}},"52":{"start":{"line":120,"column":44},"end":{"line":127,"column":3}},"53":{"start":{"line":129,"column":50},"end":{"line":133,"column":3}},"54":{"start":{"line":135,"column":20},"end":{"line":140,"column":4}},"55":{"start":{"line":142,"column":2},"end":{"line":149,"column":4}}},"fnMap":{"0":{"name":"generateWorkout","decl":{"start":{"line":17,"column":16},"end":{"line":17,"column":31}},"loc":{"start":{"line":17,"column":64},"end":{"line":150,"column":1}},"line":17},"1":{"name":"(anonymous_1)","decl":{"start":{"line":49,"column":8},"end":{"line":49,"column":9}},"loc":{"start":{"line":49,"column":16},"end":{"line":49,"column":166}},"line":49},"2":{"name":"(anonymous_2)","decl":{"start":{"line":54,"column":32},"end":{"line":54,"column":33}},"loc":{"start":{"line":54,"column":40},"end":{"line":54,"column":59}},"line":54},"3":{"name":"(anonymous_3)","decl":{"start":{"line":61,"column":48},"end":{"line":61,"column":49}},"loc":{"start":{"line":61,"column":56},"end":{"line":61,"column":76}},"line":61},"4":{"name":"(anonymous_4)","decl":{"start":{"line":62,"column":49},"end":{"line":62,"column":50}},"loc":{"start":{"line":62,"column":57},"end":{"line":62,"column":85}},"line":62},"5":{"name":"(anonymous_5)","decl":{"start":{"line":64,"column":45},"end":{"line":64,"column":46}},"loc":{"start":{"line":64,"column":51},"end":{"line":64,"column":70}},"line":64},"6":{"name":"(anonymous_6)","decl":{"start":{"line":72,"column":34},"end":{"line":72,"column":35}},"loc":{"start":{"line":72,"column":42},"end":{"line":72,"column":63}},"line":72},"7":{"name":"(anonymous_7)","decl":{"start":{"line":91,"column":28},"end":{"line":91,"column":29}},"loc":{"start":{"line":91,"column":44},"end":{"line":110,"column":3}},"line":91}},"branchMap":{"0":{"loc":{"start":{"line":26,"column":2},"end":{"line":36,"column":3}},"type":"if","locations":[{"start":{"line":26,"column":2},"end":{"line":36,"column":3}},{"start":{"line":31,"column":9},"end":{"line":36,"column":3}}],"line":26},"1":{"loc":{"start":{"line":31,"column":9},"end":{"line":36,"column":3}},"type":"if","locations":[{"start":{"line":31,"column":9},"end":{"line":36,"column":3}},{"start":{},"end":{}}],"line":31},"2":{"loc":{"start":{"line":41,"column":2},"end":{"line":79,"column":3}},"type":"if","locations":[{"start":{"line":41,"column":2},"end":{"line":79,"column":3}},{"start":{"line":59,"column":9},"end":{"line":79,"column":3}}],"line":41},"3":{"loc":{"start":{"line":41,"column":6},"end":{"line":41,"column":71}},"type":"binary-expr","locations":[{"start":{"line":41,"column":6},"end":{"line":41,"column":22}},{"start":{"line":41,"column":26},"end":{"line":41,"column":45}},{"start":{"line":41,"column":49},"end":{"line":41,"column":71}}],"line":41},"4":{"loc":{"start":{"line":49,"column":16},"end":{"line":49,"column":166}},"type":"binary-expr","locations":[{"start":{"line":49,"column":16},"end":{"line":49,"column":41}},{"start":{"line":49,"column":45},"end":{"line":49,"column":64}},{"start":{"line":49,"column":69},"end":{"line":49,"column":97}},{"start":{"line":49,"column":101},"end":{"line":49,"column":129}},{"start":{"line":49,"column":133},"end":{"line":49,"column":165}}],"line":49},"5":{"loc":{"start":{"line":52,"column":24},"end":{"line":54,"column":83}},"type":"cond-expr","locations":[{"start":{"line":53,"column":10},"end":{"line":53,"column":55}},{"start":{"line":54,"column":10},"end":{"line":54,"column":83}}],"line":52},"6":{"loc":{"start":{"line":54,"column":10},"end":{"line":54,"column":83}},"type":"binary-expr","locations":[{"start":{"line":54,"column":10},"end":{"line":54,"column":60}},{"start":{"line":54,"column":64},"end":{"line":54,"column":83}}],"line":54},"7":{"loc":{"start":{"line":63,"column":26},"end":{"line":63,"column":100}},"type":"cond-expr","locations":[{"start":{"line":63,"column":69},"end":{"line":63,"column":86}},{"start":{"line":63,"column":89},"end":{"line":63,"column":100}}],"line":63},"8":{"loc":{"start":{"line":72,"column":6},"end":{"line":77,"column":7}},"type":"if","locations":[{"start":{"line":72,"column":6},"end":{"line":77,"column":7}},{"start":{"line":74,"column":13},"end":{"line":77,"column":7}}],"line":72},"9":{"loc":{"start":{"line":97,"column":13},"end":{"line":97,"column":50}},"type":"binary-expr","locations":[{"start":{"line":97,"column":13},"end":{"line":97,"column":37}},{"start":{"line":97,"column":41},"end":{"line":97,"column":50}}],"line":97},"10":{"loc":{"start":{"line":102,"column":4},"end":{"line":109,"column":5}},"type":"if","locations":[{"start":{"line":102,"column":4},"end":{"line":109,"column":5}},{"start":{},"end":{}}],"line":102}},"s":{"0":7,"1":7,"2":7,"3":7,"4":7,"5":7,"6":2,"7":2,"8":2,"9":2,"10":5,"11":2,"12":2,"13":2,"14":2,"15":7,"16":7,"17":4,"18":4,"19":4,"20":4,"21":17,"22":17,"23":1224,"24":17,"25":1,"26":17,"27":17,"28":3,"29":216,"30":3,"31":30,"32":3,"33":3,"34":47,"35":3,"36":3,"37":3,"38":0,"39":0,"40":0,"41":0,"42":0,"43":0,"44":7,"45":7,"46":7,"47":34,"48":34,"49":34,"50":27,"51":7,"52":7,"53":7,"54":7,"55":7},"f":{"0":7,"1":1224,"2":1,"3":216,"4":30,"5":47,"6":0,"7":34},"b":{"0":[2,5],"1":[2,3],"2":[4,3],"3":[7,6,5],"4":[1224,160,160,98,83],"5":[16,1],"6":[1,0],"7":[1,2],"8":[0,0],"9":[34,1],"10":[27,7]},"_coverageSchema":"1a1c01bbd47fc00a2c39e90264f33305004495a9","hash":"bc322d947a0edafbd8087aff15853745a96b67d1"}
,"/Users/nickpiscopio/Documents/workarea/nick/interval/src/utils/base64.ts": {"path":"/Users/nickpiscopio/Documents/workarea/nick/interval/src/utils/base64.ts","statementMap":{"0":{"start":{"line":1,"column":14},"end":{"line":1,"column":81}},"1":{"start":{"line":3,"column":28},"end":{"line":21,"column":1}},"2":{"start":{"line":5,"column":18},"end":{"line":5,"column":51}},"3":{"start":{"line":6,"column":15},"end":{"line":6,"column":17}},"4":{"start":{"line":7,"column":10},"end":{"line":7,"column":11}},"5":{"start":{"line":8,"column":2},"end":{"line":19,"column":3}},"6":{"start":{"line":9,"column":15},"end":{"line":9,"column":38}},"7":{"start":{"line":10,"column":15},"end":{"line":10,"column":65}},"8":{"start":{"line":11,"column":15},"end":{"line":11,"column":65}},"9":{"start":{"line":13,"column":18},"end":{"line":13,"column":25}},"10":{"start":{"line":14,"column":18},"end":{"line":14,"column":61}},"11":{"start":{"line":15,"column":18},"end":{"line":15,"column":79}},"12":{"start":{"line":16,"column":18},"end":{"line":16,"column":42}},"13":{"start":{"line":18,"column":4},"end":{"line":18,"column":100}},"14":{"start":{"line":20,"column":2},"end":{"line":20,"column":16}},"15":{"start":{"line":23,"column":28},"end":{"line":48,"column":1}},"16":{"start":{"line":24,"column":15},"end":{"line":24,"column":17}},"17":{"start":{"line":25,"column":10},"end":{"line":25,"column":11}},"18":{"start":{"line":27,"column":19},"end":{"line":27,"column":54}},"19":{"start":{"line":28,"column":2},"end":{"line":41,"column":3}},"20":{"start":{"line":29,"column":17},"end":{"line":29,"column":59}},"21":{"start":{"line":30,"column":17},"end":{"line":30,"column":59}},"22":{"start":{"line":31,"column":17},"end":{"line":31,"column":59}},"23":{"start":{"line":32,"column":17},"end":{"line":32,"column":59}},"24":{"start":{"line":34,"column":18},"end":{"line":34,"column":43}},"25":{"start":{"line":35,"column":18},"end":{"line":35,"column":50}},"26":{"start":{"line":36,"column":18},"end":{"line":36,"column":42}},"27":{"start":{"line":38,"column":4},"end":{"line":38,"column":41}},"28":{"start":{"line":39,"column":4},"end":{"line":39,"column":73}},"29":{"start":{"line":39,"column":36},"end":{"line":39,"column":73}},"30":{"start":{"line":40,"column":4},"end":{"line":40,"column":73}},"31":{"start":{"line":40,"column":36},"end":{"line":40,"column":73}},"32":{"start":{"line":43,"column":2},"end":{"line":47,"column":3}},"33":{"start":{"line":44,"column":4},"end":{"line":44,"column":46}},"34":{"start":{"line":46,"column":4},"end":{"line":46,"column":18}}},"fnMap":{"0":{"name":"(anonymous_0)","decl":{"start":{"line":3,"column":28},"end":{"line":3,"column":29}},"loc":{"start":{"line":3,"column":53},"end":{"line":21,"column":1}},"line":3},"1":{"name":"(anonymous_1)","decl":{"start":{"line":23,"column":28},"end":{"line":23,"column":29}},"loc":{"start":{"line":23,"column":53},"end":{"line":48,"column":1}},"line":23}},"branchMap":{"0":{"loc":{"start":{"line":10,"column":15},"end":{"line":10,"column":65}},"type":"cond-expr","locations":[{"start":{"line":10,"column":36},"end":{"line":10,"column":59}},{"start":{"line":10,"column":62},"end":{"line":10,"column":65}}],"line":10},"1":{"loc":{"start":{"line":11,"column":15},"end":{"line":11,"column":65}},"type":"cond-expr","locations":[{"start":{"line":11,"column":36},"end":{"line":11,"column":59}},{"start":{"line":11,"column":62},"end":{"line":11,"column":65}}],"line":11},"2":{"loc":{"start":{"line":14,"column":37},"end":{"line":14,"column":60}},"type":"cond-expr","locations":[{"start":{"line":14,"column":49},"end":{"line":14,"column":50}},{"start":{"line":14,"column":53},"end":{"line":14,"column":60}}],"line":14},"3":{"loc":{"start":{"line":15,"column":18},"end":{"line":15,"column":79}},"type":"cond-expr","locations":[{"start":{"line":15,"column":30},"end":{"line":15,"column":32}},{"start":{"line":15,"column":35},"end":{"line":15,"column":79}}],"line":15},"4":{"loc":{"start":{"line":15,"column":55},"end":{"line":15,"column":78}},"type":"cond-expr","locations":[{"start":{"line":15,"column":67},"end":{"line":15,"column":68}},{"start":{"line":15,"column":71},"end":{"line":15,"column":78}}],"line":15},"5":{"loc":{"start":{"line":16,"column":18},"end":{"line":16,"column":42}},"type":"cond-expr","locations":[{"start":{"line":16,"column":30},"end":{"line":16,"column":32}},{"start":{"line":16,"column":35},"end":{"line":16,"column":42}}],"line":16},"6":{"loc":{"start":{"line":29,"column":31},"end":{"line":29,"column":58}},"type":"binary-expr","locations":[{"start":{"line":29,"column":31},"end":{"line":29,"column":51}},{"start":{"line":29,"column":55},"end":{"line":29,"column":58}}],"line":29},"7":{"loc":{"start":{"line":30,"column":31},"end":{"line":30,"column":58}},"type":"binary-expr","locations":[{"start":{"line":30,"column":31},"end":{"line":30,"column":51}},{"start":{"line":30,"column":55},"end":{"line":30,"column":58}}],"line":30},"8":{"loc":{"start":{"line":31,"column":31},"end":{"line":31,"column":58}},"type":"binary-expr","locations":[{"start":{"line":31,"column":31},"end":{"line":31,"column":51}},{"start":{"line":31,"column":55},"end":{"line":31,"column":58}}],"line":31},"9":{"loc":{"start":{"line":32,"column":31},"end":{"line":32,"column":58}},"type":"binary-expr","locations":[{"start":{"line":32,"column":31},"end":{"line":32,"column":51}},{"start":{"line":32,"column":55},"end":{"line":32,"column":58}}],"line":32},"10":{"loc":{"start":{"line":39,"column":4},"end":{"line":39,"column":73}},"type":"if","locations":[{"start":{"line":39,"column":4},"end":{"line":39,"column":73}},{"start":{},"end":{}}],"line":39},"11":{"loc":{"start":{"line":39,"column":8},"end":{"line":39,"column":34}},"type":"binary-expr","locations":[{"start":{"line":39,"column":8},"end":{"line":39,"column":19}},{"start":{"line":39,"column":23},"end":{"line":39,"column":34}}],"line":39},"12":{"loc":{"start":{"line":40,"column":4},"end":{"line":40,"column":73}},"type":"if","locations":[{"start":{"line":40,"column":4},"end":{"line":40,"column":73}},{"start":{},"end":{}}],"line":40},"13":{"loc":{"start":{"line":40,"column":8},"end":{"line":40,"column":34}},"type":"binary-expr","locations":[{"start":{"line":40,"column":8},"end":{"line":40,"column":19}},{"start":{"line":40,"column":23},"end":{"line":40,"column":34}}],"line":40}},"s":{"0":4,"1":4,"2":11,"3":11,"4":11,"5":11,"6":388,"7":388,"8":388,"9":388,"10":388,"11":388,"12":388,"13":388,"14":11,"15":4,"16":9,"17":9,"18":9,"19":9,"20":52,"21":52,"22":52,"23":52,"24":52,"25":52,"26":52,"27":52,"28":52,"29":49,"30":52,"31":47,"32":9,"33":9,"34":1},"f":{"0":11,"1":9},"b":{"0":[385,3],"1":[383,5],"2":[3,385],"3":[3,385],"4":[2,383],"5":[5,383],"6":[52,0],"7":[52,1],"8":[52,1],"9":[52,1],"10":[49,3],"11":[52,49],"12":[47,5],"13":[52,47]},"_coverageSchema":"1a1c01bbd47fc00a2c39e90264f33305004495a9","hash":"eff96bdcff22d8745cb442462adda2f7e95523ba"}
}
