TN:
SF:src/components/CustomAlertModal.tsx
FN:38,CustomAlertModal
FN:46,(anonymous_1)
FN:84,getIconConfig
FN:128,handleBackdropPress
FN:130,(anonymous_4)
FN:137,handleButtonPress
FN:177,(anonymous_6)
FN:201,(anonymous_7)
FNF:8
FNH:8
FNDA:36,CustomAlertModal
FNDA:35,(anonymous_1)
FNDA:16,getIconConfig
FNDA:1,handleBackdropPress
FNDA:1,(anonymous_4)
FNDA:7,handleButtonPress
FNDA:20,(anonymous_6)
FNDA:7,(anonymous_7)
DA:43,36
DA:44,36
DA:46,36
DA:47,35
DA:49,15
DA:51,15
DA:66,20
DA:67,20
DA:71,36
DA:72,20
DA:81,16
DA:85,16
DA:87,3
DA:93,4
DA:99,3
DA:105,2
DA:111,1
DA:118,3
DA:126,16
DA:129,1
DA:130,1
DA:131,1
DA:132,1
DA:134,1
DA:138,7
DA:139,7
DA:140,7
DA:141,6
DA:145,16
DA:147,16
DA:178,20
DA:179,20
DA:181,20
DA:182,20
DA:184,20
DA:185,4
DA:186,4
DA:187,16
DA:188,5
DA:189,5
DA:192,20
DA:201,7
DA:216,5
LF:43
LH:43
BRDA:47,0,0,15
BRDA:47,0,1,20
BRDA:71,1,0,20
BRDA:71,1,1,16
BRDA:71,2,0,36
BRDA:71,2,1,16
BRDA:78,3,0,2
BRDA:79,4,0,7
BRDA:80,5,0,15
BRDA:85,6,0,3
BRDA:85,6,1,4
BRDA:85,6,2,3
BRDA:85,6,3,2
BRDA:85,6,4,1
BRDA:85,6,5,3
BRDA:85,6,6,3
BRDA:129,7,0,0
BRDA:129,7,1,1
BRDA:131,8,0,1
BRDA:131,8,1,0
BRDA:131,9,0,1
BRDA:131,9,1,1
BRDA:140,10,0,6
BRDA:140,10,1,1
BRDA:173,11,0,9
BRDA:173,11,1,7
BRDA:176,12,0,16
BRDA:176,12,1,4
BRDA:184,13,0,4
BRDA:184,13,1,16
BRDA:187,14,0,5
BRDA:187,14,1,11
BRDA:198,15,0,20
BRDA:198,15,1,8
BRF:34
BRH:32
end_of_record
TN:
SF:src/components/ExerciseDetailModal.tsx
FN:36,ExerciseDetailModal
FN:47,handleSelect
FN:55,handleStartQuickRoutine
FN:63,handleCreateCustomTimer
FN:145,(anonymous_4)
FN:164,(anonymous_5)
FN:191,(anonymous_6)
FNF:7
FNH:7
FNDA:34,ExerciseDetailModal
FNDA:3,handleSelect
FNDA:3,handleStartQuickRoutine
FNDA:2,handleCreateCustomTimer
FNDA:14,(anonymous_4)
FNDA:14,(anonymous_5)
FNDA:26,(anonymous_6)
DA:24,6
DA:45,34
DA:48,3
DA:49,3
DA:50,3
DA:52,3
DA:56,3
DA:57,3
DA:58,3
DA:60,3
DA:64,2
DA:65,2
DA:66,2
DA:68,2
DA:71,7
DA:80,7
DA:82,7
DA:146,14
DA:165,14
DA:192,26
DA:250,6
LF:21
LH:21
BRDA:39,0,0,1
BRDA:45,1,0,27
BRDA:45,1,1,7
BRDA:49,2,0,3
BRDA:49,2,1,0
BRDA:57,3,0,3
BRDA:57,3,1,0
BRDA:65,4,0,2
BRDA:65,4,1,0
BRDA:80,5,0,7
BRDA:80,5,1,0
BRDA:119,6,0,7
BRDA:119,6,1,0
BRDA:139,7,0,7
BRDA:139,7,1,7
BRDA:139,7,2,7
BRDA:158,8,0,7
BRDA:158,8,1,7
BRDA:158,8,2,7
BRDA:174,9,0,7
BRDA:174,9,1,0
BRDA:186,10,0,7
BRDA:186,10,1,7
BRDA:186,10,2,7
BRDA:205,11,0,4
BRDA:205,11,1,3
BRF:26
BRH:20
end_of_record
TN:
SF:src/components/ExerciseLibraryView.tsx
FN:43,ExerciseLibraryView
FN:53,(anonymous_1)
FN:57,(anonymous_2)
FN:60,(anonymous_3)
FN:78,(anonymous_4)
FN:81,(anonymous_5)
FN:85,(anonymous_6)
FN:93,handleCardPress
FN:125,(anonymous_8)
FN:140,(anonymous_9)
FN:151,(anonymous_10)
FN:193,(anonymous_11)
FN:208,(anonymous_12)
FN:217,(anonymous_13)
FN:252,(anonymous_14)
FN:255,(anonymous_15)
FN:261,(anonymous_16)
FN:297,(anonymous_17)
FN:330,(anonymous_18)
FNF:19
FNH:19
FNDA:17,ExerciseLibraryView
FNDA:4,(anonymous_1)
FNDA:10,(anonymous_2)
FNDA:720,(anonymous_3)
FNDA:386,(anonymous_4)
FNDA:328,(anonymous_5)
FNDA:472,(anonymous_6)
FNDA:3,handleCardPress
FNDA:1,(anonymous_8)
FNDA:119,(anonymous_9)
FNDA:1,(anonymous_10)
FNDA:1,(anonymous_11)
FNDA:204,(anonymous_12)
FNDA:1,(anonymous_13)
FNDA:197,(anonymous_14)
FNDA:146,(anonymous_15)
FNDA:3,(anonymous_16)
FNDA:261,(anonymous_17)
FNDA:3,(anonymous_18)
DA:33,3
DA:48,17
DA:49,17
DA:50,17
DA:51,17
DA:53,17
DA:54,4
DA:57,17
DA:58,10
DA:60,10
DA:62,720
DA:63,120
DA:67,600
DA:68,32
DA:69,27
DA:74,573
DA:76,144
DA:77,144
DA:78,144
DA:79,386
DA:81,144
DA:82,328
DA:83,328
DA:85,144
DA:86,472
DA:89,144
DA:94,3
DA:95,3
DA:98,17
DA:107,17
DA:125,1
DA:141,119
DA:142,119
DA:143,119
DA:152,1
DA:153,1
DA:194,1
DA:195,1
DA:209,204
DA:210,204
DA:218,1
DA:219,1
DA:252,197
DA:256,146
DA:257,146
DA:261,3
DA:298,261
DA:330,3
DA:338,3
LF:49
LH:49
BRDA:46,0,0,11
BRDA:62,1,0,120
BRDA:62,1,1,600
BRDA:62,2,0,720
BRDA:62,2,1,216
BRDA:67,3,0,32
BRDA:67,3,1,568
BRDA:68,4,0,27
BRDA:68,4,1,5
BRDA:68,5,0,32
BRDA:68,5,1,32
BRDA:74,6,0,429
BRDA:74,6,1,144
BRDA:77,7,0,144
BRDA:77,7,1,0
BRDA:78,8,0,144
BRDA:78,8,1,0
BRDA:81,9,0,144
BRDA:81,9,1,0
BRDA:83,10,0,328
BRDA:83,10,1,328
BRDA:89,11,0,144
BRDA:89,11,1,144
BRDA:89,11,2,143
BRDA:89,11,3,143
BRDA:89,11,4,143
BRDA:122,12,0,17
BRDA:122,12,1,2
BRDA:148,13,0,119
BRDA:148,13,1,17
BRDA:149,14,0,119
BRDA:149,14,1,17
BRDA:149,14,2,14
BRDA:156,15,0,119
BRDA:156,15,1,17
BRDA:160,16,0,3
BRDA:160,16,1,14
BRDA:167,17,0,119
BRDA:167,17,1,17
BRDA:168,18,0,119
BRDA:168,18,1,17
BRDA:168,18,2,14
BRDA:171,19,0,17
BRDA:171,19,1,102
BRDA:191,20,0,17
BRDA:191,20,1,16
BRDA:201,21,0,17
BRDA:201,21,1,16
BRDA:215,22,0,204
BRDA:215,22,1,1
BRDA:225,23,0,1
BRDA:225,23,1,203
BRDA:231,24,0,204
BRDA:231,24,1,1
BRDA:256,25,0,146
BRDA:256,25,1,0
BRDA:288,26,0,146
BRDA:288,26,1,0
BRDA:295,27,0,146
BRDA:295,27,1,146
BRDA:295,27,2,146
BRDA:304,28,0,146
BRDA:304,28,1,0
BRF:63
BRH:57
end_of_record
TN:
SF:src/components/ExercisePickerModal.tsx
FN:38,ExercisePickerModal
FN:44,(anonymous_1)
FN:48,(anonymous_2)
FN:51,(anonymous_3)
FN:69,(anonymous_4)
FN:70,(anonymous_5)
FN:74,(anonymous_6)
FN:80,handleSelect
FN:124,(anonymous_8)
FN:133,(anonymous_9)
FN:144,(anonymous_10)
FN:175,(anonymous_11)
FN:182,(anonymous_12)
FN:188,(anonymous_13)
FN:209,(anonymous_14)
FN:211,(anonymous_15)
FN:212,(anonymous_16)
FN:217,(anonymous_17)
FN:259,(anonymous_18)
FNF:19
FNH:18
FNDA:54,ExercisePickerModal
FNDA:16,(anonymous_1)
FNDA:21,(anonymous_2)
FNDA:1512,(anonymous_3)
FNDA:386,(anonymous_4)
FNDA:328,(anonymous_5)
FNDA:472,(anonymous_6)
FNDA:2,handleSelect
FNDA:0,(anonymous_8)
FNDA:378,(anonymous_9)
FNDA:2,(anonymous_10)
FNDA:1,(anonymous_11)
FNDA:648,(anonymous_12)
FNDA:1,(anonymous_13)
FNDA:156,(anonymous_14)
FNDA:113,(anonymous_15)
FNDA:116,(anonymous_16)
FNDA:2,(anonymous_17)
FNDA:2,(anonymous_18)
DA:36,3
DA:39,54
DA:40,54
DA:41,54
DA:42,54
DA:44,54
DA:45,16
DA:48,54
DA:49,21
DA:51,21
DA:53,1512
DA:54,142
DA:58,1370
DA:59,32
DA:60,27
DA:65,1343
DA:67,144
DA:68,144
DA:69,386
DA:70,144
DA:71,328
DA:72,328
DA:74,472
DA:76,144
DA:81,2
DA:82,2
DA:83,2
DA:86,54
DA:95,54
DA:124,0
DA:134,378
DA:135,378
DA:136,378
DA:144,2
DA:175,1
DA:183,648
DA:184,648
DA:188,1
DA:209,156
DA:211,113
DA:213,116
DA:214,116
DA:217,2
DA:259,2
DA:267,3
LF:45
LH:44
BRDA:53,0,0,142
BRDA:53,0,1,1370
BRDA:53,1,0,1512
BRDA:53,1,1,216
BRDA:58,2,0,32
BRDA:58,2,1,1338
BRDA:59,3,0,27
BRDA:59,3,1,5
BRDA:59,4,0,32
BRDA:59,4,1,32
BRDA:65,5,0,1199
BRDA:65,5,1,144
BRDA:68,6,0,144
BRDA:68,6,1,0
BRDA:69,7,0,144
BRDA:69,7,1,0
BRDA:70,8,0,144
BRDA:70,8,1,0
BRDA:72,9,0,328
BRDA:72,9,1,328
BRDA:76,10,0,144
BRDA:76,10,1,143
BRDA:76,10,2,143
BRDA:76,10,3,143
BRDA:76,10,4,143
BRDA:123,11,0,54
BRDA:123,11,1,2
BRDA:123,11,2,0
BRDA:141,12,0,378
BRDA:141,12,1,54
BRDA:142,13,0,378
BRDA:142,13,1,54
BRDA:142,13,2,51
BRDA:147,14,0,378
BRDA:147,14,1,54
BRDA:151,15,0,3
BRDA:151,15,1,51
BRDA:158,16,0,378
BRDA:158,16,1,54
BRDA:159,17,0,378
BRDA:159,17,1,54
BRDA:159,17,2,51
BRDA:162,18,0,54
BRDA:162,18,1,324
BRDA:174,19,0,54
BRDA:174,19,1,53
BRDA:178,20,0,54
BRDA:178,20,1,53
BRDA:187,21,0,648
BRDA:187,21,1,1
BRDA:194,22,0,1
BRDA:194,22,1,647
BRDA:197,23,0,648
BRDA:197,23,1,1
BRDA:213,24,0,116
BRDA:213,24,1,0
BRDA:234,25,0,116
BRDA:234,25,1,0
BRF:58
BRH:52
end_of_record
TN:
SF:src/components/ImageButton.tsx
FN:9,ImageButton
FN:22,onPressHandler
FN:26,getBackgroundColor
FN:32,getGradientColors
FN:40,getButtonView
FN:51,(anonymous_5)
FNF:6
FNH:6
FNDA:1,ImageButton
FNDA:1,onPressHandler
FNDA:2,getBackgroundColor
FNDA:1,getGradientColors
FNDA:2,getButtonView
FNDA:1,(anonymous_5)
DA:23,1
DA:27,2
DA:33,1
DA:41,2
DA:48,1
DA:52,1
DA:77,1
LF:7
LH:7
BRDA:27,0,0,0
BRDA:27,0,1,2
BRDA:34,1,0,0
BRDA:34,1,1,1
BRDA:55,2,0,1
BRDA:55,2,1,0
BRDA:64,3,0,0
BRDA:64,3,1,1
BRDA:69,4,0,1
BRDA:69,4,1,1
BRF:10
BRH:6
end_of_record
TN:
SF:src/components/Input.tsx
FN:14,Input
FN:27,focusTextInput
FNF:2
FNH:2
FNDA:2,Input
FNDA:1,focusTextInput
DA:25,2
DA:28,1
DA:31,2
DA:50,1
LF:4
LH:4
BRDA:18,0,0,0
BRDA:36,1,0,2
BRDA:36,1,1,1
BRDA:40,2,0,1
BRDA:40,2,1,1
BRF:5
BRH:4
end_of_record
TN:
SF:src/components/IntervalInput.tsx
FN:8,IntervalInput
FN:16,highIntervalNameInputHandler
FN:20,highIntervalInputHandler
FNF:3
FNH:3
FNDA:3,IntervalInput
FNDA:1,highIntervalNameInputHandler
FNDA:1,highIntervalInputHandler
DA:13,3
DA:14,3
DA:17,1
DA:21,1
DA:24,3
DA:42,1
LF:6
LH:6
BRF:0
BRH:0
end_of_record
TN:
SF:src/components/PrimaryButton.tsx
FN:9,PrimaryButton
FN:18,onPressHandler
FN:23,getPrimaryColor
FN:27,getPrimaryGradientColor
FN:31,getShadowStyles
FN:40,(anonymous_5)
FNF:6
FNH:6
FNDA:1,PrimaryButton
FNDA:1,onPressHandler
FNDA:1,getPrimaryColor
FNDA:1,getPrimaryGradientColor
FNDA:1,getShadowStyles
FNDA:1,(anonymous_5)
DA:19,1
DA:24,1
DA:28,1
DA:32,1
DA:37,1
DA:41,1
DA:62,1
LF:7
LH:7
BRDA:24,0,0,0
BRDA:24,0,1,1
BRDA:28,1,0,0
BRDA:28,1,1,1
BRDA:32,2,0,0
BRDA:32,2,1,1
BRF:6
BRH:3
end_of_record
TN:
SF:src/components/Spacer.tsx
FN:3,Spacer
FNF:1
FNH:1
FNDA:1,Spacer
DA:4,1
DA:7,1
LF:2
LH:2
BRF:0
BRH:0
end_of_record
TN:
SF:src/components/StyledText.tsx
FN:3,StyledText
FNF:1
FNH:1
FNDA:1,StyledText
DA:10,1
LF:1
LH:1
BRF:0
BRH:0
end_of_record
TN:
SF:src/components/Themed.tsx
FN:10,useThemeColor
FN:29,Text
FN:35,View
FNF:3
FNH:3
FNDA:8,useThemeColor
FNDA:1355,Text
FNDA:6,View
DA:13,8
DA:14,8
DA:16,8
DA:17,2
DA:30,1355
DA:32,1355
DA:36,6
DA:37,6
DA:39,6
LF:9
LH:9
BRDA:14,0,0,0
BRDA:14,0,1,8
BRDA:16,1,0,2
BRDA:16,1,1,6
BRF:4
BRH:3
end_of_record
TN:
SF:src/constants/Colors.ts
FNF:0
FNH:0
DA:1,16
DA:2,16
DA:3,16
DA:6,16
DA:7,16
DA:10,16
DA:11,16
DA:14,16
DA:15,16
DA:18,16
DA:19,16
DA:20,16
DA:21,16
DA:24,16
DA:25,16
DA:26,16
DA:29,16
DA:30,16
DA:31,16
DA:34,16
DA:35,16
DA:36,16
DA:37,16
DA:38,16
DA:39,16
DA:42,16
DA:43,16
DA:44,16
DA:45,16
DA:48,16
DA:49,16
LF:31
LH:31
BRF:0
BRH:0
end_of_record
TN:
SF:src/constants/FontSize.ts
FNF:0
FNH:0
DA:1,16
DA:7,16
DA:19,16
LF:3
LH:3
BRF:0
BRH:0
end_of_record
TN:
SF:src/constants/Layout.ts
FNF:0
FNH:0
DA:3,1
DA:4,1
LF:2
LH:2
BRF:0
BRH:0
end_of_record
TN:
SF:src/constants/Sounds.ts
FNF:0
FNH:0
DA:1,1
DA:2,1
DA:3,1
LF:3
LH:3
BRF:0
BRH:0
end_of_record
TN:
SF:src/constants/Spacing.ts
FNF:0
FNH:0
DA:1,17
DA:13,17
DA:21,17
LF:3
LH:3
BRF:0
BRH:0
end_of_record
TN:
SF:src/constants/badges.ts
FN:317,getLocalizedBadge
FN:329,getLocalizedBadges
FNF:2
FNH:2
FNDA:193,getLocalizedBadge
FNDA:1,getLocalizedBadges
DA:4,7
DA:318,193
DA:330,1
LF:3
LH:3
BRF:0
BRH:0
end_of_record
TN:
SF:src/constants/defaultTimers.ts
FNF:0
FNH:0
DA:3,3
LF:1
LH:1
BRF:0
BRH:0
end_of_record
TN:
SF:src/constants/exerciseCatalog.ts
FN:1093,getLocalizedExercise
FN:1108,getLocalizedExerciseCatalog
FN:1115,getLocalizedCategoryName
FN:1122,getLocalizedBodyPartName
FNF:4
FNH:4
FNDA:1547,getLocalizedExercise
FNDA:1,getLocalizedExerciseCatalog
FNDA:697,getLocalizedCategoryName
FNDA:1785,getLocalizedBodyPartName
DA:10,10
DA:25,10
DA:1094,1547
DA:1095,1547
DA:1097,1547
DA:1109,1
DA:1116,697
DA:1123,1785
LF:8
LH:8
BRDA:1095,0,0,1547
BRDA:1095,0,1,0
BRDA:1100,1,0,1175
BRDA:1100,1,1,372
BRDA:1100,2,0,1547
BRDA:1100,2,1,1547
BRDA:1101,3,0,1547
BRDA:1101,3,1,0
BRF:8
BRH:6
end_of_record
TN:
SF:src/context/AlertContext.tsx
FN:11,AlertProvider
FN:15,(anonymous_1)
FN:20,(anonymous_2)
FN:22,(anonymous_3)
FN:39,useAlert
FNF:5
FNH:4
FNDA:26,AlertProvider
FNDA:7,(anonymous_1)
FNDA:5,(anonymous_2)
FNDA:0,(anonymous_3)
FNDA:61,useAlert
DA:9,4
DA:12,26
DA:13,26
DA:15,26
DA:16,7
DA:17,7
DA:20,26
DA:21,5
DA:22,5
DA:23,0
DA:27,26
DA:40,61
DA:41,60
DA:42,2
DA:44,58
LF:15
LH:14
BRDA:41,0,0,2
BRDA:41,0,1,58
BRF:2
BRH:2
end_of_record
TN:
SF:src/enum/IntervalImage.tsx
FNF:0
FNH:0
DA:6,2
DA:7,2
DA:10,2
LF:3
LH:3
BRF:0
BRH:0
end_of_record
TN:
SF:src/enum/IntervalImageGradient.tsx
FN:40,getColorAsProps
FN:49,getColorAsStrings
FNF:2
FNH:2
FNDA:8,getColorAsProps
FNDA:16,getColorAsStrings
DA:17,2
DA:41,8
DA:43,8
DA:50,16
DA:51,16
DA:53,16
DA:55,4
DA:56,4
DA:57,4
DA:59,4
DA:60,4
DA:61,4
DA:63,4
DA:64,4
DA:65,4
DA:67,4
DA:68,4
DA:69,4
DA:72,16
LF:19
LH:19
BRDA:53,0,0,4
BRDA:53,0,1,4
BRDA:53,0,2,4
BRDA:53,0,3,4
BRF:4
BRH:4
end_of_record
TN:
SF:src/hooks/useCachedResources.ts
FN:6,useCachedResources
FN:10,(anonymous_1)
FN:11,loadResourcesAndDataAsync
FNF:3
FNH:3
FNDA:2,useCachedResources
FNDA:1,(anonymous_1)
FNDA:1,loadResourcesAndDataAsync
DA:7,2
DA:10,2
DA:12,1
DA:13,1
DA:16,1
DA:25,0
DA:27,1
DA:28,1
DA:32,1
DA:35,2
LF:10
LH:9
BRF:0
BRH:0
end_of_record
TN:
SF:src/hooks/useColorScheme.ts
FN:6,useColorScheme
FNF:1
FNH:1
FNDA:9,useColorScheme
DA:7,9
LF:1
LH:1
BRF:0
BRH:0
end_of_record
TN:
SF:src/i18n/index.ts
FN:33,t
FN:40,getLocale
FN:47,setLocale
FNF:3
FNH:3
FNDA:9871,t
FNDA:4,getLocale
FNDA:3,setLocale
DA:8,16
DA:14,16
DA:17,16
DA:18,16
DA:21,16
DA:22,16
DA:23,16
DA:24,16
DA:26,0
DA:34,9871
DA:41,4
DA:48,3
LF:12
LH:11
BRDA:22,0,0,16
BRDA:22,0,1,0
BRDA:22,1,0,16
BRDA:22,1,1,16
BRDA:23,2,0,16
BRDA:23,2,1,0
BRF:6
BRH:4
end_of_record
TN:
SF:src/model/Interval.ts
FN:11,generateIntervalId
FN:15,normalizeInterval
FNF:2
FNH:2
FNDA:79,generateIntervalId
FNDA:5,normalizeInterval
DA:12,79
DA:19,5
LF:2
LH:2
BRDA:17,0,0,1
BRDA:20,1,0,5
BRDA:20,1,1,1
BRF:3
BRH:3
end_of_record
TN:
SF:src/navigation/index.tsx
FN:25,Navigation
FN:39,RootNavigator
FNF:2
FNH:2
FNDA:1,Navigation
FNDA:1,RootNavigator
DA:26,1
DA:37,1
DA:40,1
LF:3
LH:3
BRF:0
BRH:0
end_of_record
TN:
SF:src/screens/AwardsScreen.tsx
FN:25,AwardsScreen
FN:30,(anonymous_1)
FN:34,loadData
FN:43,handleSelectBadge
FN:48,handleShareBadge
FN:81,handleShareApp
FN:109,formatDuration
FN:118,(anonymous_7)
FN:127,(anonymous_8)
FN:206,(anonymous_9)
FN:213,(anonymous_10)
FN:255,(anonymous_11)
FN:261,(anonymous_12)
FN:287,(anonymous_13)
FNF:14
FNH:13
FNDA:10,AwardsScreen
FNDA:3,(anonymous_1)
FNDA:5,loadData
FNDA:1,handleSelectBadge
FNDA:1,handleShareBadge
FNDA:1,handleShareApp
FNDA:10,formatDuration
FNDA:210,(anonymous_7)
FNDA:1,(anonymous_8)
FNDA:210,(anonymous_9)
FNDA:1,(anonymous_10)
FNDA:0,(anonymous_11)
FNDA:1,(anonymous_12)
FNDA:1,(anonymous_13)
DA:26,10
DA:27,10
DA:28,10
DA:30,10
DA:31,3
DA:35,5
DA:39,5
DA:40,5
DA:44,1
DA:45,1
DA:49,1
DA:50,1
DA:51,1
DA:53,1
DA:54,1
DA:62,1
DA:67,1
DA:68,1
DA:69,1
DA:70,1
DA:71,1
DA:72,1
DA:73,1
DA:77,0
DA:82,1
DA:83,1
DA:84,1
DA:85,1
DA:90,1
DA:95,1
DA:96,1
DA:97,1
DA:98,1
DA:99,1
DA:100,1
DA:101,1
DA:105,0
DA:110,10
DA:111,10
DA:112,10
DA:113,1
DA:115,9
DA:118,210
DA:120,10
DA:127,1
DA:207,210
DA:208,210
DA:213,1
DA:255,0
DA:261,1
DA:287,1
DA:311,2
LF:52
LH:49
BRDA:53,0,0,1
BRDA:53,0,1,0
BRDA:53,1,0,1
BRDA:53,1,1,1
BRDA:67,2,0,1
BRDA:67,2,1,0
BRDA:71,3,0,1
BRDA:71,3,1,0
BRDA:95,4,0,1
BRDA:95,4,1,0
BRDA:99,5,0,1
BRDA:99,5,1,0
BRDA:112,6,0,1
BRDA:112,6,1,9
BRDA:149,7,0,10
BRDA:149,7,1,5
BRDA:163,8,0,10
BRDA:163,8,1,5
BRDA:167,9,0,10
BRDA:167,9,1,5
BRDA:171,10,0,10
BRDA:171,10,1,7
BRDA:211,11,0,210
BRDA:211,11,1,203
BRDA:215,12,0,7
BRDA:215,12,1,203
BRDA:228,13,0,210
BRDA:228,13,1,203
BRDA:232,14,0,7
BRDA:232,14,1,203
BRDA:250,15,0,10
BRDA:250,15,1,3
BRDA:266,16,0,1
BRDA:266,16,1,2
BRDA:283,17,0,1
BRDA:283,17,1,2
BRF:36
BRH:31
end_of_record
TN:
SF:src/screens/CompletionScreen.tsx
FN:26,CompletionScreen
FN:37,(anonymous_1)
FN:40,formatTime
FN:47,(anonymous_3)
FN:49,playFanfare
FN:62,(anonymous_5)
FN:64,(anonymous_6)
FN:70,(anonymous_7)
FN:71,processCompletion
FN:90,handleShare
FN:96,(anonymous_10)
FN:114,(anonymous_11)
FN:138,(anonymous_12)
FN:148,handleShareBadge
FN:172,(anonymous_14)
FN:243,(anonymous_15)
FN:248,(anonymous_16)
FN:286,(anonymous_17)
FN:295,(anonymous_18)
FN:308,(anonymous_19)
FN:331,(anonymous_20)
FN:345,(anonymous_21)
FNF:22
FNH:20
FNDA:12,CompletionScreen
FNDA:24,(anonymous_1)
FNDA:13,formatTime
FNDA:4,(anonymous_3)
FNDA:4,playFanfare
FNDA:4,(anonymous_5)
FNDA:0,(anonymous_6)
FNDA:4,(anonymous_7)
FNDA:4,processCompletion
FNDA:1,handleShare
FNDA:2,(anonymous_10)
FNDA:2,(anonymous_11)
FNDA:1,(anonymous_12)
FNDA:1,handleShareBadge
FNDA:1,(anonymous_14)
FNDA:18,(anonymous_15)
FNDA:1,(anonymous_16)
FNDA:1,(anonymous_17)
FNDA:1,(anonymous_18)
FNDA:0,(anonymous_19)
FNDA:1,(anonymous_20)
FNDA:1,(anonymous_21)
DA:30,12
DA:32,12
DA:33,12
DA:34,12
DA:37,24
DA:41,13
DA:42,13
DA:43,13
DA:47,12
DA:48,4
DA:50,4
DA:51,4
DA:54,0
DA:55,0
DA:57,4
DA:60,4
DA:62,4
DA:63,4
DA:64,0
DA:70,12
DA:72,4
DA:73,4
DA:74,4
DA:76,4
DA:77,4
DA:78,4
DA:79,4
DA:80,4
DA:83,0
DA:86,4
DA:91,1
DA:92,1
DA:96,2
DA:104,1
DA:105,1
DA:107,1
DA:108,1
DA:110,1
DA:113,1
DA:114,2
DA:117,1
DA:128,1
DA:133,1
DA:134,1
DA:135,1
DA:136,1
DA:137,1
DA:138,1
DA:139,1
DA:140,1
DA:144,0
DA:149,1
DA:150,1
DA:151,1
DA:153,1
DA:154,1
DA:162,1
DA:167,1
DA:168,1
DA:169,1
DA:170,1
DA:171,1
DA:172,1
DA:173,1
DA:174,1
DA:178,0
DA:182,12
DA:244,18
DA:248,1
DA:286,1
DA:295,1
DA:308,0
DA:331,1
DA:345,1
DA:357,2
LF:75
LH:68
BRDA:43,0,0,0
BRDA:43,0,1,13
BRDA:63,1,0,0
BRDA:63,1,1,4
BRDA:76,2,0,4
BRDA:76,2,1,0
BRDA:110,3,0,1
BRDA:110,3,1,0
BRDA:110,4,0,1
BRDA:110,4,1,1
BRDA:113,5,0,1
BRDA:113,5,1,0
BRDA:133,6,0,1
BRDA:133,6,1,0
BRDA:136,7,0,1
BRDA:136,7,1,0
BRDA:153,8,0,1
BRDA:153,8,1,0
BRDA:153,9,0,1
BRDA:153,9,1,1
BRDA:167,10,0,1
BRDA:167,10,1,0
BRDA:170,11,0,1
BRDA:170,11,1,0
BRDA:214,12,0,12
BRDA:214,12,1,8
BRDA:214,12,2,8
BRDA:236,13,0,12
BRDA:236,13,1,8
BRDA:303,14,0,12
BRDA:303,14,1,7
BRF:31
BRH:21
end_of_record
TN:
SF:src/screens/CreateTimerScreen.tsx
FN:48,CreateTimerScreen
FN:78,(anonymous_1)
FN:83,(anonymous_2)
FN:102,(anonymous_3)
FN:121,(anonymous_4)
FN:124,scrollToCard
FN:133,handleSelectInterval
FN:139,addInterval
FN:150,(anonymous_8)
FN:156,updateSelectedInterval
FN:158,(anonymous_10)
FN:159,(anonymous_11)
FN:164,handlePickExercise
FN:180,duplicateSelectedInterval
FN:182,(anonymous_14)
FN:195,(anonymous_15)
FN:205,deleteSelectedInterval
FN:215,(anonymous_17)
FN:216,(anonymous_18)
FN:223,saveTimer
FN:249,(anonymous_20)
FN:251,(anonymous_21)
FN:267,startTimer
FN:278,(anonymous_23)
FN:297,deleteTimer
FN:309,(anonymous_25)
FN:314,(anonymous_26)
FN:328,handleCarouselScroll
FN:337,formatSeconds
FN:346,formatHHMMSS
FN:356,handleDurationChange
FN:369,handleDurationBlur
FN:375,(anonymous_32)
FN:386,(anonymous_33)
FN:396,(anonymous_34)
FN:438,(anonymous_35)
FN:439,(anonymous_36)
FN:442,(anonymous_37)
FN:478,(anonymous_38)
FN:503,(anonymous_39)
FN:511,(anonymous_40)
FN:546,(anonymous_41)
FN:563,(anonymous_42)
FN:575,(anonymous_43)
FN:596,(anonymous_44)
FN:601,(anonymous_45)
FN:635,(anonymous_46)
FN:646,(anonymous_47)
FN:659,(anonymous_48)
FN:664,(anonymous_49)
FN:674,(anonymous_50)
FN:689,(anonymous_51)
FNF:52
FNH:42
FNDA:40,CreateTimerScreen
FNDA:9,(anonymous_1)
FNDA:2,(anonymous_2)
FNDA:13,(anonymous_3)
FNDA:51,(anonymous_4)
FNDA:4,scrollToCard
FNDA:1,handleSelectInterval
FNDA:1,addInterval
FNDA:1,(anonymous_8)
FNDA:4,updateSelectedInterval
FNDA:4,(anonymous_10)
FNDA:8,(anonymous_11)
FNDA:1,handlePickExercise
FNDA:1,duplicateSelectedInterval
FNDA:3,(anonymous_14)
FNDA:1,(anonymous_15)
FNDA:4,deleteSelectedInterval
FNDA:9,(anonymous_17)
FNDA:9,(anonymous_18)
FNDA:3,saveTimer
FNDA:0,(anonymous_20)
FNDA:0,(anonymous_21)
FNDA:2,startTimer
FNDA:2,(anonymous_23)
FNDA:1,deleteTimer
FNDA:1,(anonymous_25)
FNDA:1,(anonymous_26)
FNDA:0,handleCarouselScroll
FNDA:78,formatSeconds
FNDA:40,formatHHMMSS
FNDA:1,handleDurationChange
FNDA:1,handleDurationBlur
FNDA:78,(anonymous_32)
FNDA:1,(anonymous_33)
FNDA:1,(anonymous_34)
FNDA:96,(anonymous_35)
FNDA:0,(anonymous_36)
FNDA:0,(anonymous_37)
FNDA:0,(anonymous_38)
FNDA:1,(anonymous_39)
FNDA:1,(anonymous_40)
FNDA:0,(anonymous_41)
FNDA:1,(anonymous_42)
FNDA:1,(anonymous_43)
FNDA:280,(anonymous_44)
FNDA:1,(anonymous_45)
FNDA:0,(anonymous_46)
FNDA:1,(anonymous_47)
FNDA:0,(anonymous_48)
FNDA:0,(anonymous_49)
FNDA:1,(anonymous_50)
FNDA:1,(anonymous_51)
DA:37,2
DA:38,2
DA:52,40
DA:53,40
DA:54,40
DA:55,40
DA:56,40
DA:57,40
DA:58,40
DA:59,40
DA:60,40
DA:61,40
DA:62,40
DA:64,40
DA:65,40
DA:68,40
DA:69,40
DA:70,40
DA:71,40
DA:75,40
DA:78,40
DA:79,9
DA:80,2
DA:81,2
DA:82,2
DA:83,2
DA:84,2
DA:85,2
DA:86,2
DA:89,7
DA:90,7
DA:91,7
DA:92,7
DA:96,7
DA:97,7
DA:102,40
DA:103,13
DA:104,13
DA:105,13
DA:106,13
DA:111,40
DA:112,40
DA:113,40
DA:115,40
DA:121,51
DA:125,4
DA:126,0
DA:128,4
DA:129,4
DA:134,1
DA:135,1
DA:140,1
DA:146,1
DA:147,1
DA:148,1
DA:149,1
DA:150,1
DA:151,1
DA:157,4
DA:158,4
DA:159,8
DA:165,1
DA:172,1
DA:181,1
DA:182,3
DA:183,1
DA:184,1
DA:191,1
DA:192,1
DA:193,1
DA:194,1
DA:195,1
DA:196,1
DA:197,1
DA:199,1
DA:206,4
DA:207,1
DA:213,1
DA:215,9
DA:216,9
DA:217,3
DA:218,3
DA:219,3
DA:224,3
DA:225,1
DA:231,1
DA:234,2
DA:235,2
DA:236,2
DA:238,2
DA:247,2
DA:249,1
DA:251,1
DA:252,1
DA:256,1
DA:259,2
DA:260,2
DA:262,0
DA:268,2
DA:269,1
DA:275,1
DA:278,2
DA:284,1
DA:298,1
DA:300,1
DA:310,1
DA:311,1
DA:312,1
DA:313,1
DA:314,1
DA:315,1
DA:317,1
DA:319,0
DA:329,0
DA:330,0
DA:331,0
DA:332,0
DA:338,78
DA:339,78
DA:340,78
DA:341,0
DA:343,78
DA:347,40
DA:348,40
DA:349,40
DA:350,40
DA:351,40
DA:352,40
DA:353,40
DA:357,1
DA:358,1
DA:360,1
DA:361,1
DA:362,1
DA:363,1
DA:365,1
DA:366,1
DA:370,1
DA:371,0
DA:375,40
DA:380,78
DA:382,78
DA:386,1
DA:397,1
DA:398,1
DA:419,40
DA:438,96
DA:440,0
DA:443,0
DA:479,0
DA:480,0
DA:481,0
DA:503,1
DA:511,1
DA:547,0
DA:548,0
DA:549,0
DA:563,1
DA:575,1
DA:597,280
DA:598,280
DA:601,1
DA:636,0
DA:637,0
DA:638,0
DA:646,1
DA:659,0
DA:664,0
DA:674,1
DA:689,1
DA:696,2
LF:171
LH:149
BRDA:65,0,0,40
BRDA:65,0,1,6
BRDA:65,0,2,2
BRDA:79,1,0,2
BRDA:79,1,1,7
BRDA:82,2,0,2
BRDA:82,2,1,2
BRDA:85,3,0,2
BRDA:85,3,1,0
BRDA:103,4,0,13
BRDA:103,4,1,4
BRDA:103,4,2,2
BRDA:104,5,0,2
BRDA:104,5,1,11
BRDA:107,6,0,4
BRDA:107,6,1,9
BRDA:121,7,0,40
BRDA:121,7,1,0
BRDA:125,8,0,0
BRDA:125,8,1,4
BRDA:125,9,0,4
BRDA:125,9,1,4
BRDA:157,10,0,0
BRDA:157,10,1,4
BRDA:159,11,0,4
BRDA:159,11,1,4
BRDA:175,12,0,1
BRDA:175,12,1,1
BRDA:175,12,2,0
BRDA:181,13,0,0
BRDA:181,13,1,1
BRDA:183,14,0,0
BRDA:183,14,1,1
BRDA:206,15,0,1
BRDA:206,15,1,3
BRDA:224,16,0,1
BRDA:224,16,1,2
BRDA:236,17,0,0
BRDA:236,17,1,2
BRDA:239,18,0,2
BRDA:239,18,1,1
BRDA:243,19,0,2
BRDA:243,19,1,2
BRDA:244,20,0,1
BRDA:244,20,1,1
BRDA:247,21,0,1
BRDA:247,21,1,1
BRDA:249,22,0,0
BRDA:249,22,1,0
BRDA:251,23,0,1
BRDA:251,23,1,0
BRDA:268,24,0,1
BRDA:268,24,1,1
BRDA:286,25,0,1
BRDA:286,25,1,1
BRDA:291,26,0,0
BRDA:291,26,1,1
BRDA:298,27,0,0
BRDA:298,27,1,1
BRDA:312,28,0,1
BRDA:312,28,1,0
BRDA:331,29,0,0
BRDA:331,29,1,0
BRDA:331,30,0,0
BRDA:331,30,1,0
BRDA:331,30,2,0
BRDA:340,31,0,0
BRDA:340,31,1,78
BRDA:341,32,0,0
BRDA:341,32,1,0
BRDA:358,33,0,0
BRDA:358,33,1,1
BRDA:370,34,0,0
BRDA:370,34,1,1
BRDA:370,35,0,1
BRDA:370,35,1,1
BRDA:389,36,0,78
BRDA:389,36,1,40
BRDA:390,37,0,78
BRDA:390,37,1,0
BRDA:406,38,0,0
BRDA:406,38,1,78
BRDA:421,39,0,40
BRDA:421,39,1,0
BRDA:423,40,0,40
BRDA:423,40,1,0
BRDA:426,41,0,40
BRDA:426,41,1,2
BRDA:480,42,0,0
BRDA:480,42,1,0
BRDA:480,43,0,0
BRDA:480,43,1,0
BRDA:523,44,0,40
BRDA:523,44,1,6
BRDA:523,44,2,4
BRDA:530,45,0,2
BRDA:530,45,1,38
BRDA:548,46,0,0
BRDA:548,46,1,0
BRDA:548,47,0,0
BRDA:548,47,1,0
BRDA:555,48,0,40
BRDA:555,48,1,0
BRDA:605,49,0,280
BRDA:605,49,1,40
BRDA:608,50,0,280
BRDA:608,50,1,40
BRDA:637,51,0,0
BRDA:637,51,1,0
BRDA:637,52,0,0
BRDA:637,52,1,0
BRDA:644,53,0,8
BRDA:644,53,1,32
BRDA:660,54,0,32
BRDA:660,54,1,8
BRDA:665,55,0,8
BRDA:665,55,1,32
BRDA:672,56,0,32
BRDA:672,56,1,8
BRF:119
BRH:78
end_of_record
TN:
SF:src/screens/GenerateTimerScreen.tsx
FN:20,GenerateTimerScreen
FN:30,handleGenerate
FN:33,(anonymous_2)
FN:64,(anonymous_3)
FN:73,(anonymous_4)
FN:82,(anonymous_5)
FN:95,(anonymous_6)
FN:104,(anonymous_7)
FN:113,(anonymous_8)
FN:122,(anonymous_9)
FN:131,(anonymous_10)
FN:140,(anonymous_11)
FN:153,(anonymous_12)
FN:162,(anonymous_13)
FN:171,(anonymous_14)
FNF:15
FNH:15
FNDA:16,GenerateTimerScreen
FNDA:1,handleGenerate
FNDA:1,(anonymous_2)
FNDA:1,(anonymous_3)
FNDA:1,(anonymous_4)
FNDA:1,(anonymous_5)
FNDA:1,(anonymous_6)
FNDA:1,(anonymous_7)
FNDA:1,(anonymous_8)
FNDA:1,(anonymous_9)
FNDA:1,(anonymous_10)
FNDA:1,(anonymous_11)
FNDA:1,(anonymous_12)
FNDA:1,(anonymous_13)
FNDA:1,(anonymous_14)
DA:24,16
DA:25,16
DA:26,16
DA:27,16
DA:31,1
DA:33,1
DA:34,1
DA:35,1
DA:37,1
DA:41,16
DA:42,1
DA:53,15
DA:64,1
DA:73,1
DA:82,1
DA:95,1
DA:104,1
DA:113,1
DA:122,1
DA:131,1
DA:140,1
DA:153,1
DA:162,1
DA:171,1
DA:199,2
LF:25
LH:25
BRDA:41,0,0,1
BRDA:41,0,1,15
BRDA:63,1,0,15
BRDA:63,1,1,13
BRDA:66,2,0,15
BRDA:66,2,1,13
BRDA:72,3,0,15
BRDA:72,3,1,1
BRDA:75,4,0,15
BRDA:75,4,1,1
BRDA:81,5,0,15
BRDA:81,5,1,1
BRDA:84,6,0,15
BRDA:84,6,1,1
BRDA:94,7,0,15
BRDA:94,7,1,6
BRDA:97,8,0,15
BRDA:97,8,1,6
BRDA:103,9,0,15
BRDA:103,9,1,1
BRDA:106,10,0,15
BRDA:106,10,1,1
BRDA:112,11,0,15
BRDA:112,11,1,1
BRDA:115,12,0,15
BRDA:115,12,1,1
BRDA:121,13,0,15
BRDA:121,13,1,1
BRDA:124,14,0,15
BRDA:124,14,1,1
BRDA:130,15,0,15
BRDA:130,15,1,1
BRDA:133,16,0,15
BRDA:133,16,1,1
BRDA:139,17,0,15
BRDA:139,17,1,5
BRDA:142,18,0,15
BRDA:142,18,1,5
BRDA:152,19,0,15
BRDA:152,19,1,13
BRDA:155,20,0,15
BRDA:155,20,1,13
BRDA:161,21,0,15
BRDA:161,21,1,1
BRDA:164,22,0,15
BRDA:164,22,1,1
BRDA:170,23,0,15
BRDA:170,23,1,1
BRDA:173,24,0,15
BRDA:173,24,1,1
BRF:50
BRH:50
end_of_record
TN:
SF:src/screens/NotFoundScreen.tsx
FN:9,NotFoundScreen
FN:16,(anonymous_1)
FNF:2
FNH:2
FNDA:1,NotFoundScreen
FNDA:1,(anonymous_1)
DA:12,1
DA:16,1
DA:25,2
LF:3
LH:3
BRF:0
BRH:0
end_of_record
TN:
SF:src/screens/SelectTimerScreen.tsx
FN:40,SelectTimerScreen
FN:53,(anonymous_1)
FN:60,loadTimers
FN:74,(anonymous_3)
FN:76,(anonymous_4)
FN:87,calculateTotalDuration
FN:89,(anonymous_6)
FN:95,formatTime
FN:104,handleShareTimer
FN:109,(anonymous_9)
FN:140,handleStartQuickRoutine
FN:172,handleCreateCustomTimer
FN:197,(anonymous_12)
FN:206,(anonymous_13)
FN:210,(anonymous_14)
FN:251,(anonymous_15)
FN:260,(anonymous_16)
FN:268,(anonymous_17)
FN:305,(anonymous_18)
FN:306,(anonymous_19)
FN:309,(anonymous_20)
FN:321,(anonymous_21)
FN:324,(anonymous_22)
FN:331,(anonymous_23)
FN:349,(anonymous_24)
FN:372,(anonymous_25)
FN:413,(anonymous_26)
FN:422,(anonymous_27)
FN:443,(anonymous_28)
FN:467,(anonymous_29)
FNF:30
FNH:25
FNDA:23,SelectTimerScreen
FNDA:10,(anonymous_1)
FNDA:10,loadTimers
FNDA:1,(anonymous_3)
FNDA:1,(anonymous_4)
FNDA:47,calculateTotalDuration
FNDA:515,(anonymous_6)
FNDA:47,formatTime
FNDA:2,handleShareTimer
FNDA:11,(anonymous_9)
FNDA:1,handleStartQuickRoutine
FNDA:1,handleCreateCustomTimer
FNDA:47,(anonymous_12)
FNDA:1,(anonymous_13)
FNDA:1,(anonymous_14)
FNDA:2,(anonymous_15)
FNDA:1,(anonymous_16)
FNDA:515,(anonymous_17)
FNDA:57,(anonymous_18)
FNDA:0,(anonymous_19)
FNDA:0,(anonymous_20)
FNDA:0,(anonymous_21)
FNDA:1,(anonymous_22)
FNDA:0,(anonymous_23)
FNDA:0,(anonymous_24)
FNDA:1,(anonymous_25)
FNDA:1,(anonymous_26)
FNDA:1,(anonymous_27)
FNDA:1,(anonymous_28)
FNDA:1,(anonymous_29)
DA:37,2
DA:38,2
DA:43,23
DA:44,23
DA:45,23
DA:46,23
DA:47,23
DA:48,23
DA:49,23
DA:50,23
DA:51,23
DA:53,23
DA:54,10
DA:55,10
DA:56,10
DA:61,10
DA:62,10
DA:63,10
DA:64,10
DA:65,9
DA:66,9
DA:67,9
DA:68,9
DA:71,1
DA:72,1
DA:73,1
DA:74,1
DA:76,1
DA:78,1
DA:81,0
DA:83,10
DA:88,47
DA:89,515
DA:92,47
DA:96,47
DA:97,47
DA:98,47
DA:99,45
DA:101,2
DA:105,2
DA:106,2
DA:109,11
DA:118,2
DA:119,2
DA:120,2
DA:126,2
DA:132,1
DA:133,1
DA:136,1
DA:141,1
DA:142,1
DA:169,1
DA:173,1
DA:174,1
DA:194,1
DA:197,23
DA:198,47
DA:206,1
DA:211,1
DA:212,1
DA:251,2
DA:260,1
DA:269,515
DA:285,23
DA:287,23
DA:305,57
DA:307,0
DA:310,0
DA:311,0
DA:322,0
DA:325,1
DA:326,1
DA:327,1
DA:328,1
DA:329,1
DA:332,0
DA:349,0
DA:372,1
DA:413,1
DA:422,1
DA:444,1
DA:445,1
DA:468,1
DA:469,1
DA:491,2
LF:85
LH:78
BRDA:54,0,0,10
BRDA:54,0,1,0
BRDA:64,1,0,9
BRDA:64,1,1,1
BRDA:72,2,0,1
BRDA:72,2,1,0
BRDA:98,3,0,45
BRDA:98,3,1,2
BRDA:99,4,0,9
BRDA:99,4,1,36
BRDA:132,5,0,1
BRDA:132,5,1,0
BRDA:157,6,0,1
BRDA:157,6,1,0
BRDA:183,7,0,1
BRDA:183,7,1,0
BRDA:202,8,0,47
BRDA:202,8,1,0
BRDA:220,9,0,0
BRDA:220,9,1,47
BRDA:227,10,0,47
BRDA:227,10,1,45
BRDA:291,11,0,21
BRDA:291,11,1,2
BRDA:292,12,0,10
BRDA:292,12,1,11
BRDA:296,13,0,0
BRDA:296,13,1,11
BRDA:352,14,0,1
BRDA:352,14,1,22
BRDA:352,15,0,23
BRDA:352,15,1,1
BRDA:359,16,0,21
BRDA:359,16,1,2
BRDA:364,17,0,21
BRDA:364,17,1,2
BRDA:374,18,0,0
BRDA:374,18,1,23
BRDA:374,19,0,23
BRDA:374,19,1,12
BRDA:388,20,0,23
BRDA:388,20,1,1
BRDA:388,20,2,1
BRDA:400,21,0,23
BRDA:400,21,1,21
BRDA:406,22,0,1
BRDA:406,22,1,20
BRDA:441,23,0,23
BRDA:441,23,1,21
BRDA:449,24,0,21
BRDA:449,24,1,2
BRDA:451,25,0,21
BRDA:451,25,1,2
BRDA:456,26,0,23
BRDA:456,26,1,21
BRDA:465,27,0,23
BRDA:465,27,1,2
BRDA:473,28,0,2
BRDA:473,28,1,21
BRDA:475,29,0,2
BRDA:475,29,1,21
BRDA:480,30,0,23
BRDA:480,30,1,2
BRF:63
BRH:54
end_of_record
TN:
SF:src/screens/TimerScreen.tsx
FN:14,TimerScreen
FN:44,loadSounds
FN:55,unloadSounds
FN:57,(anonymous_3)
FN:62,playBeep
FN:64,(anonymous_5)
FN:68,startProgressAnim
FN:80,(anonymous_7)
FN:83,(anonymous_8)
FN:105,(anonymous_9)
FN:111,(anonymous_10)
FN:118,startCountDown
FN:122,(anonymous_12)
FN:127,(anonymous_13)
FN:165,togglePlayPause
FN:178,askToCloseWorkout
FN:192,(anonymous_16)
FN:204,(anonymous_17)
FNF:18
FNH:16
FNDA:15,TimerScreen
FNDA:4,loadSounds
FNDA:4,unloadSounds
FNDA:0,(anonymous_3)
FNDA:8,playBeep
FNDA:0,(anonymous_5)
FNDA:8,startProgressAnim
FNDA:4,(anonymous_7)
FNDA:12,(anonymous_8)
FNDA:4,(anonymous_9)
FNDA:4,(anonymous_10)
FNDA:4,startCountDown
FNDA:60,(anonymous_12)
FNDA:60,(anonymous_13)
FNDA:2,togglePlayPause
FNDA:2,askToCloseWorkout
FNDA:1,(anonymous_16)
FNDA:1,(anonymous_17)
DA:18,15
DA:19,15
DA:22,15
DA:25,15
DA:28,15
DA:29,15
DA:30,15
DA:31,15
DA:32,15
DA:33,15
DA:34,15
DA:37,15
DA:38,15
DA:39,15
DA:40,15
DA:42,15
DA:45,4
DA:46,4
DA:49,4
DA:51,0
DA:56,4
DA:57,4
DA:58,4
DA:63,8
DA:64,4
DA:69,8
DA:70,8
DA:71,8
DA:80,15
DA:81,4
DA:82,4
DA:83,7
DA:84,12
DA:92,4
DA:93,4
DA:95,4
DA:96,3
DA:97,3
DA:98,3
DA:99,3
DA:100,3
DA:101,3
DA:102,3
DA:105,4
DA:106,4
DA:108,4
DA:109,4
DA:111,4
DA:112,4
DA:113,4
DA:114,4
DA:119,4
DA:120,4
DA:122,4
DA:123,60
DA:125,60
DA:126,60
DA:127,60
DA:129,60
DA:131,4
DA:132,4
DA:133,4
DA:135,1
DA:136,1
DA:137,1
DA:139,3
DA:140,3
DA:141,3
DA:142,3
DA:143,3
DA:144,3
DA:145,3
DA:146,3
DA:147,3
DA:148,3
DA:155,15
DA:161,15
DA:162,9
DA:166,2
DA:167,2
DA:168,2
DA:169,2
DA:170,1
DA:172,1
DA:173,1
DA:174,1
DA:179,2
DA:180,2
DA:181,2
DA:182,2
DA:184,2
DA:193,1
DA:194,1
DA:195,1
DA:196,1
DA:197,1
DA:205,1
DA:206,1
DA:207,1
DA:214,15
DA:215,5
DA:223,10
DA:285,2
LF:103
LH:102
BRDA:56,0,0,4
BRDA:56,0,1,0
BRDA:63,1,0,4
BRDA:63,1,1,4
BRDA:68,2,0,0
BRDA:95,3,0,3
BRDA:95,3,1,1
BRDA:123,4,0,0
BRDA:123,4,1,60
BRDA:127,5,0,6
BRDA:127,5,1,54
BRDA:129,6,0,4
BRDA:129,6,1,56
BRDA:133,7,0,1
BRDA:133,7,1,3
BRDA:142,8,0,3
BRDA:142,8,1,0
BRDA:145,9,0,3
BRDA:145,9,1,0
BRDA:155,10,0,10
BRDA:155,10,1,5
BRDA:161,11,0,9
BRDA:161,11,1,6
BRDA:169,12,0,1
BRDA:169,12,1,1
BRDA:173,13,0,1
BRDA:173,13,1,0
BRDA:195,14,0,1
BRDA:195,14,1,0
BRDA:196,15,0,1
BRDA:196,15,1,0
BRDA:214,16,0,5
BRDA:214,16,1,10
BRDA:261,17,0,10
BRDA:261,17,1,9
BRDA:275,18,0,4
BRDA:275,18,1,6
BRF:37
BRH:29
end_of_record
TN:
SF:src/services/badgeService.ts
FN:26,getFormattedDate
FN:33,getYesterdayFormattedDate
FN:39,getUserStats
FN:50,saveUserStats
FN:58,getBadgeTimestamps
FN:68,saveBadgeTimestamps
FN:76,recordWorkoutCompletion
FN:125,checkAndUnlock
FN:128,(anonymous_8)
FN:182,recordShare
FN:215,checkAndUnlock
FN:218,(anonymous_11)
FN:253,getAllBadgesWithStatus
FN:258,(anonymous_13)
FNF:14
FNH:14
FNDA:18,getFormattedDate
FNDA:9,getYesterdayFormattedDate
FNDA:40,getUserStats
FNDA:26,saveUserStats
FNDA:23,getBadgeTimestamps
FNDA:17,saveBadgeTimestamps
FNDA:9,recordWorkoutCompletion
FNDA:189,checkAndUnlock
FNDA:393,(anonymous_8)
FNDA:8,recordShare
FNDA:72,checkAndUnlock
FNDA:195,(anonymous_11)
FNDA:6,getAllBadgesWithStatus
FNDA:180,(anonymous_13)
DA:6,5
DA:7,5
DA:9,5
DA:27,18
DA:28,18
DA:29,18
DA:30,18
DA:34,9
DA:35,9
DA:36,9
DA:40,40
DA:41,40
DA:42,40
DA:43,19
DA:45,0
DA:46,0
DA:51,26
DA:52,26
DA:54,0
DA:59,23
DA:60,23
DA:61,23
DA:62,6
DA:64,0
DA:69,17
DA:70,17
DA:72,0
DA:80,9
DA:81,9
DA:82,9
DA:83,9
DA:84,9
DA:85,9
DA:86,9
DA:89,9
DA:90,9
DA:91,9
DA:93,9
DA:95,8
DA:96,2
DA:98,6
DA:102,9
DA:103,0
DA:104,9
DA:105,0
DA:108,9
DA:109,0
DA:110,0
DA:114,9
DA:115,9
DA:116,9
DA:117,9
DA:118,9
DA:119,9
DA:121,9
DA:122,9
DA:126,189
DA:127,33
DA:128,393
DA:129,33
DA:130,33
DA:131,33
DA:137,9
DA:138,9
DA:139,9
DA:140,9
DA:141,9
DA:142,9
DA:143,9
DA:144,9
DA:145,9
DA:146,9
DA:147,9
DA:148,9
DA:149,9
DA:150,9
DA:151,9
DA:152,9
DA:153,9
DA:154,9
DA:155,9
DA:156,9
DA:157,9
DA:159,9
DA:174,9
DA:175,9
DA:176,9
DA:179,9
DA:185,8
DA:186,8
DA:188,8
DA:189,8
DA:190,8
DA:192,8
DA:193,8
DA:200,1
DA:202,8
DA:208,1
DA:212,8
DA:213,8
DA:216,72
DA:217,9
DA:218,195
DA:219,9
DA:220,9
DA:221,9
DA:227,8
DA:228,8
DA:229,8
DA:230,8
DA:231,8
DA:232,8
DA:233,8
DA:234,8
DA:235,8
DA:237,8
DA:245,8
DA:246,8
DA:247,8
DA:250,8
DA:254,6
DA:255,6
DA:256,6
DA:258,180
LF:124
LH:115
BRDA:26,0,0,0
BRDA:42,1,0,21
BRDA:42,1,1,19
BRDA:61,2,0,17
BRDA:61,2,1,6
BRDA:93,3,0,1
BRDA:93,3,1,8
BRDA:95,4,0,2
BRDA:95,4,1,6
BRDA:102,5,0,0
BRDA:102,5,1,9
BRDA:104,6,0,0
BRDA:104,6,1,9
BRDA:108,7,0,0
BRDA:108,7,1,9
BRDA:118,8,0,9
BRDA:118,8,1,1
BRDA:119,9,0,1
BRDA:119,9,1,8
BRDA:121,10,0,9
BRDA:121,10,1,0
BRDA:126,11,0,33
BRDA:126,11,1,156
BRDA:126,12,0,189
BRDA:126,12,1,37
BRDA:129,13,0,33
BRDA:129,13,1,0
BRDA:149,14,0,9
BRDA:149,14,1,1
BRDA:175,15,0,9
BRDA:175,15,1,0
BRDA:188,16,0,8
BRDA:188,16,1,6
BRDA:192,17,0,8
BRDA:192,17,1,1
BRDA:193,18,0,1
BRDA:193,18,1,7
BRDA:194,19,0,8
BRDA:194,19,1,7
BRDA:194,19,2,7
BRDA:194,19,3,7
BRDA:194,19,4,7
BRDA:202,20,0,1
BRDA:202,20,1,7
BRDA:203,21,0,8
BRDA:203,21,1,7
BRDA:203,21,2,7
BRDA:203,21,3,7
BRDA:212,22,0,8
BRDA:212,22,1,0
BRDA:216,23,0,9
BRDA:216,23,1,63
BRDA:216,24,0,72
BRDA:216,24,1,14
BRDA:219,25,0,9
BRDA:219,25,1,0
BRDA:246,26,0,8
BRDA:246,26,1,0
BRDA:256,27,0,6
BRDA:256,27,1,0
BRDA:260,28,0,6
BRDA:260,28,1,174
BRDA:260,29,0,6
BRDA:260,29,1,4
BRF:64
BRH:53
end_of_record
TN:
SF:src/services/timerGenerator.ts
FN:17,generateWorkout
FN:49,(anonymous_1)
FN:54,(anonymous_2)
FN:61,(anonymous_3)
FN:62,(anonymous_4)
FN:64,(anonymous_5)
FN:72,(anonymous_6)
FN:91,(anonymous_7)
FNF:8
FNH:7
FNDA:7,generateWorkout
FNDA:1224,(anonymous_1)
FNDA:1,(anonymous_2)
FNDA:216,(anonymous_3)
FNDA:30,(anonymous_4)
FNDA:50,(anonymous_5)
FNDA:0,(anonymous_6)
FNDA:34,(anonymous_7)
DA:18,7
DA:21,7
DA:22,7
DA:23,7
DA:24,7
DA:26,7
DA:27,2
DA:28,2
DA:29,2
DA:30,2
DA:31,5
DA:32,2
DA:33,2
DA:34,2
DA:35,2
DA:39,7
DA:41,7
DA:43,4
DA:44,4
DA:46,4
DA:47,17
DA:48,17
DA:49,1224
DA:52,17
DA:54,1
DA:56,17
DA:57,17
DA:61,216
DA:62,30
DA:63,3
DA:64,50
DA:65,3
DA:67,3
DA:70,3
DA:71,0
DA:72,0
DA:73,0
DA:75,0
DA:76,0
DA:82,7
DA:83,7
DA:91,7
DA:92,34
DA:93,34
DA:102,34
DA:103,27
DA:113,7
DA:120,7
DA:129,7
DA:135,7
DA:142,7
LF:51
LH:46
BRDA:26,0,0,2
BRDA:26,0,1,5
BRDA:31,1,0,2
BRDA:31,1,1,3
BRDA:41,2,0,4
BRDA:41,2,1,3
BRDA:41,3,0,7
BRDA:41,3,1,6
BRDA:41,3,2,5
BRDA:49,4,0,1224
BRDA:49,4,1,160
BRDA:49,4,2,160
BRDA:49,4,3,98
BRDA:49,4,4,83
BRDA:52,5,0,16
BRDA:52,5,1,1
BRDA:54,6,0,1
BRDA:54,6,1,0
BRDA:63,7,0,1
BRDA:63,7,1,2
BRDA:72,8,0,0
BRDA:72,8,1,0
BRDA:97,9,0,34
BRDA:97,9,1,1
BRDA:102,10,0,27
BRDA:102,10,1,7
BRF:26
BRH:23
end_of_record
TN:
SF:src/utils/base64.ts
FN:3,(anonymous_0)
FN:23,(anonymous_1)
FNF:2
FNH:2
FNDA:11,(anonymous_0)
FNDA:9,(anonymous_1)
DA:1,4
DA:3,4
DA:5,11
DA:6,11
DA:7,11
DA:8,11
DA:9,388
DA:10,388
DA:11,388
DA:13,388
DA:14,388
DA:15,388
DA:16,388
DA:18,388
DA:20,11
DA:23,4
DA:24,9
DA:25,9
DA:27,9
DA:28,9
DA:29,52
DA:30,52
DA:31,52
DA:32,52
DA:34,52
DA:35,52
DA:36,52
DA:38,52
DA:39,52
DA:40,52
DA:43,9
DA:44,9
DA:46,1
LF:33
LH:33
BRDA:10,0,0,385
BRDA:10,0,1,3
BRDA:11,1,0,383
BRDA:11,1,1,5
BRDA:14,2,0,3
BRDA:14,2,1,385
BRDA:15,3,0,3
BRDA:15,3,1,385
BRDA:15,4,0,2
BRDA:15,4,1,383
BRDA:16,5,0,5
BRDA:16,5,1,383
BRDA:29,6,0,52
BRDA:29,6,1,0
BRDA:30,7,0,52
BRDA:30,7,1,1
BRDA:31,8,0,52
BRDA:31,8,1,1
BRDA:32,9,0,52
BRDA:32,9,1,1
BRDA:39,10,0,49
BRDA:39,10,1,3
BRDA:39,11,0,52
BRDA:39,11,1,49
BRDA:40,12,0,47
BRDA:40,12,1,5
BRDA:40,13,0,52
BRDA:40,13,1,47
BRF:28
BRH:27
end_of_record
