TN:
SF:src/components/CustomAlertModal.tsx
FN:38,CustomAlertModal
FN:46,(anonymous_1)
FN:84,getIconConfig
FN:128,handleBackdropPress
FN:130,(anonymous_4)
FN:137,handleButtonPress
FN:177,(anonymous_6)
FN:201,(anonymous_7)
FNF:8
FNH:8
FNDA:36,CustomAlertModal
FNDA:35,(anonymous_1)
FNDA:16,getIconConfig
FNDA:1,handleBackdropPress
FNDA:1,(anonymous_4)
FNDA:7,handleButtonPress
FNDA:20,(anonymous_6)
FNDA:7,(anonymous_7)
DA:43,36
DA:44,36
DA:46,36
DA:47,35
DA:49,15
DA:51,15
DA:66,20
DA:67,20
DA:71,36
DA:72,20
DA:81,16
DA:85,16
DA:87,3
DA:93,4
DA:99,3
DA:105,2
DA:111,1
DA:118,3
DA:126,16
DA:129,1
DA:130,1
DA:131,1
DA:132,1
DA:134,1
DA:138,7
DA:139,7
DA:140,7
DA:141,6
DA:145,16
DA:147,16
DA:178,20
DA:179,20
DA:181,20
DA:182,20
DA:184,20
DA:185,4
DA:186,4
DA:187,16
DA:188,5
DA:189,5
DA:192,20
DA:201,7
DA:216,5
LF:43
LH:43
BRDA:47,0,0,15
BRDA:47,0,1,20
BRDA:71,1,0,20
BRDA:71,1,1,16
BRDA:71,2,0,36
BRDA:71,2,1,16
BRDA:78,3,0,2
BRDA:79,4,0,7
BRDA:80,5,0,15
BRDA:85,6,0,3
BRDA:85,6,1,4
BRDA:85,6,2,3
BRDA:85,6,3,2
BRDA:85,6,4,1
BRDA:85,6,5,3
BRDA:85,6,6,3
BRDA:129,7,0,0
BRDA:129,7,1,1
BRDA:131,8,0,1
BRDA:131,8,1,0
BRDA:131,9,0,1
BRDA:131,9,1,1
BRDA:140,10,0,6
BRDA:140,10,1,1
BRDA:173,11,0,9
BRDA:173,11,1,7
BRDA:176,12,0,16
BRDA:176,12,1,4
BRDA:184,13,0,4
BRDA:184,13,1,16
BRDA:187,14,0,5
BRDA:187,14,1,11
BRDA:198,15,0,20
BRDA:198,15,1,8
BRF:34
BRH:32
end_of_record
TN:
SF:src/components/ExercisePickerModal.tsx
FN:28,ExercisePickerModal
FN:32,(anonymous_1)
FN:36,(anonymous_2)
FN:37,(anonymous_3)
FN:48,handleSelect
FN:90,(anonymous_5)
FN:102,(anonymous_6)
FN:104,(anonymous_7)
FN:109,(anonymous_8)
FN:124,(anonymous_9)
FN:126,(anonymous_10)
FN:127,(anonymous_11)
FN:130,(anonymous_12)
FNF:13
FNH:12
FNDA:48,ExercisePickerModal
FNDA:16,(anonymous_1)
FNDA:19,(anonymous_2)
FNDA:1330,(anonymous_3)
FNDA:2,handleSelect
FNDA:0,(anonymous_5)
FNDA:60,(anonymous_6)
FNDA:54,(anonymous_7)
FNDA:1,(anonymous_8)
FNDA:101,(anonymous_9)
FNDA:71,(anonymous_10)
FNDA:72,(anonymous_11)
FNDA:2,(anonymous_12)
DA:26,3
DA:29,48
DA:30,48
DA:32,48
DA:33,16
DA:36,48
DA:37,19
DA:38,1330
DA:39,1330
DA:41,1330
DA:44,1330
DA:49,2
DA:50,2
DA:53,48
DA:61,48
DA:90,0
DA:102,60
DA:105,54
DA:106,54
DA:109,1
DA:124,101
DA:126,71
DA:128,72
DA:129,72
DA:130,2
DA:165,3
LF:26
LH:25
BRDA:38,0,0,1330
BRDA:38,0,1,70
BRDA:41,1,0,1330
BRDA:41,1,1,140
BRDA:41,1,2,138
BRDA:44,2,0,1330
BRDA:44,2,1,1272
BRDA:89,3,0,48
BRDA:89,3,1,2
BRDA:89,3,2,0
BRDA:108,4,0,54
BRDA:108,4,1,9
BRDA:112,5,0,54
BRDA:112,5,1,9
BRDA:113,6,0,9
BRDA:113,6,1,45
BRDA:128,7,0,72
BRDA:128,7,1,0
BRDA:206,8,0,3
BRDA:206,8,1,0
BRF:20
BRH:17
end_of_record
TN:
SF:src/components/ImageButton.tsx
FN:9,ImageButton
FN:22,onPressHandler
FN:26,getBackgroundColor
FN:32,getGradientColors
FN:40,getButtonView
FN:51,(anonymous_5)
FNF:6
FNH:6
FNDA:1,ImageButton
FNDA:1,onPressHandler
FNDA:2,getBackgroundColor
FNDA:1,getGradientColors
FNDA:2,getButtonView
FNDA:1,(anonymous_5)
DA:23,1
DA:27,2
DA:33,1
DA:41,2
DA:48,1
DA:52,1
DA:77,1
LF:7
LH:7
BRDA:27,0,0,0
BRDA:27,0,1,2
BRDA:34,1,0,0
BRDA:34,1,1,1
BRDA:55,2,0,1
BRDA:55,2,1,0
BRDA:64,3,0,0
BRDA:64,3,1,1
BRDA:69,4,0,1
BRDA:69,4,1,1
BRF:10
BRH:6
end_of_record
TN:
SF:src/components/Input.tsx
FN:14,Input
FN:27,focusTextInput
FNF:2
FNH:2
FNDA:2,Input
FNDA:1,focusTextInput
DA:25,2
DA:28,1
DA:31,2
DA:50,1
LF:4
LH:4
BRDA:18,0,0,0
BRDA:36,1,0,2
BRDA:36,1,1,1
BRDA:40,2,0,1
BRDA:40,2,1,1
BRF:5
BRH:4
end_of_record
TN:
SF:src/components/IntervalInput.tsx
FN:8,IntervalInput
FN:16,highIntervalNameInputHandler
FN:20,highIntervalInputHandler
FNF:3
FNH:3
FNDA:3,IntervalInput
FNDA:1,highIntervalNameInputHandler
FNDA:1,highIntervalInputHandler
DA:13,3
DA:14,3
DA:17,1
DA:21,1
DA:24,3
DA:42,1
LF:6
LH:6
BRF:0
BRH:0
end_of_record
TN:
SF:src/components/PrimaryButton.tsx
FN:9,PrimaryButton
FN:18,onPressHandler
FN:23,getPrimaryColor
FN:27,getPrimaryGradientColor
FN:31,getShadowStyles
FN:40,(anonymous_5)
FNF:6
FNH:6
FNDA:1,PrimaryButton
FNDA:1,onPressHandler
FNDA:1,getPrimaryColor
FNDA:1,getPrimaryGradientColor
FNDA:1,getShadowStyles
FNDA:1,(anonymous_5)
DA:19,1
DA:24,1
DA:28,1
DA:32,1
DA:37,1
DA:41,1
DA:62,1
LF:7
LH:7
BRDA:24,0,0,0
BRDA:24,0,1,1
BRDA:28,1,0,0
BRDA:28,1,1,1
BRDA:32,2,0,0
BRDA:32,2,1,1
BRF:6
BRH:3
end_of_record
TN:
SF:src/components/Spacer.tsx
FN:3,Spacer
FNF:1
FNH:1
FNDA:1,Spacer
DA:4,1
DA:7,1
LF:2
LH:2
BRF:0
BRH:0
end_of_record
TN:
SF:src/components/StyledText.tsx
FN:3,StyledText
FNF:1
FNH:1
FNDA:1,StyledText
DA:10,1
LF:1
LH:1
BRF:0
BRH:0
end_of_record
TN:
SF:src/components/Themed.tsx
FN:10,useThemeColor
FN:29,Text
FN:35,View
FNF:3
FNH:3
FNDA:8,useThemeColor
FNDA:4,Text
FNDA:6,View
DA:13,8
DA:14,8
DA:16,8
DA:17,2
DA:30,4
DA:32,4
DA:36,6
DA:37,6
DA:39,6
LF:9
LH:9
BRDA:14,0,0,0
BRDA:14,0,1,8
BRDA:16,1,0,2
BRDA:16,1,1,6
BRF:4
BRH:3
end_of_record
TN:
SF:src/constants/Colors.ts
FNF:0
FNH:0
DA:1,13
DA:2,13
DA:3,13
DA:6,13
DA:7,13
DA:10,13
DA:11,13
DA:14,13
DA:15,13
DA:18,13
DA:19,13
DA:20,13
DA:21,13
DA:24,13
DA:25,13
DA:26,13
DA:29,13
DA:30,13
DA:31,13
DA:34,13
DA:35,13
DA:36,13
DA:37,13
DA:38,13
DA:39,13
DA:42,13
DA:43,13
DA:44,13
DA:45,13
DA:48,13
DA:49,13
LF:31
LH:31
BRF:0
BRH:0
end_of_record
TN:
SF:src/constants/FontSize.ts
FNF:0
FNH:0
DA:1,14
DA:7,14
DA:19,14
LF:3
LH:3
BRF:0
BRH:0
end_of_record
TN:
SF:src/constants/Layout.ts
FNF:0
FNH:0
DA:3,1
DA:4,1
LF:2
LH:2
BRF:0
BRH:0
end_of_record
TN:
SF:src/constants/Sounds.ts
FNF:0
FNH:0
DA:1,1
DA:2,1
DA:3,1
LF:3
LH:3
BRF:0
BRH:0
end_of_record
TN:
SF:src/constants/Spacing.ts
FNF:0
FNH:0
DA:1,15
DA:13,15
DA:21,15
LF:3
LH:3
BRF:0
BRH:0
end_of_record
TN:
SF:src/constants/badges.ts
FN:317,getLocalizedBadge
FN:329,getLocalizedBadges
FNF:2
FNH:2
FNDA:193,getLocalizedBadge
FNDA:1,getLocalizedBadges
DA:4,7
DA:318,193
DA:330,1
LF:3
LH:3
BRF:0
BRH:0
end_of_record
TN:
SF:src/constants/defaultTimers.ts
FNF:0
FNH:0
DA:3,3
LF:1
LH:1
BRF:0
BRH:0
end_of_record
TN:
SF:src/constants/exerciseCatalog.ts
FN:873,getLocalizedExercise
FN:885,getLocalizedExerciseCatalog
FN:892,getLocalizedCategoryName
FNF:3
FNH:3
FNDA:1225,getLocalizedExercise
FNDA:1,getLocalizedExerciseCatalog
FNDA:123,getLocalizedCategoryName
DA:4,7
DA:874,1225
DA:875,1225
DA:886,1
DA:893,123
LF:5
LH:5
BRDA:878,0,0,1225
BRDA:878,0,1,0
BRF:2
BRH:1
end_of_record
TN:
SF:src/context/AlertContext.tsx
FN:11,AlertProvider
FN:15,(anonymous_1)
FN:20,(anonymous_2)
FN:22,(anonymous_3)
FN:39,useAlert
FNF:5
FNH:4
FNDA:26,AlertProvider
FNDA:7,(anonymous_1)
FNDA:5,(anonymous_2)
FNDA:0,(anonymous_3)
FNDA:61,useAlert
DA:9,4
DA:12,26
DA:13,26
DA:15,26
DA:16,7
DA:17,7
DA:20,26
DA:21,5
DA:22,5
DA:23,0
DA:27,26
DA:40,61
DA:41,60
DA:42,2
DA:44,58
LF:15
LH:14
BRDA:41,0,0,2
BRDA:41,0,1,58
BRF:2
BRH:2
end_of_record
TN:
SF:src/enum/IntervalImage.tsx
FNF:0
FNH:0
DA:6,2
DA:7,2
DA:10,2
LF:3
LH:3
BRF:0
BRH:0
end_of_record
TN:
SF:src/enum/IntervalImageGradient.tsx
FN:40,getColorAsProps
FN:49,getColorAsStrings
FNF:2
FNH:2
FNDA:8,getColorAsProps
FNDA:16,getColorAsStrings
DA:17,2
DA:41,8
DA:43,8
DA:50,16
DA:51,16
DA:53,16
DA:55,4
DA:56,4
DA:57,4
DA:59,4
DA:60,4
DA:61,4
DA:63,4
DA:64,4
DA:65,4
DA:67,4
DA:68,4
DA:69,4
DA:72,16
LF:19
LH:19
BRDA:53,0,0,4
BRDA:53,0,1,4
BRDA:53,0,2,4
BRDA:53,0,3,4
BRF:4
BRH:4
end_of_record
TN:
SF:src/hooks/useCachedResources.ts
FN:6,useCachedResources
FN:10,(anonymous_1)
FN:11,loadResourcesAndDataAsync
FNF:3
FNH:3
FNDA:2,useCachedResources
FNDA:1,(anonymous_1)
FNDA:1,loadResourcesAndDataAsync
DA:7,2
DA:10,2
DA:12,1
DA:13,1
DA:16,1
DA:25,0
DA:27,1
DA:28,1
DA:32,1
DA:35,2
LF:10
LH:9
BRF:0
BRH:0
end_of_record
TN:
SF:src/hooks/useColorScheme.ts
FN:6,useColorScheme
FNF:1
FNH:1
FNDA:9,useColorScheme
DA:7,9
LF:1
LH:1
BRF:0
BRH:0
end_of_record
TN:
SF:src/i18n/index.ts
FN:33,t
FN:40,getLocale
FN:47,setLocale
FNF:3
FNH:3
FNDA:4948,t
FNDA:4,getLocale
FNDA:3,setLocale
DA:8,14
DA:14,14
DA:17,14
DA:18,14
DA:21,14
DA:22,14
DA:23,14
DA:24,14
DA:26,0
DA:34,4948
DA:41,4
DA:48,3
LF:12
LH:11
BRDA:22,0,0,14
BRDA:22,0,1,0
BRDA:22,1,0,14
BRDA:22,1,1,14
BRDA:23,2,0,14
BRDA:23,2,1,0
BRF:6
BRH:4
end_of_record
TN:
SF:src/model/Interval.ts
FN:11,generateIntervalId
FN:15,normalizeInterval
FNF:2
FNH:2
FNDA:79,generateIntervalId
FNDA:5,normalizeInterval
DA:12,79
DA:19,5
LF:2
LH:2
BRDA:17,0,0,1
BRDA:20,1,0,5
BRDA:20,1,1,1
BRF:3
BRH:3
end_of_record
TN:
SF:src/navigation/index.tsx
FN:25,Navigation
FN:39,RootNavigator
FNF:2
FNH:2
FNDA:1,Navigation
FNDA:1,RootNavigator
DA:26,1
DA:37,1
DA:40,1
LF:3
LH:3
BRF:0
BRH:0
end_of_record
TN:
SF:src/screens/AwardsScreen.tsx
FN:25,AwardsScreen
FN:30,(anonymous_1)
FN:34,loadData
FN:43,handleSelectBadge
FN:48,handleShareBadge
FN:81,handleShareApp
FN:109,formatDuration
FN:118,(anonymous_7)
FN:127,(anonymous_8)
FN:206,(anonymous_9)
FN:213,(anonymous_10)
FN:255,(anonymous_11)
FN:261,(anonymous_12)
FN:287,(anonymous_13)
FNF:14
FNH:13
FNDA:10,AwardsScreen
FNDA:3,(anonymous_1)
FNDA:5,loadData
FNDA:1,handleSelectBadge
FNDA:1,handleShareBadge
FNDA:1,handleShareApp
FNDA:10,formatDuration
FNDA:210,(anonymous_7)
FNDA:1,(anonymous_8)
FNDA:210,(anonymous_9)
FNDA:1,(anonymous_10)
FNDA:0,(anonymous_11)
FNDA:1,(anonymous_12)
FNDA:1,(anonymous_13)
DA:26,10
DA:27,10
DA:28,10
DA:30,10
DA:31,3
DA:35,5
DA:39,5
DA:40,5
DA:44,1
DA:45,1
DA:49,1
DA:50,1
DA:51,1
DA:53,1
DA:54,1
DA:62,1
DA:67,1
DA:68,1
DA:69,1
DA:70,1
DA:71,1
DA:72,1
DA:73,1
DA:77,0
DA:82,1
DA:83,1
DA:84,1
DA:85,1
DA:90,1
DA:95,1
DA:96,1
DA:97,1
DA:98,1
DA:99,1
DA:100,1
DA:101,1
DA:105,0
DA:110,10
DA:111,10
DA:112,10
DA:113,1
DA:115,9
DA:118,210
DA:120,10
DA:127,1
DA:207,210
DA:208,210
DA:213,1
DA:255,0
DA:261,1
DA:287,1
DA:311,2
LF:52
LH:49
BRDA:53,0,0,1
BRDA:53,0,1,0
BRDA:53,1,0,1
BRDA:53,1,1,1
BRDA:67,2,0,1
BRDA:67,2,1,0
BRDA:71,3,0,1
BRDA:71,3,1,0
BRDA:95,4,0,1
BRDA:95,4,1,0
BRDA:99,5,0,1
BRDA:99,5,1,0
BRDA:112,6,0,1
BRDA:112,6,1,9
BRDA:149,7,0,10
BRDA:149,7,1,5
BRDA:163,8,0,10
BRDA:163,8,1,5
BRDA:167,9,0,10
BRDA:167,9,1,5
BRDA:171,10,0,10
BRDA:171,10,1,7
BRDA:211,11,0,210
BRDA:211,11,1,203
BRDA:215,12,0,7
BRDA:215,12,1,203
BRDA:228,13,0,210
BRDA:228,13,1,203
BRDA:232,14,0,7
BRDA:232,14,1,203
BRDA:250,15,0,10
BRDA:250,15,1,3
BRDA:266,16,0,1
BRDA:266,16,1,2
BRDA:283,17,0,1
BRDA:283,17,1,2
BRF:36
BRH:31
end_of_record
TN:
SF:src/screens/CompletionScreen.tsx
FN:26,CompletionScreen
FN:37,(anonymous_1)
FN:40,formatTime
FN:47,(anonymous_3)
FN:49,playFanfare
FN:62,(anonymous_5)
FN:64,(anonymous_6)
FN:70,(anonymous_7)
FN:71,processCompletion
FN:90,handleShare
FN:96,(anonymous_10)
FN:114,(anonymous_11)
FN:138,(anonymous_12)
FN:148,handleShareBadge
FN:172,(anonymous_14)
FN:243,(anonymous_15)
FN:248,(anonymous_16)
FN:286,(anonymous_17)
FN:295,(anonymous_18)
FN:308,(anonymous_19)
FN:331,(anonymous_20)
FN:345,(anonymous_21)
FNF:22
FNH:20
FNDA:12,CompletionScreen
FNDA:24,(anonymous_1)
FNDA:13,formatTime
FNDA:4,(anonymous_3)
FNDA:4,playFanfare
FNDA:4,(anonymous_5)
FNDA:0,(anonymous_6)
FNDA:4,(anonymous_7)
FNDA:4,processCompletion
FNDA:1,handleShare
FNDA:2,(anonymous_10)
FNDA:2,(anonymous_11)
FNDA:1,(anonymous_12)
FNDA:1,handleShareBadge
FNDA:1,(anonymous_14)
FNDA:18,(anonymous_15)
FNDA:1,(anonymous_16)
FNDA:1,(anonymous_17)
FNDA:1,(anonymous_18)
FNDA:0,(anonymous_19)
FNDA:1,(anonymous_20)
FNDA:1,(anonymous_21)
DA:30,12
DA:32,12
DA:33,12
DA:34,12
DA:37,24
DA:41,13
DA:42,13
DA:43,13
DA:47,12
DA:48,4
DA:50,4
DA:51,4
DA:54,0
DA:55,0
DA:57,4
DA:60,4
DA:62,4
DA:63,4
DA:64,0
DA:70,12
DA:72,4
DA:73,4
DA:74,4
DA:76,4
DA:77,4
DA:78,4
DA:79,4
DA:80,4
DA:83,0
DA:86,4
DA:91,1
DA:92,1
DA:96,2
DA:104,1
DA:105,1
DA:107,1
DA:108,1
DA:110,1
DA:113,1
DA:114,2
DA:117,1
DA:128,1
DA:133,1
DA:134,1
DA:135,1
DA:136,1
DA:137,1
DA:138,1
DA:139,1
DA:140,1
DA:144,0
DA:149,1
DA:150,1
DA:151,1
DA:153,1
DA:154,1
DA:162,1
DA:167,1
DA:168,1
DA:169,1
DA:170,1
DA:171,1
DA:172,1
DA:173,1
DA:174,1
DA:178,0
DA:182,12
DA:244,18
DA:248,1
DA:286,1
DA:295,1
DA:308,0
DA:331,1
DA:345,1
DA:357,2
LF:75
LH:68
BRDA:43,0,0,0
BRDA:43,0,1,13
BRDA:63,1,0,0
BRDA:63,1,1,4
BRDA:76,2,0,4
BRDA:76,2,1,0
BRDA:110,3,0,1
BRDA:110,3,1,0
BRDA:110,4,0,1
BRDA:110,4,1,1
BRDA:113,5,0,1
BRDA:113,5,1,0
BRDA:133,6,0,1
BRDA:133,6,1,0
BRDA:136,7,0,1
BRDA:136,7,1,0
BRDA:153,8,0,1
BRDA:153,8,1,0
BRDA:153,9,0,1
BRDA:153,9,1,1
BRDA:167,10,0,1
BRDA:167,10,1,0
BRDA:170,11,0,1
BRDA:170,11,1,0
BRDA:214,12,0,12
BRDA:214,12,1,8
BRDA:214,12,2,8
BRDA:236,13,0,12
BRDA:236,13,1,8
BRDA:303,14,0,12
BRDA:303,14,1,7
BRF:31
BRH:21
end_of_record
TN:
SF:src/screens/CreateTimerScreen.tsx
FN:48,CreateTimerScreen
FN:78,(anonymous_1)
FN:83,(anonymous_2)
FN:102,(anonymous_3)
FN:121,(anonymous_4)
FN:124,scrollToCard
FN:133,handleSelectInterval
FN:139,addInterval
FN:150,(anonymous_8)
FN:156,updateSelectedInterval
FN:158,(anonymous_10)
FN:159,(anonymous_11)
FN:164,handlePickExercise
FN:180,duplicateSelectedInterval
FN:182,(anonymous_14)
FN:195,(anonymous_15)
FN:205,deleteSelectedInterval
FN:215,(anonymous_17)
FN:216,(anonymous_18)
FN:223,saveTimer
FN:249,(anonymous_20)
FN:251,(anonymous_21)
FN:267,startTimer
FN:278,(anonymous_23)
FN:297,deleteTimer
FN:309,(anonymous_25)
FN:314,(anonymous_26)
FN:328,handleCarouselScroll
FN:337,formatSeconds
FN:346,formatHHMMSS
FN:356,handleDurationChange
FN:369,handleDurationBlur
FN:375,(anonymous_32)
FN:386,(anonymous_33)
FN:396,(anonymous_34)
FN:438,(anonymous_35)
FN:439,(anonymous_36)
FN:442,(anonymous_37)
FN:478,(anonymous_38)
FN:503,(anonymous_39)
FN:511,(anonymous_40)
FN:546,(anonymous_41)
FN:563,(anonymous_42)
FN:575,(anonymous_43)
FN:596,(anonymous_44)
FN:601,(anonymous_45)
FN:635,(anonymous_46)
FN:646,(anonymous_47)
FN:659,(anonymous_48)
FN:664,(anonymous_49)
FN:674,(anonymous_50)
FN:689,(anonymous_51)
FNF:52
FNH:42
FNDA:40,CreateTimerScreen
FNDA:9,(anonymous_1)
FNDA:2,(anonymous_2)
FNDA:13,(anonymous_3)
FNDA:51,(anonymous_4)
FNDA:4,scrollToCard
FNDA:1,handleSelectInterval
FNDA:1,addInterval
FNDA:1,(anonymous_8)
FNDA:4,updateSelectedInterval
FNDA:4,(anonymous_10)
FNDA:8,(anonymous_11)
FNDA:1,handlePickExercise
FNDA:1,duplicateSelectedInterval
FNDA:3,(anonymous_14)
FNDA:1,(anonymous_15)
FNDA:4,deleteSelectedInterval
FNDA:9,(anonymous_17)
FNDA:9,(anonymous_18)
FNDA:3,saveTimer
FNDA:0,(anonymous_20)
FNDA:0,(anonymous_21)
FNDA:2,startTimer
FNDA:2,(anonymous_23)
FNDA:1,deleteTimer
FNDA:1,(anonymous_25)
FNDA:1,(anonymous_26)
FNDA:0,handleCarouselScroll
FNDA:78,formatSeconds
FNDA:40,formatHHMMSS
FNDA:1,handleDurationChange
FNDA:1,handleDurationBlur
FNDA:78,(anonymous_32)
FNDA:1,(anonymous_33)
FNDA:1,(anonymous_34)
FNDA:96,(anonymous_35)
FNDA:0,(anonymous_36)
FNDA:0,(anonymous_37)
FNDA:0,(anonymous_38)
FNDA:1,(anonymous_39)
FNDA:1,(anonymous_40)
FNDA:0,(anonymous_41)
FNDA:1,(anonymous_42)
FNDA:1,(anonymous_43)
FNDA:280,(anonymous_44)
FNDA:1,(anonymous_45)
FNDA:0,(anonymous_46)
FNDA:1,(anonymous_47)
FNDA:0,(anonymous_48)
FNDA:0,(anonymous_49)
FNDA:1,(anonymous_50)
FNDA:1,(anonymous_51)
DA:37,2
DA:38,2
DA:52,40
DA:53,40
DA:54,40
DA:55,40
DA:56,40
DA:57,40
DA:58,40
DA:59,40
DA:60,40
DA:61,40
DA:62,40
DA:64,40
DA:65,40
DA:68,40
DA:69,40
DA:70,40
DA:71,40
DA:75,40
DA:78,40
DA:79,9
DA:80,2
DA:81,2
DA:82,2
DA:83,2
DA:84,2
DA:85,2
DA:86,2
DA:89,7
DA:90,7
DA:91,7
DA:92,7
DA:96,7
DA:97,7
DA:102,40
DA:103,13
DA:104,13
DA:105,13
DA:106,13
DA:111,40
DA:112,40
DA:113,40
DA:115,40
DA:121,51
DA:125,4
DA:126,0
DA:128,4
DA:129,4
DA:134,1
DA:135,1
DA:140,1
DA:146,1
DA:147,1
DA:148,1
DA:149,1
DA:150,1
DA:151,1
DA:157,4
DA:158,4
DA:159,8
DA:165,1
DA:172,1
DA:181,1
DA:182,3
DA:183,1
DA:184,1
DA:191,1
DA:192,1
DA:193,1
DA:194,1
DA:195,1
DA:196,1
DA:197,1
DA:199,1
DA:206,4
DA:207,1
DA:213,1
DA:215,9
DA:216,9
DA:217,3
DA:218,3
DA:219,3
DA:224,3
DA:225,1
DA:231,1
DA:234,2
DA:235,2
DA:236,2
DA:238,2
DA:247,2
DA:249,1
DA:251,1
DA:252,1
DA:256,1
DA:259,2
DA:260,2
DA:262,0
DA:268,2
DA:269,1
DA:275,1
DA:278,2
DA:284,1
DA:298,1
DA:300,1
DA:310,1
DA:311,1
DA:312,1
DA:313,1
DA:314,1
DA:315,1
DA:317,1
DA:319,0
DA:329,0
DA:330,0
DA:331,0
DA:332,0
DA:338,78
DA:339,78
DA:340,78
DA:341,0
DA:343,78
DA:347,40
DA:348,40
DA:349,40
DA:350,40
DA:351,40
DA:352,40
DA:353,40
DA:357,1
DA:358,1
DA:360,1
DA:361,1
DA:362,1
DA:363,1
DA:365,1
DA:366,1
DA:370,1
DA:371,0
DA:375,40
DA:380,78
DA:382,78
DA:386,1
DA:397,1
DA:398,1
DA:419,40
DA:438,96
DA:440,0
DA:443,0
DA:479,0
DA:480,0
DA:481,0
DA:503,1
DA:511,1
DA:547,0
DA:548,0
DA:549,0
DA:563,1
DA:575,1
DA:597,280
DA:598,280
DA:601,1
DA:636,0
DA:637,0
DA:638,0
DA:646,1
DA:659,0
DA:664,0
DA:674,1
DA:689,1
DA:696,2
LF:171
LH:149
BRDA:65,0,0,40
BRDA:65,0,1,6
BRDA:65,0,2,2
BRDA:79,1,0,2
BRDA:79,1,1,7
BRDA:82,2,0,2
BRDA:82,2,1,2
BRDA:85,3,0,2
BRDA:85,3,1,0
BRDA:103,4,0,13
BRDA:103,4,1,4
BRDA:103,4,2,2
BRDA:104,5,0,2
BRDA:104,5,1,11
BRDA:107,6,0,4
BRDA:107,6,1,9
BRDA:121,7,0,40
BRDA:121,7,1,0
BRDA:125,8,0,0
BRDA:125,8,1,4
BRDA:125,9,0,4
BRDA:125,9,1,4
BRDA:157,10,0,0
BRDA:157,10,1,4
BRDA:159,11,0,4
BRDA:159,11,1,4
BRDA:175,12,0,1
BRDA:175,12,1,0
BRDA:175,12,2,0
BRDA:181,13,0,0
BRDA:181,13,1,1
BRDA:183,14,0,0
BRDA:183,14,1,1
BRDA:206,15,0,1
BRDA:206,15,1,3
BRDA:224,16,0,1
BRDA:224,16,1,2
BRDA:236,17,0,0
BRDA:236,17,1,2
BRDA:239,18,0,2
BRDA:239,18,1,1
BRDA:243,19,0,2
BRDA:243,19,1,2
BRDA:244,20,0,1
BRDA:244,20,1,1
BRDA:247,21,0,1
BRDA:247,21,1,1
BRDA:249,22,0,0
BRDA:249,22,1,0
BRDA:251,23,0,1
BRDA:251,23,1,0
BRDA:268,24,0,1
BRDA:268,24,1,1
BRDA:286,25,0,1
BRDA:286,25,1,1
BRDA:291,26,0,0
BRDA:291,26,1,1
BRDA:298,27,0,0
BRDA:298,27,1,1
BRDA:312,28,0,1
BRDA:312,28,1,0
BRDA:331,29,0,0
BRDA:331,29,1,0
BRDA:331,30,0,0
BRDA:331,30,1,0
BRDA:331,30,2,0
BRDA:340,31,0,0
BRDA:340,31,1,78
BRDA:341,32,0,0
BRDA:341,32,1,0
BRDA:358,33,0,0
BRDA:358,33,1,1
BRDA:370,34,0,0
BRDA:370,34,1,1
BRDA:370,35,0,1
BRDA:370,35,1,1
BRDA:389,36,0,78
BRDA:389,36,1,40
BRDA:390,37,0,78
BRDA:390,37,1,0
BRDA:406,38,0,0
BRDA:406,38,1,78
BRDA:421,39,0,40
BRDA:421,39,1,0
BRDA:423,40,0,40
BRDA:423,40,1,0
BRDA:426,41,0,40
BRDA:426,41,1,2
BRDA:480,42,0,0
BRDA:480,42,1,0
BRDA:480,43,0,0
BRDA:480,43,1,0
BRDA:523,44,0,40
BRDA:523,44,1,6
BRDA:523,44,2,4
BRDA:530,45,0,2
BRDA:530,45,1,38
BRDA:548,46,0,0
BRDA:548,46,1,0
BRDA:548,47,0,0
BRDA:548,47,1,0
BRDA:555,48,0,40
BRDA:555,48,1,0
BRDA:605,49,0,280
BRDA:605,49,1,40
BRDA:608,50,0,280
BRDA:608,50,1,40
BRDA:637,51,0,0
BRDA:637,51,1,0
BRDA:637,52,0,0
BRDA:637,52,1,0
BRDA:644,53,0,8
BRDA:644,53,1,32
BRDA:660,54,0,32
BRDA:660,54,1,8
BRDA:665,55,0,8
BRDA:665,55,1,32
BRDA:672,56,0,32
BRDA:672,56,1,8
BRF:119
BRH:77
end_of_record
TN:
SF:src/screens/GenerateTimerScreen.tsx
FN:20,GenerateTimerScreen
FN:30,handleGenerate
FN:33,(anonymous_2)
FN:64,(anonymous_3)
FN:73,(anonymous_4)
FN:82,(anonymous_5)
FN:95,(anonymous_6)
FN:104,(anonymous_7)
FN:113,(anonymous_8)
FN:122,(anonymous_9)
FN:131,(anonymous_10)
FN:140,(anonymous_11)
FN:153,(anonymous_12)
FN:162,(anonymous_13)
FN:171,(anonymous_14)
FNF:15
FNH:15
FNDA:16,GenerateTimerScreen
FNDA:1,handleGenerate
FNDA:1,(anonymous_2)
FNDA:1,(anonymous_3)
FNDA:1,(anonymous_4)
FNDA:1,(anonymous_5)
FNDA:1,(anonymous_6)
FNDA:1,(anonymous_7)
FNDA:1,(anonymous_8)
FNDA:1,(anonymous_9)
FNDA:1,(anonymous_10)
FNDA:1,(anonymous_11)
FNDA:1,(anonymous_12)
FNDA:1,(anonymous_13)
FNDA:1,(anonymous_14)
DA:24,16
DA:25,16
DA:26,16
DA:27,16
DA:31,1
DA:33,1
DA:34,1
DA:35,1
DA:37,1
DA:41,16
DA:42,1
DA:53,15
DA:64,1
DA:73,1
DA:82,1
DA:95,1
DA:104,1
DA:113,1
DA:122,1
DA:131,1
DA:140,1
DA:153,1
DA:162,1
DA:171,1
DA:199,2
LF:25
LH:25
BRDA:41,0,0,1
BRDA:41,0,1,15
BRDA:63,1,0,15
BRDA:63,1,1,13
BRDA:66,2,0,15
BRDA:66,2,1,13
BRDA:72,3,0,15
BRDA:72,3,1,1
BRDA:75,4,0,15
BRDA:75,4,1,1
BRDA:81,5,0,15
BRDA:81,5,1,1
BRDA:84,6,0,15
BRDA:84,6,1,1
BRDA:94,7,0,15
BRDA:94,7,1,6
BRDA:97,8,0,15
BRDA:97,8,1,6
BRDA:103,9,0,15
BRDA:103,9,1,1
BRDA:106,10,0,15
BRDA:106,10,1,1
BRDA:112,11,0,15
BRDA:112,11,1,1
BRDA:115,12,0,15
BRDA:115,12,1,1
BRDA:121,13,0,15
BRDA:121,13,1,1
BRDA:124,14,0,15
BRDA:124,14,1,1
BRDA:130,15,0,15
BRDA:130,15,1,1
BRDA:133,16,0,15
BRDA:133,16,1,1
BRDA:139,17,0,15
BRDA:139,17,1,5
BRDA:142,18,0,15
BRDA:142,18,1,5
BRDA:152,19,0,15
BRDA:152,19,1,13
BRDA:155,20,0,15
BRDA:155,20,1,13
BRDA:161,21,0,15
BRDA:161,21,1,1
BRDA:164,22,0,15
BRDA:164,22,1,1
BRDA:170,23,0,15
BRDA:170,23,1,1
BRDA:173,24,0,15
BRDA:173,24,1,1
BRF:50
BRH:50
end_of_record
TN:
SF:src/screens/NotFoundScreen.tsx
FN:9,NotFoundScreen
FN:16,(anonymous_1)
FNF:2
FNH:2
FNDA:1,NotFoundScreen
FNDA:1,(anonymous_1)
DA:12,1
DA:16,1
DA:25,2
LF:3
LH:3
BRF:0
BRH:0
end_of_record
TN:
SF:src/screens/SelectTimerScreen.tsx
FN:38,SelectTimerScreen
FN:50,(anonymous_1)
FN:57,loadTimers
FN:65,(anonymous_3)
FN:72,(anonymous_4)
FN:74,(anonymous_5)
FN:85,calculateTotalDuration
FN:87,(anonymous_7)
FN:93,formatTime
FN:102,handleShareTimer
FN:108,(anonymous_10)
FN:146,(anonymous_11)
FN:155,(anonymous_12)
FN:159,(anonymous_13)
FN:200,(anonymous_14)
FN:208,(anonymous_15)
FN:239,(anonymous_16)
FN:240,(anonymous_17)
FN:243,(anonymous_18)
FN:252,(anonymous_19)
FN:255,(anonymous_20)
FN:262,(anonymous_21)
FN:270,(anonymous_22)
FN:285,(anonymous_23)
FN:324,(anonymous_24)
FN:333,(anonymous_25)
FNF:26
FNH:21
FNDA:20,SelectTimerScreen
FNDA:9,(anonymous_1)
FNDA:9,loadTimers
FNDA:48,(anonymous_3)
FNDA:1,(anonymous_4)
FNDA:1,(anonymous_5)
FNDA:49,calculateTotalDuration
FNDA:526,(anonymous_7)
FNDA:49,formatTime
FNDA:2,handleShareTimer
FNDA:11,(anonymous_10)
FNDA:47,(anonymous_11)
FNDA:1,(anonymous_12)
FNDA:1,(anonymous_13)
FNDA:2,(anonymous_14)
FNDA:1,(anonymous_15)
FNDA:56,(anonymous_16)
FNDA:0,(anonymous_17)
FNDA:0,(anonymous_18)
FNDA:0,(anonymous_19)
FNDA:1,(anonymous_20)
FNDA:0,(anonymous_21)
FNDA:0,(anonymous_22)
FNDA:1,(anonymous_23)
FNDA:1,(anonymous_24)
FNDA:1,(anonymous_25)
DA:35,2
DA:36,2
DA:41,20
DA:42,20
DA:43,20
DA:44,20
DA:45,20
DA:46,20
DA:47,20
DA:48,20
DA:50,20
DA:51,9
DA:52,9
DA:53,9
DA:58,9
DA:59,9
DA:60,9
DA:61,9
DA:63,8
DA:64,8
DA:65,48
DA:66,8
DA:69,1
DA:70,1
DA:71,1
DA:72,1
DA:74,1
DA:76,1
DA:79,0
DA:81,9
DA:86,49
DA:87,526
DA:90,49
DA:94,49
DA:95,49
DA:96,49
DA:97,46
DA:99,3
DA:103,2
DA:104,2
DA:108,11
DA:116,2
DA:117,2
DA:119,2
DA:120,2
DA:122,2
DA:123,2
DA:132,2
DA:137,1
DA:138,1
DA:139,1
DA:142,1
DA:146,20
DA:147,47
DA:155,1
DA:160,1
DA:161,1
DA:200,2
DA:208,1
DA:218,20
DA:239,56
DA:241,0
DA:244,0
DA:245,0
DA:253,0
DA:256,1
DA:257,1
DA:258,1
DA:259,1
DA:260,1
DA:263,0
DA:270,0
DA:285,1
DA:324,1
DA:333,1
DA:350,2
LF:76
LH:69
BRDA:51,0,0,9
BRDA:51,0,1,0
BRDA:61,1,0,8
BRDA:61,1,1,1
BRDA:70,2,0,1
BRDA:70,2,1,0
BRDA:96,3,0,46
BRDA:96,3,1,3
BRDA:97,4,0,9
BRDA:97,4,1,37
BRDA:137,5,0,1
BRDA:137,5,1,0
BRDA:151,6,0,47
BRDA:151,6,1,0
BRDA:169,7,0,0
BRDA:169,7,1,47
BRDA:176,8,0,47
BRDA:176,8,1,45
BRDA:222,9,0,9
BRDA:222,9,1,11
BRDA:226,10,0,0
BRDA:226,10,1,11
BRDA:273,11,0,1
BRDA:273,11,1,19
BRDA:287,12,0,0
BRDA:287,12,1,20
BRDA:287,13,0,20
BRDA:287,13,1,11
BRDA:301,14,0,20
BRDA:301,14,1,1
BRDA:316,15,0,1
BRDA:316,15,1,19
BRF:32
BRH:25
end_of_record
TN:
SF:src/screens/TimerScreen.tsx
FN:14,TimerScreen
FN:44,loadSounds
FN:55,unloadSounds
FN:57,(anonymous_3)
FN:62,playBeep
FN:64,(anonymous_5)
FN:68,startProgressAnim
FN:80,(anonymous_7)
FN:83,(anonymous_8)
FN:105,(anonymous_9)
FN:111,(anonymous_10)
FN:118,startCountDown
FN:122,(anonymous_12)
FN:127,(anonymous_13)
FN:165,togglePlayPause
FN:178,askToCloseWorkout
FN:192,(anonymous_16)
FN:204,(anonymous_17)
FNF:18
FNH:16
FNDA:15,TimerScreen
FNDA:4,loadSounds
FNDA:4,unloadSounds
FNDA:0,(anonymous_3)
FNDA:8,playBeep
FNDA:0,(anonymous_5)
FNDA:8,startProgressAnim
FNDA:4,(anonymous_7)
FNDA:12,(anonymous_8)
FNDA:4,(anonymous_9)
FNDA:4,(anonymous_10)
FNDA:4,startCountDown
FNDA:60,(anonymous_12)
FNDA:60,(anonymous_13)
FNDA:2,togglePlayPause
FNDA:2,askToCloseWorkout
FNDA:1,(anonymous_16)
FNDA:1,(anonymous_17)
DA:18,15
DA:19,15
DA:22,15
DA:25,15
DA:28,15
DA:29,15
DA:30,15
DA:31,15
DA:32,15
DA:33,15
DA:34,15
DA:37,15
DA:38,15
DA:39,15
DA:40,15
DA:42,15
DA:45,4
DA:46,4
DA:49,4
DA:51,0
DA:56,4
DA:57,4
DA:58,4
DA:63,8
DA:64,4
DA:69,8
DA:70,8
DA:71,8
DA:80,15
DA:81,4
DA:82,4
DA:83,7
DA:84,12
DA:92,4
DA:93,4
DA:95,4
DA:96,3
DA:97,3
DA:98,3
DA:99,3
DA:100,3
DA:101,3
DA:102,3
DA:105,4
DA:106,4
DA:108,4
DA:109,4
DA:111,4
DA:112,4
DA:113,4
DA:114,4
DA:119,4
DA:120,4
DA:122,4
DA:123,60
DA:125,60
DA:126,60
DA:127,60
DA:129,60
DA:131,4
DA:132,4
DA:133,4
DA:135,1
DA:136,1
DA:137,1
DA:139,3
DA:140,3
DA:141,3
DA:142,3
DA:143,3
DA:144,3
DA:145,3
DA:146,3
DA:147,3
DA:148,3
DA:155,15
DA:161,15
DA:162,9
DA:166,2
DA:167,2
DA:168,2
DA:169,2
DA:170,1
DA:172,1
DA:173,1
DA:174,1
DA:179,2
DA:180,2
DA:181,2
DA:182,2
DA:184,2
DA:193,1
DA:194,1
DA:195,1
DA:196,1
DA:197,1
DA:205,1
DA:206,1
DA:207,1
DA:214,15
DA:215,5
DA:223,10
DA:285,2
LF:103
LH:102
BRDA:56,0,0,4
BRDA:56,0,1,0
BRDA:63,1,0,4
BRDA:63,1,1,4
BRDA:68,2,0,0
BRDA:95,3,0,3
BRDA:95,3,1,1
BRDA:123,4,0,0
BRDA:123,4,1,60
BRDA:127,5,0,6
BRDA:127,5,1,54
BRDA:129,6,0,4
BRDA:129,6,1,56
BRDA:133,7,0,1
BRDA:133,7,1,3
BRDA:142,8,0,3
BRDA:142,8,1,0
BRDA:145,9,0,3
BRDA:145,9,1,0
BRDA:155,10,0,10
BRDA:155,10,1,5
BRDA:161,11,0,9
BRDA:161,11,1,6
BRDA:169,12,0,1
BRDA:169,12,1,1
BRDA:173,13,0,1
BRDA:173,13,1,0
BRDA:195,14,0,1
BRDA:195,14,1,0
BRDA:196,15,0,1
BRDA:196,15,1,0
BRDA:214,16,0,5
BRDA:214,16,1,10
BRDA:261,17,0,10
BRDA:261,17,1,9
BRDA:275,18,0,4
BRDA:275,18,1,6
BRF:37
BRH:29
end_of_record
TN:
SF:src/services/badgeService.ts
FN:26,getFormattedDate
FN:33,getYesterdayFormattedDate
FN:39,getUserStats
FN:50,saveUserStats
FN:58,getBadgeTimestamps
FN:68,saveBadgeTimestamps
FN:76,recordWorkoutCompletion
FN:125,checkAndUnlock
FN:128,(anonymous_8)
FN:182,recordShare
FN:215,checkAndUnlock
FN:218,(anonymous_11)
FN:253,getAllBadgesWithStatus
FN:258,(anonymous_13)
FNF:14
FNH:14
FNDA:18,getFormattedDate
FNDA:9,getYesterdayFormattedDate
FNDA:39,getUserStats
FNDA:26,saveUserStats
FNDA:23,getBadgeTimestamps
FNDA:17,saveBadgeTimestamps
FNDA:9,recordWorkoutCompletion
FNDA:189,checkAndUnlock
FNDA:393,(anonymous_8)
FNDA:8,recordShare
FNDA:72,checkAndUnlock
FNDA:195,(anonymous_11)
FNDA:6,getAllBadgesWithStatus
FNDA:180,(anonymous_13)
DA:6,5
DA:7,5
DA:9,5
DA:27,18
DA:28,18
DA:29,18
DA:30,18
DA:34,9
DA:35,9
DA:36,9
DA:40,39
DA:41,39
DA:42,39
DA:43,19
DA:45,0
DA:46,0
DA:51,26
DA:52,26
DA:54,0
DA:59,23
DA:60,23
DA:61,23
DA:62,6
DA:64,0
DA:69,17
DA:70,17
DA:72,0
DA:80,9
DA:81,9
DA:82,9
DA:83,9
DA:84,9
DA:85,9
DA:86,9
DA:89,9
DA:90,9
DA:91,9
DA:93,9
DA:95,8
DA:96,2
DA:98,6
DA:102,9
DA:103,0
DA:104,9
DA:105,0
DA:108,9
DA:109,0
DA:110,0
DA:114,9
DA:115,9
DA:116,9
DA:117,9
DA:118,9
DA:119,9
DA:121,9
DA:122,9
DA:126,189
DA:127,33
DA:128,393
DA:129,33
DA:130,33
DA:131,33
DA:137,9
DA:138,9
DA:139,9
DA:140,9
DA:141,9
DA:142,9
DA:143,9
DA:144,9
DA:145,9
DA:146,9
DA:147,9
DA:148,9
DA:149,9
DA:150,9
DA:151,9
DA:152,9
DA:153,9
DA:154,9
DA:155,9
DA:156,9
DA:157,9
DA:159,9
DA:174,9
DA:175,9
DA:176,9
DA:179,9
DA:185,8
DA:186,8
DA:188,8
DA:189,8
DA:190,8
DA:192,8
DA:193,8
DA:200,1
DA:202,8
DA:208,1
DA:212,8
DA:213,8
DA:216,72
DA:217,9
DA:218,195
DA:219,9
DA:220,9
DA:221,9
DA:227,8
DA:228,8
DA:229,8
DA:230,8
DA:231,8
DA:232,8
DA:233,8
DA:234,8
DA:235,8
DA:237,8
DA:245,8
DA:246,8
DA:247,8
DA:250,8
DA:254,6
DA:255,6
DA:256,6
DA:258,180
LF:124
LH:115
BRDA:26,0,0,0
BRDA:42,1,0,20
BRDA:42,1,1,19
BRDA:61,2,0,17
BRDA:61,2,1,6
BRDA:93,3,0,1
BRDA:93,3,1,8
BRDA:95,4,0,2
BRDA:95,4,1,6
BRDA:102,5,0,0
BRDA:102,5,1,9
BRDA:104,6,0,0
BRDA:104,6,1,9
BRDA:108,7,0,0
BRDA:108,7,1,9
BRDA:118,8,0,9
BRDA:118,8,1,1
BRDA:119,9,0,1
BRDA:119,9,1,8
BRDA:121,10,0,9
BRDA:121,10,1,0
BRDA:126,11,0,33
BRDA:126,11,1,156
BRDA:126,12,0,189
BRDA:126,12,1,37
BRDA:129,13,0,33
BRDA:129,13,1,0
BRDA:149,14,0,9
BRDA:149,14,1,1
BRDA:175,15,0,9
BRDA:175,15,1,0
BRDA:188,16,0,8
BRDA:188,16,1,6
BRDA:192,17,0,8
BRDA:192,17,1,1
BRDA:193,18,0,1
BRDA:193,18,1,7
BRDA:194,19,0,8
BRDA:194,19,1,7
BRDA:194,19,2,7
BRDA:194,19,3,7
BRDA:194,19,4,7
BRDA:202,20,0,1
BRDA:202,20,1,7
BRDA:203,21,0,8
BRDA:203,21,1,7
BRDA:203,21,2,7
BRDA:203,21,3,7
BRDA:212,22,0,8
BRDA:212,22,1,0
BRDA:216,23,0,9
BRDA:216,23,1,63
BRDA:216,24,0,72
BRDA:216,24,1,14
BRDA:219,25,0,9
BRDA:219,25,1,0
BRDA:246,26,0,8
BRDA:246,26,1,0
BRDA:256,27,0,6
BRDA:256,27,1,0
BRDA:260,28,0,6
BRDA:260,28,1,174
BRDA:260,29,0,6
BRDA:260,29,1,4
BRF:64
BRH:53
end_of_record
TN:
SF:src/services/timerGenerator.ts
FN:17,generateWorkout
FN:49,(anonymous_1)
FN:54,(anonymous_2)
FN:61,(anonymous_3)
FN:62,(anonymous_4)
FN:64,(anonymous_5)
FN:72,(anonymous_6)
FN:91,(anonymous_7)
FNF:8
FNH:6
FNDA:7,generateWorkout
FNDA:1190,(anonymous_1)
FNDA:0,(anonymous_2)
FNDA:210,(anonymous_3)
FNDA:40,(anonymous_4)
FNDA:78,(anonymous_5)
FNDA:0,(anonymous_6)
FNDA:34,(anonymous_7)
DA:18,7
DA:21,7
DA:22,7
DA:23,7
DA:24,7
DA:26,7
DA:27,2
DA:28,2
DA:29,2
DA:30,2
DA:31,5
DA:32,2
DA:33,2
DA:34,2
DA:35,2
DA:39,7
DA:41,7
DA:43,4
DA:44,4
DA:46,4
DA:47,17
DA:48,17
DA:49,1190
DA:52,17
DA:54,0
DA:56,17
DA:57,17
DA:61,210
DA:62,40
DA:63,3
DA:64,78
DA:65,3
DA:67,3
DA:70,3
DA:71,0
DA:72,0
DA:73,0
DA:75,0
DA:76,0
DA:82,7
DA:83,7
DA:91,7
DA:92,34
DA:93,34
DA:102,34
DA:103,27
DA:113,7
DA:120,7
DA:129,7
DA:135,7
DA:142,7
LF:51
LH:45
BRDA:26,0,0,2
BRDA:26,0,1,5
BRDA:31,1,0,2
BRDA:31,1,1,3
BRDA:41,2,0,4
BRDA:41,2,1,3
BRDA:41,3,0,7
BRDA:41,3,1,6
BRDA:41,3,2,5
BRDA:49,4,0,1190
BRDA:49,4,1,220
BRDA:49,4,2,220
BRDA:49,4,3,121
BRDA:49,4,4,85
BRDA:52,5,0,17
BRDA:52,5,1,0
BRDA:54,6,0,0
BRDA:54,6,1,0
BRDA:63,7,0,1
BRDA:63,7,1,2
BRDA:72,8,0,0
BRDA:72,8,1,0
BRDA:97,9,0,34
BRDA:97,9,1,0
BRDA:102,10,0,27
BRDA:102,10,1,7
BRF:26
BRH:20
end_of_record
TN:
SF:src/utils/base64.ts
FN:3,(anonymous_0)
FN:23,(anonymous_1)
FNF:2
FNH:2
FNDA:11,(anonymous_0)
FNDA:9,(anonymous_1)
DA:1,4
DA:3,4
DA:5,11
DA:6,11
DA:7,11
DA:8,11
DA:9,370
DA:10,370
DA:11,370
DA:13,370
DA:14,370
DA:15,370
DA:16,370
DA:18,370
DA:20,11
DA:23,4
DA:24,9
DA:25,9
DA:27,9
DA:28,9
DA:29,52
DA:30,52
DA:31,52
DA:32,52
DA:34,52
DA:35,52
DA:36,52
DA:38,52
DA:39,52
DA:40,52
DA:43,9
DA:44,9
DA:46,1
LF:33
LH:33
BRDA:10,0,0,367
BRDA:10,0,1,3
BRDA:11,1,0,364
BRDA:11,1,1,6
BRDA:14,2,0,3
BRDA:14,2,1,367
BRDA:15,3,0,3
BRDA:15,3,1,367
BRDA:15,4,0,3
BRDA:15,4,1,364
BRDA:16,5,0,6
BRDA:16,5,1,364
BRDA:29,6,0,52
BRDA:29,6,1,0
BRDA:30,7,0,52
BRDA:30,7,1,1
BRDA:31,8,0,52
BRDA:31,8,1,1
BRDA:32,9,0,52
BRDA:32,9,1,1
BRDA:39,10,0,49
BRDA:39,10,1,3
BRDA:39,11,0,52
BRDA:39,11,1,49
BRDA:40,12,0,47
BRDA:40,12,1,5
BRDA:40,13,0,52
BRDA:40,13,1,47
BRF:28
BRH:27
end_of_record
